14:51:55 scenario.file.loc[Ljava.lang.String;@df27fae
14:51:55 loading BDD file: scenarios/smoketestadv.bdd
14:51:55 total test found: 1
14:51:56 

Executing scenario: FoodTestCasesAdv - verify Test Food Receipe Title
14:51:56 Test Data{searchtext=null, expectedlink=RECIPES, __index=1}
14:51:56 pkg: com.qmetry.qaf.automation.step
14:51:56 pkg: com.qmetry.qaf.example
14:51:56 Found duplicate step to load [] with [lower] prority then []
14:51:56 Invoking Teststep: Given get '/' with arguments: [/]
14:52:07 Completed Teststep: Given get '/' with arguments: [/]
14:52:07 Invoking Teststep: When navigate to recipe page
14:52:08 Invoking Teststep: click on {loc} with arguments: [recipeLink.click]
14:52:08 Completed Teststep: click on {loc} with arguments: [recipeLink.click]
14:52:08 Completed Teststep: When navigate to recipe page
14:52:08 
/**
* Auto-generated code snippet by QMetry Automation Framework.
*/
@QAFTestStep(description="verify text is {0}")
public void verifyTextIs(String str0){
	//TODO: remove NotYetImplementedException and call test steps
	throw new NotYetImplementedException();
}
14:52:08 Competed scenario: FoodTestCasesAdv with status FAILURE
14:58:41 scenario.file.loc[Ljava.lang.String;@df27fae
14:58:41 loading BDD file: scenarios/smoketestadv.bdd
14:58:41 total test found: 1
14:59:21 scenario.file.loc[Ljava.lang.String;@df27fae
14:59:21 loading BDD file: scenarios/smoketestadv.bdd
14:59:21 total test found: 1
15:00:03 scenario.file.loc[Ljava.lang.String;@df27fae
15:00:03 loading BDD file: scenarios/smoketestadv.bdd
15:00:03 total test found: 1
15:02:18 scenario.file.loc[Ljava.lang.String;@4d1b0d2a
15:02:18 loading BDD file: C:\Users\vaidh\eclipse-workspace\foodautomationadv\.\scenarios\smoketest.bdd
15:02:18 Excluded SCENARIO - verify Test Food Receipe Title:null
15:02:18 Excluded SCENARIO - verify Invalid Search:null
15:02:18 loading BDD file: C:\Users\vaidh\eclipse-workspace\foodautomationadv\.\scenarios\smoketestadv.bdd
15:02:18 loading BDD file: C:\Users\vaidh\eclipse-workspace\foodautomationadv\.\scenarios\suite1.bdd
15:02:18 Excluded SCENARIO - verify Save Recipe Action for Guest User:null
15:02:18 loading BDD file: C:\Users\vaidh\eclipse-workspace\foodautomationadv\.\scenarios\suite2.bdd
15:02:18 total test found: 11
15:02:19 

Executing scenario: SampleTest - Sample Test Scenario
15:02:19 Test Data{searchtext=null, expectedlink=RECIPES, __index=1}
15:02:19 pkg: com.qmetry.qaf.automation.step
15:02:19 pkg: com.qmetry.qaf.example
15:02:19 Found duplicate step to load [] with [lower] prority then []
15:02:19 Invoking Teststep: Given get '/' with arguments: [/]
15:02:32 Completed Teststep: Given get '/' with arguments: [/]
15:02:32 Invoking Teststep: When search for '${searchtext}' with arguments: [${searchtext}]
15:02:32 Invoking Teststep: sendKeys {text} into {loc} with arguments: [null?, input.search]
15:03:02 Failure Teststep: sendKeys {text} into {loc} with arguments: [null?, input.search]
com.qmetry.qaf.automation.step.JavaStepReporter$JPThrowable: org.openqa.selenium.TimeoutException: Timed out after 30 seconds waiting for presence of element located by: By.id: search-input
	at com.qmetry.qaf.automation.step.JavaStepReporter$MockJavaStep.doExecute(JavaStepReporter.java:144)
	at com.qmetry.qaf.automation.step.BaseTestStep.execute(BaseTestStep.java:149)
	at com.qmetry.qaf.automation.step.JavaStepReporter.javaTestStep(JavaStepReporter.java:88)
	at com.qmetry.qaf.automation.step.CommonStep.sendKeys(CommonStep.java:118)
	at com.qmetry.qaf.example.steps.StepsLibrary.searchFor_aroundBody12(StepsLibrary.java:92)
	at com.qmetry.qaf.example.steps.StepsLibrary$AjcClosure13.run(StepsLibrary.java:1)
	at org.aspectj.runtime.reflect.JoinPointImpl.proceed(JoinPointImpl.java:149)
	at com.qmetry.qaf.automation.step.JavaStepReporter.javaTestStep(JavaStepReporter.java:101)
	at com.qmetry.qaf.example.steps.StepsLibrary.searchFor(StepsLibrary.java:91)
	at sun.reflect.NativeMethodAccessorImpl.invoke0(Native Method)
	at sun.reflect.NativeMethodAccessorImpl.invoke(NativeMethodAccessorImpl.java:62)
	at sun.reflect.DelegatingMethodAccessorImpl.invoke(DelegatingMethodAccessorImpl.java:43)
	at java.lang.reflect.Method.invoke(Method.java:498)
	at com.qmetry.qaf.automation.step.JavaStep.doExecute(JavaStep.java:153)
	at com.qmetry.qaf.automation.step.BaseTestStep.execute(BaseTestStep.java:149)
	at com.qmetry.qaf.automation.step.StringTestStep.execute(StringTestStep.java:134)
	at com.qmetry.qaf.automation.step.client.Scenario.execute(Scenario.java:180)
	at com.qmetry.qaf.automation.step.client.DataDrivenScenario.scenario(DataDrivenScenario.java:69)
	at sun.reflect.NativeMethodAccessorImpl.invoke0(Native Method)
	at sun.reflect.NativeMethodAccessorImpl.invoke(NativeMethodAccessorImpl.java:62)
	at sun.reflect.DelegatingMethodAccessorImpl.invoke(DelegatingMethodAccessorImpl.java:43)
	at java.lang.reflect.Method.invoke(Method.java:498)
	at org.testng.internal.MethodInvocationHelper.invokeMethod(MethodInvocationHelper.java:104)
	at org.testng.internal.Invoker.invokeMethod(Invoker.java:645)
	at org.testng.internal.Invoker.invokeTestMethod(Invoker.java:851)
	at org.testng.internal.Invoker.invokeTestMethods(Invoker.java:1177)
	at org.testng.internal.TestMethodWorker.invokeTestMethods(TestMethodWorker.java:129)
	at org.testng.internal.TestMethodWorker.run(TestMethodWorker.java:112)
	at java.util.concurrent.ThreadPoolExecutor.runWorker(ThreadPoolExecutor.java:1149)
	at java.util.concurrent.ThreadPoolExecutor$Worker.run(ThreadPoolExecutor.java:624)
	at java.lang.Thread.run(Thread.java:748)
Caused by: org.openqa.selenium.TimeoutException: Timed out after 30 seconds waiting for presence of element located by: By.id: search-input
	at com.qmetry.qaf.automation.ui.util.DynamicWait.until(DynamicWait.java:170)
	at com.qmetry.qaf.automation.ui.webdriver.QAFExtendedWebDriver.load(QAFExtendedWebDriver.java:215)
	at com.qmetry.qaf.automation.ui.webdriver.QAFExtendedWebElement.load(QAFExtendedWebElement.java:299)
	at com.qmetry.qaf.automation.ui.webdriver.QAFExtendedWebElement.execute(QAFExtendedWebElement.java:250)
	at org.openqa.selenium.remote.RemoteWebElement.sendKeys(RemoteWebElement.java:106)
	at com.qmetry.qaf.automation.step.CommonStep.sendKeys_aroundBody6(CommonStep.java:119)
	at com.qmetry.qaf.automation.step.CommonStep$AjcClosure7.run(CommonStep.java:1)
	at org.aspectj.runtime.reflect.JoinPointImpl.proceed(JoinPointImpl.java:149)
	at com.qmetry.qaf.automation.step.JavaStepReporter$MockJavaStep.doExecute(JavaStepReporter.java:138)
	... 30 more
Caused by: org.openqa.selenium.NoSuchElementException: no such element: Unable to locate element: {"method":"css selector","selector":"#search\-input"}
  (Session info: chrome=81.0.4044.138)
For documentation on this error, please visit: https://www.seleniumhq.org/exceptions/no_such_element.html
Build info: version: '3.141.59', revision: 'e82be7d358', time: '2018-11-14T08:17:03'
System info: host: 'VAIDHUSANTHU', ip: '192.168.0.56', os.name: 'Windows 10', os.arch: 'amd64', os.version: '10.0', java.version: '1.8.0_231'
Driver info: com.qmetry.qaf.automation.ui.webdriver.QAFExtendedWebDriver
Capabilities {acceptInsecureCerts: false, browserName: chrome, browserVersion: 81.0.4044.138, chrome: {chromedriverVersion: 81.0.4044.69 (6813546031a4b..., userDataDir: C:\Users\vaidh\AppData\Loca...}, goog:chromeOptions: {debuggerAddress: localhost:62749}, javascriptEnabled: true, networkConnectionEnabled: false, pageLoadStrategy: normal, platform: WINDOWS, platformName: WINDOWS, proxy: Proxy(), setWindowRect: true, strictFileInteractability: false, timeouts: {implicit: 0, pageLoad: 300000, script: 30000}, unhandledPromptBehavior: dismiss and notify, webauthn:virtualAuthenticators: true}
Session ID: d086ea6d3faf584b9526ce9877d2a7f9
*** Element info: {Using=id, value=search-input}
	at sun.reflect.GeneratedConstructorAccessor15.newInstance(Unknown Source)
	at sun.reflect.DelegatingConstructorAccessorImpl.newInstance(DelegatingConstructorAccessorImpl.java:45)
	at java.lang.reflect.Constructor.newInstance(Constructor.java:423)
	at org.openqa.selenium.remote.http.W3CHttpResponseCodec.createException(W3CHttpResponseCodec.java:187)
	at org.openqa.selenium.remote.http.W3CHttpResponseCodec.decode(W3CHttpResponseCodec.java:122)
	at org.openqa.selenium.remote.http.W3CHttpResponseCodec.decode(W3CHttpResponseCodec.java:49)
	at org.openqa.selenium.remote.HttpCommandExecutor.execute(HttpCommandExecutor.java:158)
	at org.openqa.selenium.remote.RemoteWebDriver.execute(RemoteWebDriver.java:552)
	at com.qmetry.qaf.automation.ui.webdriver.QAFExtendedWebDriver.execute(QAFExtendedWebDriver.java:235)
	at org.openqa.selenium.remote.RemoteWebDriver.findElement(RemoteWebDriver.java:323)
	at org.openqa.selenium.remote.RemoteWebDriver.findElementById(RemoteWebDriver.java:372)
	at com.qmetry.qaf.automation.ui.webdriver.QAFExtendedWebDriver.findElementById(QAFExtendedWebDriver.java:374)
	at com.qmetry.qaf.automation.ui.webdriver.QAFExtendedWebDriver.findElementById(QAFExtendedWebDriver.java:1)
	at org.openqa.selenium.By$ById.findElement(By.java:188)
	at org.openqa.selenium.remote.RemoteWebDriver.findElement(RemoteWebDriver.java:315)
	at com.qmetry.qaf.automation.ui.webdriver.QAFExtendedWebDriver.findElement(QAFExtendedWebDriver.java:170)
	at com.qmetry.qaf.automation.ui.webdriver.QAFExtendedWebDriver.findElement(QAFExtendedWebDriver.java:1)
	at org.openqa.selenium.support.ui.ExpectedConditions$6.apply(ExpectedConditions.java:182)
	at org.openqa.selenium.support.ui.ExpectedConditions$6.apply(ExpectedConditions.java:179)
	at com.qmetry.qaf.automation.ui.util.DynamicWait.until(DynamicWait.java:149)
	... 38 more
15:03:02 Completed Teststep: sendKeys {text} into {loc} with arguments: [null?, input.search]
15:03:02 Failure Teststep: When search for '${searchtext}' with arguments: [${searchtext}]
org.openqa.selenium.TimeoutException: Timed out after 30 seconds waiting for presence of element located by: By.id: search-input
	at com.qmetry.qaf.automation.ui.util.DynamicWait.until(DynamicWait.java:170)
	at com.qmetry.qaf.automation.ui.webdriver.QAFExtendedWebDriver.load(QAFExtendedWebDriver.java:215)
	at com.qmetry.qaf.automation.ui.webdriver.QAFExtendedWebElement.load(QAFExtendedWebElement.java:299)
	at com.qmetry.qaf.automation.ui.webdriver.QAFExtendedWebElement.execute(QAFExtendedWebElement.java:250)
	at org.openqa.selenium.remote.RemoteWebElement.sendKeys(RemoteWebElement.java:106)
	at com.qmetry.qaf.automation.step.CommonStep.sendKeys_aroundBody6(CommonStep.java:119)
	at com.qmetry.qaf.automation.step.CommonStep$AjcClosure7.run(CommonStep.java:1)
	at org.aspectj.runtime.reflect.JoinPointImpl.proceed(JoinPointImpl.java:149)
	at com.qmetry.qaf.automation.step.JavaStepReporter$MockJavaStep.doExecute(JavaStepReporter.java:138)
	at com.qmetry.qaf.automation.step.BaseTestStep.execute(BaseTestStep.java:149)
	at com.qmetry.qaf.automation.step.JavaStepReporter.javaTestStep(JavaStepReporter.java:88)
	at com.qmetry.qaf.automation.step.CommonStep.sendKeys(CommonStep.java:118)
	at com.qmetry.qaf.example.steps.StepsLibrary.searchFor_aroundBody12(StepsLibrary.java:92)
	at com.qmetry.qaf.example.steps.StepsLibrary$AjcClosure13.run(StepsLibrary.java:1)
	at org.aspectj.runtime.reflect.JoinPointImpl.proceed(JoinPointImpl.java:149)
	at com.qmetry.qaf.automation.step.JavaStepReporter.javaTestStep(JavaStepReporter.java:101)
	at com.qmetry.qaf.example.steps.StepsLibrary.searchFor(StepsLibrary.java:91)
	at sun.reflect.NativeMethodAccessorImpl.invoke0(Native Method)
	at sun.reflect.NativeMethodAccessorImpl.invoke(NativeMethodAccessorImpl.java:62)
	at sun.reflect.DelegatingMethodAccessorImpl.invoke(DelegatingMethodAccessorImpl.java:43)
	at java.lang.reflect.Method.invoke(Method.java:498)
	at com.qmetry.qaf.automation.step.JavaStep.doExecute(JavaStep.java:153)
	at com.qmetry.qaf.automation.step.BaseTestStep.execute(BaseTestStep.java:149)
	at com.qmetry.qaf.automation.step.StringTestStep.execute(StringTestStep.java:134)
	at com.qmetry.qaf.automation.step.client.Scenario.execute(Scenario.java:180)
	at com.qmetry.qaf.automation.step.client.DataDrivenScenario.scenario(DataDrivenScenario.java:69)
	at sun.reflect.NativeMethodAccessorImpl.invoke0(Native Method)
	at sun.reflect.NativeMethodAccessorImpl.invoke(NativeMethodAccessorImpl.java:62)
	at sun.reflect.DelegatingMethodAccessorImpl.invoke(DelegatingMethodAccessorImpl.java:43)
	at java.lang.reflect.Method.invoke(Method.java:498)
	at org.testng.internal.MethodInvocationHelper.invokeMethod(MethodInvocationHelper.java:104)
	at org.testng.internal.Invoker.invokeMethod(Invoker.java:645)
	at org.testng.internal.Invoker.invokeTestMethod(Invoker.java:851)
	at org.testng.internal.Invoker.invokeTestMethods(Invoker.java:1177)
	at org.testng.internal.TestMethodWorker.invokeTestMethods(TestMethodWorker.java:129)
	at org.testng.internal.TestMethodWorker.run(TestMethodWorker.java:112)
	at java.util.concurrent.ThreadPoolExecutor.runWorker(ThreadPoolExecutor.java:1149)
	at java.util.concurrent.ThreadPoolExecutor$Worker.run(ThreadPoolExecutor.java:624)
	at java.lang.Thread.run(Thread.java:748)
Caused by: org.openqa.selenium.NoSuchElementException: no such element: Unable to locate element: {"method":"css selector","selector":"#search\-input"}
  (Session info: chrome=81.0.4044.138)
For documentation on this error, please visit: https://www.seleniumhq.org/exceptions/no_such_element.html
Build info: version: '3.141.59', revision: 'e82be7d358', time: '2018-11-14T08:17:03'
System info: host: 'VAIDHUSANTHU', ip: '192.168.0.56', os.name: 'Windows 10', os.arch: 'amd64', os.version: '10.0', java.version: '1.8.0_231'
Driver info: com.qmetry.qaf.automation.ui.webdriver.QAFExtendedWebDriver
Capabilities {acceptInsecureCerts: false, browserName: chrome, browserVersion: 81.0.4044.138, chrome: {chromedriverVersion: 81.0.4044.69 (6813546031a4b..., userDataDir: C:\Users\vaidh\AppData\Loca...}, goog:chromeOptions: {debuggerAddress: localhost:62749}, javascriptEnabled: true, networkConnectionEnabled: false, pageLoadStrategy: normal, platform: WINDOWS, platformName: WINDOWS, proxy: Proxy(), setWindowRect: true, strictFileInteractability: false, timeouts: {implicit: 0, pageLoad: 300000, script: 30000}, unhandledPromptBehavior: dismiss and notify, webauthn:virtualAuthenticators: true}
Session ID: d086ea6d3faf584b9526ce9877d2a7f9
*** Element info: {Using=id, value=search-input}
	at sun.reflect.GeneratedConstructorAccessor15.newInstance(Unknown Source)
	at sun.reflect.DelegatingConstructorAccessorImpl.newInstance(DelegatingConstructorAccessorImpl.java:45)
	at java.lang.reflect.Constructor.newInstance(Constructor.java:423)
	at org.openqa.selenium.remote.http.W3CHttpResponseCodec.createException(W3CHttpResponseCodec.java:187)
	at org.openqa.selenium.remote.http.W3CHttpResponseCodec.decode(W3CHttpResponseCodec.java:122)
	at org.openqa.selenium.remote.http.W3CHttpResponseCodec.decode(W3CHttpResponseCodec.java:49)
	at org.openqa.selenium.remote.HttpCommandExecutor.execute(HttpCommandExecutor.java:158)
	at org.openqa.selenium.remote.RemoteWebDriver.execute(RemoteWebDriver.java:552)
	at com.qmetry.qaf.automation.ui.webdriver.QAFExtendedWebDriver.execute(QAFExtendedWebDriver.java:235)
	at org.openqa.selenium.remote.RemoteWebDriver.findElement(RemoteWebDriver.java:323)
	at org.openqa.selenium.remote.RemoteWebDriver.findElementById(RemoteWebDriver.java:372)
	at com.qmetry.qaf.automation.ui.webdriver.QAFExtendedWebDriver.findElementById(QAFExtendedWebDriver.java:374)
	at com.qmetry.qaf.automation.ui.webdriver.QAFExtendedWebDriver.findElementById(QAFExtendedWebDriver.java:1)
	at org.openqa.selenium.By$ById.findElement(By.java:188)
	at org.openqa.selenium.remote.RemoteWebDriver.findElement(RemoteWebDriver.java:315)
	at com.qmetry.qaf.automation.ui.webdriver.QAFExtendedWebDriver.findElement(QAFExtendedWebDriver.java:170)
	at com.qmetry.qaf.automation.ui.webdriver.QAFExtendedWebDriver.findElement(QAFExtendedWebDriver.java:1)
	at org.openqa.selenium.support.ui.ExpectedConditions$6.apply(ExpectedConditions.java:182)
	at org.openqa.selenium.support.ui.ExpectedConditions$6.apply(ExpectedConditions.java:179)
	at com.qmetry.qaf.automation.ui.util.DynamicWait.until(DynamicWait.java:149)
	... 38 more
15:03:02 Completed Teststep: When search for '${searchtext}' with arguments: [${searchtext}]
15:03:02 Competed scenario: SampleTest with status FAILURE
15:03:03 

Executing scenario: verify Test Food Receipe Title - verify Test Food Receipe Title
15:03:03 Invoking Teststep: Given get '/' with arguments: [/]
15:03:04 Completed Teststep: Given get '/' with arguments: [/]
15:03:04 Invoking Teststep: When navigate To Recipes page
15:03:14 Invoking Teststep: click on {loc} with arguments: [button.recipe]
15:03:15 Completed Teststep: click on {loc} with arguments: [button.recipe]
15:03:15 Completed Teststep: When navigate To Recipes page
15:03:15 Invoking Teststep: Then verify text is RECIPES
15:03:15 Invoking Teststep: verify {loc} text is {text} with arguments: [text.recipe, RECIPES]
15:03:16 Completed Teststep: verify {loc} text is {text} with arguments: [text.recipe, RECIPES]
15:03:16 Completed Teststep: Then verify text is RECIPES
15:03:16 Competed scenario: verify Test Food Receipe Title with status SUCCESS
15:03:16 

Executing scenario: verify Search Results - verify Search Results -count
15:03:16 Invoking Teststep: Given get '/' with arguments: [/]
15:03:18 Completed Teststep: Given get '/' with arguments: [/]
15:03:18 Invoking Teststep: When navigate to recipe page
15:03:18 Invoking Teststep: wait until {loc} to be visible with arguments: [recipeLink.click]
15:03:18 Completed Teststep: wait until {loc} to be visible with arguments: [recipeLink.click]
15:03:18 Invoking Teststep: click on {loc} with arguments: [recipeLink.click]
15:03:19 Completed Teststep: click on {loc} with arguments: [recipeLink.click]
15:03:19 Completed Teststep: When navigate to recipe page
15:03:19 Invoking Teststep: When navigate to search page
15:03:29 Invoking Teststep: wait until {loc} to be visible with arguments: [recipe.search]
15:03:30 Completed Teststep: wait until {loc} to be visible with arguments: [recipe.search]
15:03:30 Invoking Teststep: click on {loc} with arguments: [recipe.search]
15:03:31 Completed Teststep: click on {loc} with arguments: [recipe.search]
15:03:31 Invoking Teststep: wait until {loc} to be visible with arguments: [recipetype.search]
15:03:31 Completed Teststep: wait until {loc} to be visible with arguments: [recipetype.search]
15:03:31 Completed Teststep: When navigate to search page
15:03:31 Invoking Teststep: Then search recipe 'Biriyani' with arguments: [Biriyani]
15:03:31 Invoking Teststep: wait until {loc} to be visible with arguments: [recipetype.search]
15:03:31 Completed Teststep: wait until {loc} to be visible with arguments: [recipetype.search]
15:03:31 Invoking Teststep: click on {loc} with arguments: [recipetype.search]
15:03:32 Completed Teststep: click on {loc} with arguments: [recipetype.search]
15:03:32 Invoking Teststep: sendKeys {text} into {loc} with arguments: [Biriyani?, recipetype.search]
15:03:32 Completed Teststep: sendKeys {text} into {loc} with arguments: [Biriyani?, recipetype.search]
15:04:25 scenario.file.loc[Ljava.lang.String;@4d1b0d2a
15:04:25 loading BDD file: C:\Users\vaidh\eclipse-workspace\foodautomationadv\.\scenarios\smoketest.bdd
15:04:25 Excluded SCENARIO - verify Test Food Receipe Title:null
15:04:25 Excluded SCENARIO - verify Invalid Search:null
15:04:25 loading BDD file: C:\Users\vaidh\eclipse-workspace\foodautomationadv\.\scenarios\smoketestadv.bdd
15:04:25 loading BDD file: C:\Users\vaidh\eclipse-workspace\foodautomationadv\.\scenarios\suite1.bdd
15:04:25 Excluded SCENARIO - verify Save Recipe Action for Guest User:null
15:04:25 loading BDD file: C:\Users\vaidh\eclipse-workspace\foodautomationadv\.\scenarios\suite2.bdd
15:04:25 total test found: 11
15:04:26 

Executing scenario: SampleTest - Sample Test Scenario
15:04:26 Test Data{searchtext=null, expectedlink=RECIPES, __index=1}
15:04:26 pkg: com.qmetry.qaf.automation.step
15:04:26 pkg: com.qmetry.qaf.example
15:04:26 Found duplicate step to load [] with [lower] prority then []
15:04:26 Invoking Teststep: Given get '/' with arguments: [/]
15:04:38 Completed Teststep: Given get '/' with arguments: [/]
15:04:38 Invoking Teststep: When search for '${searchtext}' with arguments: [${searchtext}]
15:04:38 Invoking Teststep: sendKeys {text} into {loc} with arguments: [null?, input.search]
15:05:09 Failure Teststep: sendKeys {text} into {loc} with arguments: [null?, input.search]
com.qmetry.qaf.automation.step.JavaStepReporter$JPThrowable: org.openqa.selenium.TimeoutException: Timed out after 30 seconds waiting for presence of element located by: By.id: search-input
	at com.qmetry.qaf.automation.step.JavaStepReporter$MockJavaStep.doExecute(JavaStepReporter.java:144)
	at com.qmetry.qaf.automation.step.BaseTestStep.execute(BaseTestStep.java:149)
	at com.qmetry.qaf.automation.step.JavaStepReporter.javaTestStep(JavaStepReporter.java:88)
	at com.qmetry.qaf.automation.step.CommonStep.sendKeys(CommonStep.java:118)
	at com.qmetry.qaf.example.steps.StepsLibrary.searchFor_aroundBody12(StepsLibrary.java:92)
	at com.qmetry.qaf.example.steps.StepsLibrary$AjcClosure13.run(StepsLibrary.java:1)
	at org.aspectj.runtime.reflect.JoinPointImpl.proceed(JoinPointImpl.java:149)
	at com.qmetry.qaf.automation.step.JavaStepReporter.javaTestStep(JavaStepReporter.java:101)
	at com.qmetry.qaf.example.steps.StepsLibrary.searchFor(StepsLibrary.java:91)
	at sun.reflect.NativeMethodAccessorImpl.invoke0(Native Method)
	at sun.reflect.NativeMethodAccessorImpl.invoke(NativeMethodAccessorImpl.java:62)
	at sun.reflect.DelegatingMethodAccessorImpl.invoke(DelegatingMethodAccessorImpl.java:43)
	at java.lang.reflect.Method.invoke(Method.java:498)
	at com.qmetry.qaf.automation.step.JavaStep.doExecute(JavaStep.java:153)
	at com.qmetry.qaf.automation.step.BaseTestStep.execute(BaseTestStep.java:149)
	at com.qmetry.qaf.automation.step.StringTestStep.execute(StringTestStep.java:134)
	at com.qmetry.qaf.automation.step.client.Scenario.execute(Scenario.java:180)
	at com.qmetry.qaf.automation.step.client.DataDrivenScenario.scenario(DataDrivenScenario.java:69)
	at sun.reflect.NativeMethodAccessorImpl.invoke0(Native Method)
	at sun.reflect.NativeMethodAccessorImpl.invoke(NativeMethodAccessorImpl.java:62)
	at sun.reflect.DelegatingMethodAccessorImpl.invoke(DelegatingMethodAccessorImpl.java:43)
	at java.lang.reflect.Method.invoke(Method.java:498)
	at org.testng.internal.MethodInvocationHelper.invokeMethod(MethodInvocationHelper.java:104)
	at org.testng.internal.Invoker.invokeMethod(Invoker.java:645)
	at org.testng.internal.Invoker.invokeTestMethod(Invoker.java:851)
	at org.testng.internal.Invoker.invokeTestMethods(Invoker.java:1177)
	at org.testng.internal.TestMethodWorker.invokeTestMethods(TestMethodWorker.java:129)
	at org.testng.internal.TestMethodWorker.run(TestMethodWorker.java:112)
	at java.util.concurrent.ThreadPoolExecutor.runWorker(ThreadPoolExecutor.java:1149)
	at java.util.concurrent.ThreadPoolExecutor$Worker.run(ThreadPoolExecutor.java:624)
	at java.lang.Thread.run(Thread.java:748)
Caused by: org.openqa.selenium.TimeoutException: Timed out after 30 seconds waiting for presence of element located by: By.id: search-input
	at com.qmetry.qaf.automation.ui.util.DynamicWait.until(DynamicWait.java:170)
	at com.qmetry.qaf.automation.ui.webdriver.QAFExtendedWebDriver.load(QAFExtendedWebDriver.java:215)
	at com.qmetry.qaf.automation.ui.webdriver.QAFExtendedWebElement.load(QAFExtendedWebElement.java:299)
	at com.qmetry.qaf.automation.ui.webdriver.QAFExtendedWebElement.execute(QAFExtendedWebElement.java:250)
	at org.openqa.selenium.remote.RemoteWebElement.sendKeys(RemoteWebElement.java:106)
	at com.qmetry.qaf.automation.step.CommonStep.sendKeys_aroundBody6(CommonStep.java:119)
	at com.qmetry.qaf.automation.step.CommonStep$AjcClosure7.run(CommonStep.java:1)
	at org.aspectj.runtime.reflect.JoinPointImpl.proceed(JoinPointImpl.java:149)
	at com.qmetry.qaf.automation.step.JavaStepReporter$MockJavaStep.doExecute(JavaStepReporter.java:138)
	... 30 more
Caused by: org.openqa.selenium.NoSuchElementException: no such element: Unable to locate element: {"method":"css selector","selector":"#search\-input"}
  (Session info: chrome=81.0.4044.138)
For documentation on this error, please visit: https://www.seleniumhq.org/exceptions/no_such_element.html
Build info: version: '3.141.59', revision: 'e82be7d358', time: '2018-11-14T08:17:03'
System info: host: 'VAIDHUSANTHU', ip: '192.168.0.56', os.name: 'Windows 10', os.arch: 'amd64', os.version: '10.0', java.version: '1.8.0_231'
Driver info: com.qmetry.qaf.automation.ui.webdriver.QAFExtendedWebDriver
Capabilities {acceptInsecureCerts: false, browserName: chrome, browserVersion: 81.0.4044.138, chrome: {chromedriverVersion: 81.0.4044.69 (6813546031a4b..., userDataDir: C:\Users\vaidh\AppData\Loca...}, goog:chromeOptions: {debuggerAddress: localhost:63265}, javascriptEnabled: true, networkConnectionEnabled: false, pageLoadStrategy: normal, platform: WINDOWS, platformName: WINDOWS, proxy: Proxy(), setWindowRect: true, strictFileInteractability: false, timeouts: {implicit: 0, pageLoad: 300000, script: 30000}, unhandledPromptBehavior: dismiss and notify, webauthn:virtualAuthenticators: true}
Session ID: 6102947f644f7a589cb4ba16a8f45c0f
*** Element info: {Using=id, value=search-input}
	at sun.reflect.GeneratedConstructorAccessor15.newInstance(Unknown Source)
	at sun.reflect.DelegatingConstructorAccessorImpl.newInstance(DelegatingConstructorAccessorImpl.java:45)
	at java.lang.reflect.Constructor.newInstance(Constructor.java:423)
	at org.openqa.selenium.remote.http.W3CHttpResponseCodec.createException(W3CHttpResponseCodec.java:187)
	at org.openqa.selenium.remote.http.W3CHttpResponseCodec.decode(W3CHttpResponseCodec.java:122)
	at org.openqa.selenium.remote.http.W3CHttpResponseCodec.decode(W3CHttpResponseCodec.java:49)
	at org.openqa.selenium.remote.HttpCommandExecutor.execute(HttpCommandExecutor.java:158)
	at org.openqa.selenium.remote.RemoteWebDriver.execute(RemoteWebDriver.java:552)
	at com.qmetry.qaf.automation.ui.webdriver.QAFExtendedWebDriver.execute(QAFExtendedWebDriver.java:235)
	at org.openqa.selenium.remote.RemoteWebDriver.findElement(RemoteWebDriver.java:323)
	at org.openqa.selenium.remote.RemoteWebDriver.findElementById(RemoteWebDriver.java:372)
	at com.qmetry.qaf.automation.ui.webdriver.QAFExtendedWebDriver.findElementById(QAFExtendedWebDriver.java:374)
	at com.qmetry.qaf.automation.ui.webdriver.QAFExtendedWebDriver.findElementById(QAFExtendedWebDriver.java:1)
	at org.openqa.selenium.By$ById.findElement(By.java:188)
	at org.openqa.selenium.remote.RemoteWebDriver.findElement(RemoteWebDriver.java:315)
	at com.qmetry.qaf.automation.ui.webdriver.QAFExtendedWebDriver.findElement(QAFExtendedWebDriver.java:170)
	at com.qmetry.qaf.automation.ui.webdriver.QAFExtendedWebDriver.findElement(QAFExtendedWebDriver.java:1)
	at org.openqa.selenium.support.ui.ExpectedConditions$6.apply(ExpectedConditions.java:182)
	at org.openqa.selenium.support.ui.ExpectedConditions$6.apply(ExpectedConditions.java:179)
	at com.qmetry.qaf.automation.ui.util.DynamicWait.until(DynamicWait.java:149)
	... 38 more
15:05:09 Completed Teststep: sendKeys {text} into {loc} with arguments: [null?, input.search]
15:05:09 Failure Teststep: When search for '${searchtext}' with arguments: [${searchtext}]
org.openqa.selenium.TimeoutException: Timed out after 30 seconds waiting for presence of element located by: By.id: search-input
	at com.qmetry.qaf.automation.ui.util.DynamicWait.until(DynamicWait.java:170)
	at com.qmetry.qaf.automation.ui.webdriver.QAFExtendedWebDriver.load(QAFExtendedWebDriver.java:215)
	at com.qmetry.qaf.automation.ui.webdriver.QAFExtendedWebElement.load(QAFExtendedWebElement.java:299)
	at com.qmetry.qaf.automation.ui.webdriver.QAFExtendedWebElement.execute(QAFExtendedWebElement.java:250)
	at org.openqa.selenium.remote.RemoteWebElement.sendKeys(RemoteWebElement.java:106)
	at com.qmetry.qaf.automation.step.CommonStep.sendKeys_aroundBody6(CommonStep.java:119)
	at com.qmetry.qaf.automation.step.CommonStep$AjcClosure7.run(CommonStep.java:1)
	at org.aspectj.runtime.reflect.JoinPointImpl.proceed(JoinPointImpl.java:149)
	at com.qmetry.qaf.automation.step.JavaStepReporter$MockJavaStep.doExecute(JavaStepReporter.java:138)
	at com.qmetry.qaf.automation.step.BaseTestStep.execute(BaseTestStep.java:149)
	at com.qmetry.qaf.automation.step.JavaStepReporter.javaTestStep(JavaStepReporter.java:88)
	at com.qmetry.qaf.automation.step.CommonStep.sendKeys(CommonStep.java:118)
	at com.qmetry.qaf.example.steps.StepsLibrary.searchFor_aroundBody12(StepsLibrary.java:92)
	at com.qmetry.qaf.example.steps.StepsLibrary$AjcClosure13.run(StepsLibrary.java:1)
	at org.aspectj.runtime.reflect.JoinPointImpl.proceed(JoinPointImpl.java:149)
	at com.qmetry.qaf.automation.step.JavaStepReporter.javaTestStep(JavaStepReporter.java:101)
	at com.qmetry.qaf.example.steps.StepsLibrary.searchFor(StepsLibrary.java:91)
	at sun.reflect.NativeMethodAccessorImpl.invoke0(Native Method)
	at sun.reflect.NativeMethodAccessorImpl.invoke(NativeMethodAccessorImpl.java:62)
	at sun.reflect.DelegatingMethodAccessorImpl.invoke(DelegatingMethodAccessorImpl.java:43)
	at java.lang.reflect.Method.invoke(Method.java:498)
	at com.qmetry.qaf.automation.step.JavaStep.doExecute(JavaStep.java:153)
	at com.qmetry.qaf.automation.step.BaseTestStep.execute(BaseTestStep.java:149)
	at com.qmetry.qaf.automation.step.StringTestStep.execute(StringTestStep.java:134)
	at com.qmetry.qaf.automation.step.client.Scenario.execute(Scenario.java:180)
	at com.qmetry.qaf.automation.step.client.DataDrivenScenario.scenario(DataDrivenScenario.java:69)
	at sun.reflect.NativeMethodAccessorImpl.invoke0(Native Method)
	at sun.reflect.NativeMethodAccessorImpl.invoke(NativeMethodAccessorImpl.java:62)
	at sun.reflect.DelegatingMethodAccessorImpl.invoke(DelegatingMethodAccessorImpl.java:43)
	at java.lang.reflect.Method.invoke(Method.java:498)
	at org.testng.internal.MethodInvocationHelper.invokeMethod(MethodInvocationHelper.java:104)
	at org.testng.internal.Invoker.invokeMethod(Invoker.java:645)
	at org.testng.internal.Invoker.invokeTestMethod(Invoker.java:851)
	at org.testng.internal.Invoker.invokeTestMethods(Invoker.java:1177)
	at org.testng.internal.TestMethodWorker.invokeTestMethods(TestMethodWorker.java:129)
	at org.testng.internal.TestMethodWorker.run(TestMethodWorker.java:112)
	at java.util.concurrent.ThreadPoolExecutor.runWorker(ThreadPoolExecutor.java:1149)
	at java.util.concurrent.ThreadPoolExecutor$Worker.run(ThreadPoolExecutor.java:624)
	at java.lang.Thread.run(Thread.java:748)
Caused by: org.openqa.selenium.NoSuchElementException: no such element: Unable to locate element: {"method":"css selector","selector":"#search\-input"}
  (Session info: chrome=81.0.4044.138)
For documentation on this error, please visit: https://www.seleniumhq.org/exceptions/no_such_element.html
Build info: version: '3.141.59', revision: 'e82be7d358', time: '2018-11-14T08:17:03'
System info: host: 'VAIDHUSANTHU', ip: '192.168.0.56', os.name: 'Windows 10', os.arch: 'amd64', os.version: '10.0', java.version: '1.8.0_231'
Driver info: com.qmetry.qaf.automation.ui.webdriver.QAFExtendedWebDriver
Capabilities {acceptInsecureCerts: false, browserName: chrome, browserVersion: 81.0.4044.138, chrome: {chromedriverVersion: 81.0.4044.69 (6813546031a4b..., userDataDir: C:\Users\vaidh\AppData\Loca...}, goog:chromeOptions: {debuggerAddress: localhost:63265}, javascriptEnabled: true, networkConnectionEnabled: false, pageLoadStrategy: normal, platform: WINDOWS, platformName: WINDOWS, proxy: Proxy(), setWindowRect: true, strictFileInteractability: false, timeouts: {implicit: 0, pageLoad: 300000, script: 30000}, unhandledPromptBehavior: dismiss and notify, webauthn:virtualAuthenticators: true}
Session ID: 6102947f644f7a589cb4ba16a8f45c0f
*** Element info: {Using=id, value=search-input}
	at sun.reflect.GeneratedConstructorAccessor15.newInstance(Unknown Source)
	at sun.reflect.DelegatingConstructorAccessorImpl.newInstance(DelegatingConstructorAccessorImpl.java:45)
	at java.lang.reflect.Constructor.newInstance(Constructor.java:423)
	at org.openqa.selenium.remote.http.W3CHttpResponseCodec.createException(W3CHttpResponseCodec.java:187)
	at org.openqa.selenium.remote.http.W3CHttpResponseCodec.decode(W3CHttpResponseCodec.java:122)
	at org.openqa.selenium.remote.http.W3CHttpResponseCodec.decode(W3CHttpResponseCodec.java:49)
	at org.openqa.selenium.remote.HttpCommandExecutor.execute(HttpCommandExecutor.java:158)
	at org.openqa.selenium.remote.RemoteWebDriver.execute(RemoteWebDriver.java:552)
	at com.qmetry.qaf.automation.ui.webdriver.QAFExtendedWebDriver.execute(QAFExtendedWebDriver.java:235)
	at org.openqa.selenium.remote.RemoteWebDriver.findElement(RemoteWebDriver.java:323)
	at org.openqa.selenium.remote.RemoteWebDriver.findElementById(RemoteWebDriver.java:372)
	at com.qmetry.qaf.automation.ui.webdriver.QAFExtendedWebDriver.findElementById(QAFExtendedWebDriver.java:374)
	at com.qmetry.qaf.automation.ui.webdriver.QAFExtendedWebDriver.findElementById(QAFExtendedWebDriver.java:1)
	at org.openqa.selenium.By$ById.findElement(By.java:188)
	at org.openqa.selenium.remote.RemoteWebDriver.findElement(RemoteWebDriver.java:315)
	at com.qmetry.qaf.automation.ui.webdriver.QAFExtendedWebDriver.findElement(QAFExtendedWebDriver.java:170)
	at com.qmetry.qaf.automation.ui.webdriver.QAFExtendedWebDriver.findElement(QAFExtendedWebDriver.java:1)
	at org.openqa.selenium.support.ui.ExpectedConditions$6.apply(ExpectedConditions.java:182)
	at org.openqa.selenium.support.ui.ExpectedConditions$6.apply(ExpectedConditions.java:179)
	at com.qmetry.qaf.automation.ui.util.DynamicWait.until(DynamicWait.java:149)
	... 38 more
15:05:09 Completed Teststep: When search for '${searchtext}' with arguments: [${searchtext}]
15:05:09 Competed scenario: SampleTest with status FAILURE
15:05:10 

Executing scenario: verify Test Food Receipe Title - verify Test Food Receipe Title
15:05:10 Invoking Teststep: Given get '/' with arguments: [/]
15:05:11 Completed Teststep: Given get '/' with arguments: [/]
15:05:11 Invoking Teststep: When navigate To Recipes page
15:05:21 Invoking Teststep: click on {loc} with arguments: [button.recipe]
15:05:23 Completed Teststep: click on {loc} with arguments: [button.recipe]
15:05:23 Completed Teststep: When navigate To Recipes page
15:05:23 Invoking Teststep: Then verify text is RECIPES
15:05:23 Invoking Teststep: verify {loc} text is {text} with arguments: [text.recipe, RECIPES]
15:05:24 Completed Teststep: verify {loc} text is {text} with arguments: [text.recipe, RECIPES]
15:05:24 Completed Teststep: Then verify text is RECIPES
15:05:24 Competed scenario: verify Test Food Receipe Title with status SUCCESS
15:05:24 

Executing scenario: verify Search Results - verify Search Results -count
15:05:24 Invoking Teststep: Given get '/' with arguments: [/]
15:05:25 Completed Teststep: Given get '/' with arguments: [/]
15:05:25 Invoking Teststep: When navigate to recipe page
15:05:25 Invoking Teststep: wait until {loc} to be visible with arguments: [recipeLink.click]
15:05:26 Completed Teststep: wait until {loc} to be visible with arguments: [recipeLink.click]
15:05:26 Invoking Teststep: click on {loc} with arguments: [recipeLink.click]
15:05:27 Failure Teststep: click on {loc} with arguments: [recipeLink.click]
com.qmetry.qaf.automation.step.JavaStepReporter$JPThrowable: org.openqa.selenium.ElementClickInterceptedException: element click intercepted: Element <a href="/recipe?ref=nav" class="" ref="gk-menu-item">...</a> is not clickable at point (255, 214). Other element would receive the click: <iframe scrolling="no" frameborder="0"></iframe>
  (Session info: chrome=81.0.4044.138)
Build info: version: '3.141.59', revision: 'e82be7d358', time: '2018-11-14T08:17:03'
System info: host: 'VAIDHUSANTHU', ip: '192.168.0.56', os.name: 'Windows 10', os.arch: 'amd64', os.version: '10.0', java.version: '1.8.0_231'
Driver info: com.qmetry.qaf.automation.ui.webdriver.QAFExtendedWebDriver
Capabilities {acceptInsecureCerts: false, browserName: chrome, browserVersion: 81.0.4044.138, chrome: {chromedriverVersion: 81.0.4044.69 (6813546031a4b..., userDataDir: C:\Users\vaidh\AppData\Loca...}, goog:chromeOptions: {debuggerAddress: localhost:63265}, javascriptEnabled: true, networkConnectionEnabled: false, pageLoadStrategy: normal, platform: WINDOWS, platformName: WINDOWS, proxy: Proxy(), setWindowRect: true, strictFileInteractability: false, timeouts: {implicit: 0, pageLoad: 300000, script: 30000}, unhandledPromptBehavior: dismiss and notify, webauthn:virtualAuthenticators: true}
Session ID: 6102947f644f7a589cb4ba16a8f45c0f
	at com.qmetry.qaf.automation.step.JavaStepReporter$MockJavaStep.doExecute(JavaStepReporter.java:144)
	at com.qmetry.qaf.automation.step.BaseTestStep.execute(BaseTestStep.java:149)
	at com.qmetry.qaf.automation.step.JavaStepReporter.javaTestStep(JavaStepReporter.java:88)
	at com.qmetry.qaf.automation.step.CommonStep.click(CommonStep.java:459)
	at com.qmetry.qaf.example.steps.StepsLibrary.navigateToRecipePage_aroundBody34(StepsLibrary.java:227)
	at com.qmetry.qaf.example.steps.StepsLibrary$AjcClosure35.run(StepsLibrary.java:1)
	at org.aspectj.runtime.reflect.JoinPointImpl.proceed(JoinPointImpl.java:149)
	at com.qmetry.qaf.automation.step.JavaStepReporter.javaTestStep(JavaStepReporter.java:101)
	at com.qmetry.qaf.example.steps.StepsLibrary.navigateToRecipePage(StepsLibrary.java:225)
	at sun.reflect.NativeMethodAccessorImpl.invoke0(Native Method)
	at sun.reflect.NativeMethodAccessorImpl.invoke(NativeMethodAccessorImpl.java:62)
	at sun.reflect.DelegatingMethodAccessorImpl.invoke(DelegatingMethodAccessorImpl.java:43)
	at java.lang.reflect.Method.invoke(Method.java:498)
	at com.qmetry.qaf.automation.step.JavaStep.doExecute(JavaStep.java:153)
	at com.qmetry.qaf.automation.step.BaseTestStep.execute(BaseTestStep.java:149)
	at com.qmetry.qaf.automation.step.StringTestStep.execute(StringTestStep.java:134)
	at com.qmetry.qaf.automation.step.client.Scenario.execute(Scenario.java:180)
	at com.qmetry.qaf.automation.step.client.Scenario.scenario(Scenario.java:232)
	at sun.reflect.NativeMethodAccessorImpl.invoke0(Native Method)
	at sun.reflect.NativeMethodAccessorImpl.invoke(NativeMethodAccessorImpl.java:62)
	at sun.reflect.DelegatingMethodAccessorImpl.invoke(DelegatingMethodAccessorImpl.java:43)
	at java.lang.reflect.Method.invoke(Method.java:498)
	at org.testng.internal.MethodInvocationHelper.invokeMethod(MethodInvocationHelper.java:104)
	at org.testng.internal.Invoker.invokeMethod(Invoker.java:645)
	at org.testng.internal.Invoker.invokeTestMethod(Invoker.java:851)
	at org.testng.internal.Invoker.invokeTestMethods(Invoker.java:1177)
	at org.testng.internal.TestMethodWorker.invokeTestMethods(TestMethodWorker.java:129)
	at org.testng.internal.TestMethodWorker.run(TestMethodWorker.java:112)
	at java.util.concurrent.ThreadPoolExecutor.runWorker(ThreadPoolExecutor.java:1149)
	at java.util.concurrent.ThreadPoolExecutor$Worker.run(ThreadPoolExecutor.java:624)
	at java.lang.Thread.run(Thread.java:748)
Caused by: org.openqa.selenium.ElementClickInterceptedException: element click intercepted: Element <a href="/recipe?ref=nav" class="" ref="gk-menu-item">...</a> is not clickable at point (255, 214). Other element would receive the click: <iframe scrolling="no" frameborder="0"></iframe>
  (Session info: chrome=81.0.4044.138)
Build info: version: '3.141.59', revision: 'e82be7d358', time: '2018-11-14T08:17:03'
System info: host: 'VAIDHUSANTHU', ip: '192.168.0.56', os.name: 'Windows 10', os.arch: 'amd64', os.version: '10.0', java.version: '1.8.0_231'
Driver info: com.qmetry.qaf.automation.ui.webdriver.QAFExtendedWebDriver
Capabilities {acceptInsecureCerts: false, browserName: chrome, browserVersion: 81.0.4044.138, chrome: {chromedriverVersion: 81.0.4044.69 (6813546031a4b..., userDataDir: C:\Users\vaidh\AppData\Loca...}, goog:chromeOptions: {debuggerAddress: localhost:63265}, javascriptEnabled: true, networkConnectionEnabled: false, pageLoadStrategy: normal, platform: WINDOWS, platformName: WINDOWS, proxy: Proxy(), setWindowRect: true, strictFileInteractability: false, timeouts: {implicit: 0, pageLoad: 300000, script: 30000}, unhandledPromptBehavior: dismiss and notify, webauthn:virtualAuthenticators: true}
Session ID: 6102947f644f7a589cb4ba16a8f45c0f
	at sun.reflect.NativeConstructorAccessorImpl.newInstance0(Native Method)
	at sun.reflect.NativeConstructorAccessorImpl.newInstance(NativeConstructorAccessorImpl.java:62)
	at sun.reflect.DelegatingConstructorAccessorImpl.newInstance(DelegatingConstructorAccessorImpl.java:45)
	at java.lang.reflect.Constructor.newInstance(Constructor.java:423)
	at org.openqa.selenium.remote.http.W3CHttpResponseCodec.createException(W3CHttpResponseCodec.java:187)
	at org.openqa.selenium.remote.http.W3CHttpResponseCodec.decode(W3CHttpResponseCodec.java:122)
	at org.openqa.selenium.remote.http.W3CHttpResponseCodec.decode(W3CHttpResponseCodec.java:49)
	at org.openqa.selenium.remote.HttpCommandExecutor.execute(HttpCommandExecutor.java:158)
	at org.openqa.selenium.remote.RemoteWebDriver.execute(RemoteWebDriver.java:552)
	at com.qmetry.qaf.automation.ui.webdriver.QAFExtendedWebDriver.executeWitoutLog(QAFExtendedWebDriver.java:257)
	at com.qmetry.qaf.automation.ui.webdriver.QAFExtendedWebElement.execute(QAFExtendedWebElement.java:263)
	at org.openqa.selenium.remote.RemoteWebElement.click(RemoteWebElement.java:84)
	at com.qmetry.qaf.automation.step.CommonStep.click_aroundBody38(CommonStep.java:460)
	at com.qmetry.qaf.automation.step.CommonStep$AjcClosure39.run(CommonStep.java:1)
	at org.aspectj.runtime.reflect.JoinPointImpl.proceed(JoinPointImpl.java:149)
	at com.qmetry.qaf.automation.step.JavaStepReporter$MockJavaStep.doExecute(JavaStepReporter.java:138)
	... 30 more
15:05:27 Completed Teststep: click on {loc} with arguments: [recipeLink.click]
15:05:27 Failure Teststep: When navigate to recipe page
org.openqa.selenium.ElementClickInterceptedException: element click intercepted: Element <a href="/recipe?ref=nav" class="" ref="gk-menu-item">...</a> is not clickable at point (255, 214). Other element would receive the click: <iframe scrolling="no" frameborder="0"></iframe>
  (Session info: chrome=81.0.4044.138)
Build info: version: '3.141.59', revision: 'e82be7d358', time: '2018-11-14T08:17:03'
System info: host: 'VAIDHUSANTHU', ip: '192.168.0.56', os.name: 'Windows 10', os.arch: 'amd64', os.version: '10.0', java.version: '1.8.0_231'
Driver info: com.qmetry.qaf.automation.ui.webdriver.QAFExtendedWebDriver
Capabilities {acceptInsecureCerts: false, browserName: chrome, browserVersion: 81.0.4044.138, chrome: {chromedriverVersion: 81.0.4044.69 (6813546031a4b..., userDataDir: C:\Users\vaidh\AppData\Loca...}, goog:chromeOptions: {debuggerAddress: localhost:63265}, javascriptEnabled: true, networkConnectionEnabled: false, pageLoadStrategy: normal, platform: WINDOWS, platformName: WINDOWS, proxy: Proxy(), setWindowRect: true, strictFileInteractability: false, timeouts: {implicit: 0, pageLoad: 300000, script: 30000}, unhandledPromptBehavior: dismiss and notify, webauthn:virtualAuthenticators: true}
Session ID: 6102947f644f7a589cb4ba16a8f45c0f
	at sun.reflect.NativeConstructorAccessorImpl.newInstance0(Native Method)
	at sun.reflect.NativeConstructorAccessorImpl.newInstance(NativeConstructorAccessorImpl.java:62)
	at sun.reflect.DelegatingConstructorAccessorImpl.newInstance(DelegatingConstructorAccessorImpl.java:45)
	at java.lang.reflect.Constructor.newInstance(Constructor.java:423)
	at org.openqa.selenium.remote.http.W3CHttpResponseCodec.createException(W3CHttpResponseCodec.java:187)
	at org.openqa.selenium.remote.http.W3CHttpResponseCodec.decode(W3CHttpResponseCodec.java:122)
	at org.openqa.selenium.remote.http.W3CHttpResponseCodec.decode(W3CHttpResponseCodec.java:49)
	at org.openqa.selenium.remote.HttpCommandExecutor.execute(HttpCommandExecutor.java:158)
	at org.openqa.selenium.remote.RemoteWebDriver.execute(RemoteWebDriver.java:552)
	at com.qmetry.qaf.automation.ui.webdriver.QAFExtendedWebDriver.executeWitoutLog(QAFExtendedWebDriver.java:257)
	at com.qmetry.qaf.automation.ui.webdriver.QAFExtendedWebElement.execute(QAFExtendedWebElement.java:263)
	at org.openqa.selenium.remote.RemoteWebElement.click(RemoteWebElement.java:84)
	at com.qmetry.qaf.automation.step.CommonStep.click_aroundBody38(CommonStep.java:460)
	at com.qmetry.qaf.automation.step.CommonStep$AjcClosure39.run(CommonStep.java:1)
	at org.aspectj.runtime.reflect.JoinPointImpl.proceed(JoinPointImpl.java:149)
	at com.qmetry.qaf.automation.step.JavaStepReporter$MockJavaStep.doExecute(JavaStepReporter.java:138)
	at com.qmetry.qaf.automation.step.BaseTestStep.execute(BaseTestStep.java:149)
	at com.qmetry.qaf.automation.step.JavaStepReporter.javaTestStep(JavaStepReporter.java:88)
	at com.qmetry.qaf.automation.step.CommonStep.click(CommonStep.java:459)
	at com.qmetry.qaf.example.steps.StepsLibrary.navigateToRecipePage_aroundBody34(StepsLibrary.java:227)
	at com.qmetry.qaf.example.steps.StepsLibrary$AjcClosure35.run(StepsLibrary.java:1)
	at org.aspectj.runtime.reflect.JoinPointImpl.proceed(JoinPointImpl.java:149)
	at com.qmetry.qaf.automation.step.JavaStepReporter.javaTestStep(JavaStepReporter.java:101)
	at com.qmetry.qaf.example.steps.StepsLibrary.navigateToRecipePage(StepsLibrary.java:225)
	at sun.reflect.NativeMethodAccessorImpl.invoke0(Native Method)
	at sun.reflect.NativeMethodAccessorImpl.invoke(NativeMethodAccessorImpl.java:62)
	at sun.reflect.DelegatingMethodAccessorImpl.invoke(DelegatingMethodAccessorImpl.java:43)
	at java.lang.reflect.Method.invoke(Method.java:498)
	at com.qmetry.qaf.automation.step.JavaStep.doExecute(JavaStep.java:153)
	at com.qmetry.qaf.automation.step.BaseTestStep.execute(BaseTestStep.java:149)
	at com.qmetry.qaf.automation.step.StringTestStep.execute(StringTestStep.java:134)
	at com.qmetry.qaf.automation.step.client.Scenario.execute(Scenario.java:180)
	at com.qmetry.qaf.automation.step.client.Scenario.scenario(Scenario.java:232)
	at sun.reflect.NativeMethodAccessorImpl.invoke0(Native Method)
	at sun.reflect.NativeMethodAccessorImpl.invoke(NativeMethodAccessorImpl.java:62)
	at sun.reflect.DelegatingMethodAccessorImpl.invoke(DelegatingMethodAccessorImpl.java:43)
	at java.lang.reflect.Method.invoke(Method.java:498)
	at org.testng.internal.MethodInvocationHelper.invokeMethod(MethodInvocationHelper.java:104)
	at org.testng.internal.Invoker.invokeMethod(Invoker.java:645)
	at org.testng.internal.Invoker.invokeTestMethod(Invoker.java:851)
	at org.testng.internal.Invoker.invokeTestMethods(Invoker.java:1177)
	at org.testng.internal.TestMethodWorker.invokeTestMethods(TestMethodWorker.java:129)
	at org.testng.internal.TestMethodWorker.run(TestMethodWorker.java:112)
	at java.util.concurrent.ThreadPoolExecutor.runWorker(ThreadPoolExecutor.java:1149)
	at java.util.concurrent.ThreadPoolExecutor$Worker.run(ThreadPoolExecutor.java:624)
	at java.lang.Thread.run(Thread.java:748)
15:05:27 Completed Teststep: When navigate to recipe page
15:05:27 Competed scenario: verify Search Results with status FAILURE
15:05:28 

Executing scenario: verify Review Recipe Action for Guest User - verify Review Recipe for Guest User
15:05:28 Invoking Teststep: Given get '/' with arguments: [/]
15:05:29 Completed Teststep: Given get '/' with arguments: [/]
15:05:29 Invoking Teststep: When navigate to recipe page
15:05:29 Invoking Teststep: wait until {loc} to be visible with arguments: [recipeLink.click]
15:05:29 Completed Teststep: wait until {loc} to be visible with arguments: [recipeLink.click]
15:05:29 Invoking Teststep: click on {loc} with arguments: [recipeLink.click]
15:05:30 Completed Teststep: click on {loc} with arguments: [recipeLink.click]
15:05:30 Completed Teststep: When navigate to recipe page
15:05:30 Invoking Teststep: When navigate to search page
15:05:40 Invoking Teststep: wait until {loc} to be visible with arguments: [recipe.search]
15:05:40 Completed Teststep: wait until {loc} to be visible with arguments: [recipe.search]
15:05:40 Invoking Teststep: click on {loc} with arguments: [recipe.search]
15:05:41 Completed Teststep: click on {loc} with arguments: [recipe.search]
15:05:41 Invoking Teststep: wait until {loc} to be visible with arguments: [recipetype.search]
15:05:41 Completed Teststep: wait until {loc} to be visible with arguments: [recipetype.search]
15:05:41 Completed Teststep: When navigate to search page
15:05:41 Invoking Teststep: Then search recipe 'breakfast pizza' with arguments: [breakfast pizza]
15:05:41 Invoking Teststep: wait until {loc} to be visible with arguments: [recipetype.search]
15:05:41 Completed Teststep: wait until {loc} to be visible with arguments: [recipetype.search]
15:05:41 Invoking Teststep: click on {loc} with arguments: [recipetype.search]
15:05:42 Completed Teststep: click on {loc} with arguments: [recipetype.search]
15:05:42 Invoking Teststep: sendKeys {text} into {loc} with arguments: [breakfast pizza?, recipetype.search]
15:05:42 Completed Teststep: sendKeys {text} into {loc} with arguments: [breakfast pizza?, recipetype.search]
15:05:52 Completed Teststep: Then search recipe 'breakfast pizza' with arguments: [breakfast pizza]
15:05:52 Invoking Teststep: Then select a recipe
15:10:48 Invoking Teststep: get {url} with arguments: [/]
15:10:59 Completed Teststep: get {url} with arguments: [/]
15:11:09 Invoking Teststep: click on {loc} with arguments: [button.recipe]
15:11:11 Completed Teststep: click on {loc} with arguments: [button.recipe]
15:11:11 Invoking Teststep: verify {loc} text is {text} with arguments: [text.recipe, RECIPES]
15:11:20 Completed Teststep: verify {loc} text is {text} with arguments: [text.recipe, RECIPES]
15:12:16 Invoking Teststep: get {url} with arguments: [/]
15:12:28 Completed Teststep: get {url} with arguments: [/]
15:12:28 Invoking Teststep: navigate To Recipes page
15:12:38 Invoking Teststep: click on {loc} with arguments: [button.recipe]
15:12:44 Completed Teststep: click on {loc} with arguments: [button.recipe]
15:12:44 Completed Teststep: navigate To Recipes page
15:12:44 Invoking Teststep: verify {loc} text is {text} with arguments: [text.recipe, RECIPES]
15:12:50 Completed Teststep: verify {loc} text is {text} with arguments: [text.recipe, RECIPES]
15:13:35 Invoking Teststep: get {url} with arguments: [/]
15:13:45 Completed Teststep: get {url} with arguments: [/]
15:13:55 Invoking Teststep: click on {loc} with arguments: [button.recipe]
15:14:03 Completed Teststep: click on {loc} with arguments: [button.recipe]
15:14:13 Invoking Teststep: verify {loc} text is {text} with arguments: [text.recipe, RECIPES]
15:14:14 Completed Teststep: verify {loc} text is {text} with arguments: [text.recipe, RECIPES]
15:21:14 Invoking Teststep: get {url} with arguments: [/]
15:21:24 Completed Teststep: get {url} with arguments: [/]
15:21:24 Invoking Teststep: navigate To Recipes page
15:21:34 Invoking Teststep: click on {loc} with arguments: [button.recipe]
15:21:39 Completed Teststep: click on {loc} with arguments: [button.recipe]
15:21:49 Completed Teststep: navigate To Recipes page
15:21:49 Invoking Teststep: verify {loc} text is {text} with arguments: [text.recipe, RECIPES]
15:21:50 Completed Teststep: verify {loc} text is {text} with arguments: [text.recipe, RECIPES]
15:28:17 scenario.file.loc[Ljava.lang.String;@4d1b0d2a
15:28:17 loading BDD file: C:\Users\vaidh\eclipse-workspace\foodautomationadv\.\scenarios\smoketest.bdd
15:28:17 Excluded SCENARIO - verify Test Food Receipe Title:null
15:28:17 Excluded SCENARIO - verify Invalid Search:null
15:28:17 loading BDD file: C:\Users\vaidh\eclipse-workspace\foodautomationadv\.\scenarios\smoketestadv.bdd
15:28:17 loading BDD file: C:\Users\vaidh\eclipse-workspace\foodautomationadv\.\scenarios\suite1.bdd
15:28:17 Excluded SCENARIO - verify Save Recipe Action for Guest User:null
15:28:17 loading BDD file: C:\Users\vaidh\eclipse-workspace\foodautomationadv\.\scenarios\suite2.bdd
15:28:17 total test found: 11
15:28:18 

Executing scenario: SampleTest - Sample Test Scenario
15:28:18 Test Data{searchtext=null, expectedlink=RECIPES, __index=1}
15:28:18 pkg: com.qmetry.qaf.automation.step
15:28:18 pkg: com.qmetry.qaf.example
15:28:18 Found duplicate step to load [] with [lower] prority then []
15:28:18 Invoking Teststep: Given get '/' with arguments: [/]
15:28:29 Completed Teststep: Given get '/' with arguments: [/]
15:28:29 Invoking Teststep: When search for '${searchtext}' with arguments: [${searchtext}]
15:28:29 Invoking Teststep: sendKeys {text} into {loc} with arguments: [null?, input.search]
15:28:59 Failure Teststep: sendKeys {text} into {loc} with arguments: [null?, input.search]
com.qmetry.qaf.automation.step.JavaStepReporter$JPThrowable: org.openqa.selenium.TimeoutException: Timed out after 30 seconds waiting for presence of element located by: By.id: search-input
	at com.qmetry.qaf.automation.step.JavaStepReporter$MockJavaStep.doExecute(JavaStepReporter.java:144)
	at com.qmetry.qaf.automation.step.BaseTestStep.execute(BaseTestStep.java:149)
	at com.qmetry.qaf.automation.step.JavaStepReporter.javaTestStep(JavaStepReporter.java:88)
	at com.qmetry.qaf.automation.step.CommonStep.sendKeys(CommonStep.java:118)
	at com.qmetry.qaf.example.steps.StepsLibrary.searchFor_aroundBody12(StepsLibrary.java:93)
	at com.qmetry.qaf.example.steps.StepsLibrary$AjcClosure13.run(StepsLibrary.java:1)
	at org.aspectj.runtime.reflect.JoinPointImpl.proceed(JoinPointImpl.java:149)
	at com.qmetry.qaf.automation.step.JavaStepReporter.javaTestStep(JavaStepReporter.java:101)
	at com.qmetry.qaf.example.steps.StepsLibrary.searchFor(StepsLibrary.java:92)
	at sun.reflect.NativeMethodAccessorImpl.invoke0(Native Method)
	at sun.reflect.NativeMethodAccessorImpl.invoke(NativeMethodAccessorImpl.java:62)
	at sun.reflect.DelegatingMethodAccessorImpl.invoke(DelegatingMethodAccessorImpl.java:43)
	at java.lang.reflect.Method.invoke(Method.java:498)
	at com.qmetry.qaf.automation.step.JavaStep.doExecute(JavaStep.java:153)
	at com.qmetry.qaf.automation.step.BaseTestStep.execute(BaseTestStep.java:149)
	at com.qmetry.qaf.automation.step.StringTestStep.execute(StringTestStep.java:134)
	at com.qmetry.qaf.automation.step.client.Scenario.execute(Scenario.java:180)
	at com.qmetry.qaf.automation.step.client.DataDrivenScenario.scenario(DataDrivenScenario.java:69)
	at sun.reflect.NativeMethodAccessorImpl.invoke0(Native Method)
	at sun.reflect.NativeMethodAccessorImpl.invoke(NativeMethodAccessorImpl.java:62)
	at sun.reflect.DelegatingMethodAccessorImpl.invoke(DelegatingMethodAccessorImpl.java:43)
	at java.lang.reflect.Method.invoke(Method.java:498)
	at org.testng.internal.MethodInvocationHelper.invokeMethod(MethodInvocationHelper.java:104)
	at org.testng.internal.Invoker.invokeMethod(Invoker.java:645)
	at org.testng.internal.Invoker.invokeTestMethod(Invoker.java:851)
	at org.testng.internal.Invoker.invokeTestMethods(Invoker.java:1177)
	at org.testng.internal.TestMethodWorker.invokeTestMethods(TestMethodWorker.java:129)
	at org.testng.internal.TestMethodWorker.run(TestMethodWorker.java:112)
	at java.util.concurrent.ThreadPoolExecutor.runWorker(ThreadPoolExecutor.java:1149)
	at java.util.concurrent.ThreadPoolExecutor$Worker.run(ThreadPoolExecutor.java:624)
	at java.lang.Thread.run(Thread.java:748)
Caused by: org.openqa.selenium.TimeoutException: Timed out after 30 seconds waiting for presence of element located by: By.id: search-input
	at com.qmetry.qaf.automation.ui.util.DynamicWait.until(DynamicWait.java:170)
	at com.qmetry.qaf.automation.ui.webdriver.QAFExtendedWebDriver.load(QAFExtendedWebDriver.java:215)
	at com.qmetry.qaf.automation.ui.webdriver.QAFExtendedWebElement.load(QAFExtendedWebElement.java:299)
	at com.qmetry.qaf.automation.ui.webdriver.QAFExtendedWebElement.execute(QAFExtendedWebElement.java:250)
	at org.openqa.selenium.remote.RemoteWebElement.sendKeys(RemoteWebElement.java:106)
	at com.qmetry.qaf.automation.step.CommonStep.sendKeys_aroundBody6(CommonStep.java:119)
	at com.qmetry.qaf.automation.step.CommonStep$AjcClosure7.run(CommonStep.java:1)
	at org.aspectj.runtime.reflect.JoinPointImpl.proceed(JoinPointImpl.java:149)
	at com.qmetry.qaf.automation.step.JavaStepReporter$MockJavaStep.doExecute(JavaStepReporter.java:138)
	... 30 more
Caused by: org.openqa.selenium.NoSuchElementException: no such element: Unable to locate element: {"method":"css selector","selector":"#search\-input"}
  (Session info: chrome=81.0.4044.138)
For documentation on this error, please visit: https://www.seleniumhq.org/exceptions/no_such_element.html
Build info: version: '3.141.59', revision: 'e82be7d358', time: '2018-11-14T08:17:03'
System info: host: 'VAIDHUSANTHU', ip: '192.168.0.56', os.name: 'Windows 10', os.arch: 'amd64', os.version: '10.0', java.version: '1.8.0_231'
Driver info: com.qmetry.qaf.automation.ui.webdriver.QAFExtendedWebDriver
Capabilities {acceptInsecureCerts: false, browserName: chrome, browserVersion: 81.0.4044.138, chrome: {chromedriverVersion: 81.0.4044.69 (6813546031a4b..., userDataDir: C:\Users\vaidh\AppData\Loca...}, goog:chromeOptions: {debuggerAddress: localhost:65156}, javascriptEnabled: true, networkConnectionEnabled: false, pageLoadStrategy: normal, platform: WINDOWS, platformName: WINDOWS, proxy: Proxy(), setWindowRect: true, strictFileInteractability: false, timeouts: {implicit: 0, pageLoad: 300000, script: 30000}, unhandledPromptBehavior: dismiss and notify, webauthn:virtualAuthenticators: true}
Session ID: be9e20f5bff85f747f8c1d86b23a2001
*** Element info: {Using=id, value=search-input}
	at sun.reflect.GeneratedConstructorAccessor15.newInstance(Unknown Source)
	at sun.reflect.DelegatingConstructorAccessorImpl.newInstance(DelegatingConstructorAccessorImpl.java:45)
	at java.lang.reflect.Constructor.newInstance(Constructor.java:423)
	at org.openqa.selenium.remote.http.W3CHttpResponseCodec.createException(W3CHttpResponseCodec.java:187)
	at org.openqa.selenium.remote.http.W3CHttpResponseCodec.decode(W3CHttpResponseCodec.java:122)
	at org.openqa.selenium.remote.http.W3CHttpResponseCodec.decode(W3CHttpResponseCodec.java:49)
	at org.openqa.selenium.remote.HttpCommandExecutor.execute(HttpCommandExecutor.java:158)
	at org.openqa.selenium.remote.RemoteWebDriver.execute(RemoteWebDriver.java:552)
	at com.qmetry.qaf.automation.ui.webdriver.QAFExtendedWebDriver.execute(QAFExtendedWebDriver.java:235)
	at org.openqa.selenium.remote.RemoteWebDriver.findElement(RemoteWebDriver.java:323)
	at org.openqa.selenium.remote.RemoteWebDriver.findElementById(RemoteWebDriver.java:372)
	at com.qmetry.qaf.automation.ui.webdriver.QAFExtendedWebDriver.findElementById(QAFExtendedWebDriver.java:374)
	at com.qmetry.qaf.automation.ui.webdriver.QAFExtendedWebDriver.findElementById(QAFExtendedWebDriver.java:1)
	at org.openqa.selenium.By$ById.findElement(By.java:188)
	at org.openqa.selenium.remote.RemoteWebDriver.findElement(RemoteWebDriver.java:315)
	at com.qmetry.qaf.automation.ui.webdriver.QAFExtendedWebDriver.findElement(QAFExtendedWebDriver.java:170)
	at com.qmetry.qaf.automation.ui.webdriver.QAFExtendedWebDriver.findElement(QAFExtendedWebDriver.java:1)
	at org.openqa.selenium.support.ui.ExpectedConditions$6.apply(ExpectedConditions.java:182)
	at org.openqa.selenium.support.ui.ExpectedConditions$6.apply(ExpectedConditions.java:179)
	at com.qmetry.qaf.automation.ui.util.DynamicWait.until(DynamicWait.java:149)
	... 38 more
15:28:59 Completed Teststep: sendKeys {text} into {loc} with arguments: [null?, input.search]
15:28:59 Failure Teststep: When search for '${searchtext}' with arguments: [${searchtext}]
org.openqa.selenium.TimeoutException: Timed out after 30 seconds waiting for presence of element located by: By.id: search-input
	at com.qmetry.qaf.automation.ui.util.DynamicWait.until(DynamicWait.java:170)
	at com.qmetry.qaf.automation.ui.webdriver.QAFExtendedWebDriver.load(QAFExtendedWebDriver.java:215)
	at com.qmetry.qaf.automation.ui.webdriver.QAFExtendedWebElement.load(QAFExtendedWebElement.java:299)
	at com.qmetry.qaf.automation.ui.webdriver.QAFExtendedWebElement.execute(QAFExtendedWebElement.java:250)
	at org.openqa.selenium.remote.RemoteWebElement.sendKeys(RemoteWebElement.java:106)
	at com.qmetry.qaf.automation.step.CommonStep.sendKeys_aroundBody6(CommonStep.java:119)
	at com.qmetry.qaf.automation.step.CommonStep$AjcClosure7.run(CommonStep.java:1)
	at org.aspectj.runtime.reflect.JoinPointImpl.proceed(JoinPointImpl.java:149)
	at com.qmetry.qaf.automation.step.JavaStepReporter$MockJavaStep.doExecute(JavaStepReporter.java:138)
	at com.qmetry.qaf.automation.step.BaseTestStep.execute(BaseTestStep.java:149)
	at com.qmetry.qaf.automation.step.JavaStepReporter.javaTestStep(JavaStepReporter.java:88)
	at com.qmetry.qaf.automation.step.CommonStep.sendKeys(CommonStep.java:118)
	at com.qmetry.qaf.example.steps.StepsLibrary.searchFor_aroundBody12(StepsLibrary.java:93)
	at com.qmetry.qaf.example.steps.StepsLibrary$AjcClosure13.run(StepsLibrary.java:1)
	at org.aspectj.runtime.reflect.JoinPointImpl.proceed(JoinPointImpl.java:149)
	at com.qmetry.qaf.automation.step.JavaStepReporter.javaTestStep(JavaStepReporter.java:101)
	at com.qmetry.qaf.example.steps.StepsLibrary.searchFor(StepsLibrary.java:92)
	at sun.reflect.NativeMethodAccessorImpl.invoke0(Native Method)
	at sun.reflect.NativeMethodAccessorImpl.invoke(NativeMethodAccessorImpl.java:62)
	at sun.reflect.DelegatingMethodAccessorImpl.invoke(DelegatingMethodAccessorImpl.java:43)
	at java.lang.reflect.Method.invoke(Method.java:498)
	at com.qmetry.qaf.automation.step.JavaStep.doExecute(JavaStep.java:153)
	at com.qmetry.qaf.automation.step.BaseTestStep.execute(BaseTestStep.java:149)
	at com.qmetry.qaf.automation.step.StringTestStep.execute(StringTestStep.java:134)
	at com.qmetry.qaf.automation.step.client.Scenario.execute(Scenario.java:180)
	at com.qmetry.qaf.automation.step.client.DataDrivenScenario.scenario(DataDrivenScenario.java:69)
	at sun.reflect.NativeMethodAccessorImpl.invoke0(Native Method)
	at sun.reflect.NativeMethodAccessorImpl.invoke(NativeMethodAccessorImpl.java:62)
	at sun.reflect.DelegatingMethodAccessorImpl.invoke(DelegatingMethodAccessorImpl.java:43)
	at java.lang.reflect.Method.invoke(Method.java:498)
	at org.testng.internal.MethodInvocationHelper.invokeMethod(MethodInvocationHelper.java:104)
	at org.testng.internal.Invoker.invokeMethod(Invoker.java:645)
	at org.testng.internal.Invoker.invokeTestMethod(Invoker.java:851)
	at org.testng.internal.Invoker.invokeTestMethods(Invoker.java:1177)
	at org.testng.internal.TestMethodWorker.invokeTestMethods(TestMethodWorker.java:129)
	at org.testng.internal.TestMethodWorker.run(TestMethodWorker.java:112)
	at java.util.concurrent.ThreadPoolExecutor.runWorker(ThreadPoolExecutor.java:1149)
	at java.util.concurrent.ThreadPoolExecutor$Worker.run(ThreadPoolExecutor.java:624)
	at java.lang.Thread.run(Thread.java:748)
Caused by: org.openqa.selenium.NoSuchElementException: no such element: Unable to locate element: {"method":"css selector","selector":"#search\-input"}
  (Session info: chrome=81.0.4044.138)
For documentation on this error, please visit: https://www.seleniumhq.org/exceptions/no_such_element.html
Build info: version: '3.141.59', revision: 'e82be7d358', time: '2018-11-14T08:17:03'
System info: host: 'VAIDHUSANTHU', ip: '192.168.0.56', os.name: 'Windows 10', os.arch: 'amd64', os.version: '10.0', java.version: '1.8.0_231'
Driver info: com.qmetry.qaf.automation.ui.webdriver.QAFExtendedWebDriver
Capabilities {acceptInsecureCerts: false, browserName: chrome, browserVersion: 81.0.4044.138, chrome: {chromedriverVersion: 81.0.4044.69 (6813546031a4b..., userDataDir: C:\Users\vaidh\AppData\Loca...}, goog:chromeOptions: {debuggerAddress: localhost:65156}, javascriptEnabled: true, networkConnectionEnabled: false, pageLoadStrategy: normal, platform: WINDOWS, platformName: WINDOWS, proxy: Proxy(), setWindowRect: true, strictFileInteractability: false, timeouts: {implicit: 0, pageLoad: 300000, script: 30000}, unhandledPromptBehavior: dismiss and notify, webauthn:virtualAuthenticators: true}
Session ID: be9e20f5bff85f747f8c1d86b23a2001
*** Element info: {Using=id, value=search-input}
	at sun.reflect.GeneratedConstructorAccessor15.newInstance(Unknown Source)
	at sun.reflect.DelegatingConstructorAccessorImpl.newInstance(DelegatingConstructorAccessorImpl.java:45)
	at java.lang.reflect.Constructor.newInstance(Constructor.java:423)
	at org.openqa.selenium.remote.http.W3CHttpResponseCodec.createException(W3CHttpResponseCodec.java:187)
	at org.openqa.selenium.remote.http.W3CHttpResponseCodec.decode(W3CHttpResponseCodec.java:122)
	at org.openqa.selenium.remote.http.W3CHttpResponseCodec.decode(W3CHttpResponseCodec.java:49)
	at org.openqa.selenium.remote.HttpCommandExecutor.execute(HttpCommandExecutor.java:158)
	at org.openqa.selenium.remote.RemoteWebDriver.execute(RemoteWebDriver.java:552)
	at com.qmetry.qaf.automation.ui.webdriver.QAFExtendedWebDriver.execute(QAFExtendedWebDriver.java:235)
	at org.openqa.selenium.remote.RemoteWebDriver.findElement(RemoteWebDriver.java:323)
	at org.openqa.selenium.remote.RemoteWebDriver.findElementById(RemoteWebDriver.java:372)
	at com.qmetry.qaf.automation.ui.webdriver.QAFExtendedWebDriver.findElementById(QAFExtendedWebDriver.java:374)
	at com.qmetry.qaf.automation.ui.webdriver.QAFExtendedWebDriver.findElementById(QAFExtendedWebDriver.java:1)
	at org.openqa.selenium.By$ById.findElement(By.java:188)
	at org.openqa.selenium.remote.RemoteWebDriver.findElement(RemoteWebDriver.java:315)
	at com.qmetry.qaf.automation.ui.webdriver.QAFExtendedWebDriver.findElement(QAFExtendedWebDriver.java:170)
	at com.qmetry.qaf.automation.ui.webdriver.QAFExtendedWebDriver.findElement(QAFExtendedWebDriver.java:1)
	at org.openqa.selenium.support.ui.ExpectedConditions$6.apply(ExpectedConditions.java:182)
	at org.openqa.selenium.support.ui.ExpectedConditions$6.apply(ExpectedConditions.java:179)
	at com.qmetry.qaf.automation.ui.util.DynamicWait.until(DynamicWait.java:149)
	... 38 more
15:28:59 Completed Teststep: When search for '${searchtext}' with arguments: [${searchtext}]
15:28:59 Competed scenario: SampleTest with status FAILURE
15:29:00 

Executing scenario: verify Test Food Receipe Title - verify Test Food Receipe Title
15:29:00 Invoking Teststep: Given get '/' with arguments: [/]
15:29:02 Completed Teststep: Given get '/' with arguments: [/]
15:29:02 Invoking Teststep: When navigate To Recipes page
15:29:12 Invoking Teststep: click on {loc} with arguments: [button.recipe]
15:29:13 Completed Teststep: click on {loc} with arguments: [button.recipe]
15:29:23 Completed Teststep: When navigate To Recipes page
15:29:23 Invoking Teststep: Then verify text is RECIPES
15:29:23 Invoking Teststep: verify {loc} text is {text} with arguments: [text.recipe, RECIPES]
15:29:23 Completed Teststep: verify {loc} text is {text} with arguments: [text.recipe, RECIPES]
15:29:23 Completed Teststep: Then verify text is RECIPES
15:29:23 Competed scenario: verify Test Food Receipe Title with status SUCCESS
15:29:23 

Executing scenario: verify Search Results - verify Search Results -count
15:29:23 Invoking Teststep: Given get '/' with arguments: [/]
15:29:24 Completed Teststep: Given get '/' with arguments: [/]
15:29:24 Invoking Teststep: When navigate to recipe page
15:29:24 Invoking Teststep: wait until {loc} to be visible with arguments: [recipeLink.click]
15:29:25 Completed Teststep: wait until {loc} to be visible with arguments: [recipeLink.click]
15:29:25 Invoking Teststep: click on {loc} with arguments: [recipeLink.click]
15:29:26 Completed Teststep: click on {loc} with arguments: [recipeLink.click]
15:29:26 Completed Teststep: When navigate to recipe page
15:29:26 Invoking Teststep: When navigate to search page
15:29:36 Invoking Teststep: wait until {loc} to be visible with arguments: [recipe.search]
15:29:36 Completed Teststep: wait until {loc} to be visible with arguments: [recipe.search]
15:29:36 Invoking Teststep: click on {loc} with arguments: [recipe.search]
15:29:37 Completed Teststep: click on {loc} with arguments: [recipe.search]
15:29:37 Invoking Teststep: wait until {loc} to be visible with arguments: [recipetype.search]
15:29:38 Completed Teststep: wait until {loc} to be visible with arguments: [recipetype.search]
15:29:38 Completed Teststep: When navigate to search page
15:29:38 Invoking Teststep: Then search recipe 'Biriyani' with arguments: [Biriyani]
15:29:38 Invoking Teststep: wait until {loc} to be visible with arguments: [recipetype.search]
15:29:38 Completed Teststep: wait until {loc} to be visible with arguments: [recipetype.search]
15:29:38 Invoking Teststep: click on {loc} with arguments: [recipetype.search]
15:29:38 Completed Teststep: click on {loc} with arguments: [recipetype.search]
15:29:38 Invoking Teststep: sendKeys {text} into {loc} with arguments: [Biriyani?, recipetype.search]
15:29:38 Completed Teststep: sendKeys {text} into {loc} with arguments: [Biriyani?, recipetype.search]
15:29:48 Completed Teststep: Then search recipe 'Biriyani' with arguments: [Biriyani]
15:29:48 Invoking Teststep: Then verify result count
15:29:48 Invoking Teststep: wait until {loc} to be visible with arguments: [resultCountText.verify]
15:29:48 Completed Teststep: wait until {loc} to be visible with arguments: [resultCountText.verify]
15:29:48 Invoking Teststep: scroll Down To Bottom
15:29:48 Completed Teststep: scroll Down To Bottom
15:29:48 Invoking Teststep: assert {loc} text is {text} with arguments: [resultCountText.verify, 10 RESULTS]
15:29:49 Completed Teststep: assert {loc} text is {text} with arguments: [resultCountText.verify, 10 RESULTS]
15:29:49 Completed Teststep: Then verify result count
15:29:49 Competed scenario: verify Search Results with status SUCCESS
15:29:49 

Executing scenario: verify Review Recipe Action for Guest User - verify Review Recipe for Guest User
15:29:49 Invoking Teststep: Given get '/' with arguments: [/]
15:29:49 Completed Teststep: Given get '/' with arguments: [/]
15:29:49 Invoking Teststep: When navigate to recipe page
15:29:49 Invoking Teststep: wait until {loc} to be visible with arguments: [recipeLink.click]
15:29:50 Completed Teststep: wait until {loc} to be visible with arguments: [recipeLink.click]
15:29:50 Invoking Teststep: click on {loc} with arguments: [recipeLink.click]
15:29:51 Completed Teststep: click on {loc} with arguments: [recipeLink.click]
15:29:51 Completed Teststep: When navigate to recipe page
15:29:51 Invoking Teststep: When navigate to search page
15:30:01 Invoking Teststep: wait until {loc} to be visible with arguments: [recipe.search]
15:30:01 Completed Teststep: wait until {loc} to be visible with arguments: [recipe.search]
15:30:01 Invoking Teststep: click on {loc} with arguments: [recipe.search]
15:30:02 Completed Teststep: click on {loc} with arguments: [recipe.search]
15:30:02 Invoking Teststep: wait until {loc} to be visible with arguments: [recipetype.search]
15:30:02 Completed Teststep: wait until {loc} to be visible with arguments: [recipetype.search]
15:30:02 Completed Teststep: When navigate to search page
15:30:02 Invoking Teststep: Then search recipe 'breakfast pizza' with arguments: [breakfast pizza]
15:30:02 Invoking Teststep: wait until {loc} to be visible with arguments: [recipetype.search]
15:30:02 Completed Teststep: wait until {loc} to be visible with arguments: [recipetype.search]
15:30:02 Invoking Teststep: click on {loc} with arguments: [recipetype.search]
15:30:03 Completed Teststep: click on {loc} with arguments: [recipetype.search]
15:30:03 Invoking Teststep: sendKeys {text} into {loc} with arguments: [breakfast pizza?, recipetype.search]
15:30:03 Completed Teststep: sendKeys {text} into {loc} with arguments: [breakfast pizza?, recipetype.search]
15:32:25 scenario.file.loc[Ljava.lang.String;@4524411f
15:32:25 loading BDD file: C:\Users\vaidh\eclipse-workspace\foodautomationadv\.\scenarios\smoketestadv.bdd
15:32:25 total test found: 1
16:32:30 scenario.file.loc[Ljava.lang.String;@10dba097
16:32:30 loading feature file: C:\Users\vaidh\eclipse-workspace\foodautomationadv\.\scenarios\metadata.feature
16:32:30 total test found: 3
16:32:30 

Executing scenario: verify Test Food Receipe Title - 
16:32:30 Test Data{searchtext=breakfast pizza, Reviewcomment=Good, searchRecipe=Biriyani, Invalidsearch=Iphone, recipeTittle=RECIPES, username=vdhuggis@gmail.com, password=Arjun@17, __index=1}
16:32:30 pkg: com.qmetry.qaf.automation.step
16:32:30 pkg: com.qmetry.qaf.example
16:32:30 Found duplicate step to load [] with [lower] prority then []
16:32:30 Invoking Teststep: Given get '/' with arguments: [/]
16:32:39 Completed Teststep: Given get '/' with arguments: [/]
16:32:39 Invoking Teststep: When navigate to recipe page
16:32:39 Invoking Teststep: click on {loc} with arguments: [recipeLink.click]
16:32:40 Completed Teststep: click on {loc} with arguments: [recipeLink.click]
16:32:40 Completed Teststep: When navigate to recipe page
16:32:40 
/**
* Auto-generated code snippet by QMetry Automation Framework.
*/
@QAFTestStep(description="verify text is RECIPES {0}")
public void verifyTextIsRECIPES(String str0){
	//TODO: remove NotYetImplementedException and call test steps
	throw new NotYetImplementedException();
}
16:32:40 Competed scenario: verify Test Food Receipe Title with status FAILURE
16:32:40 

Executing scenario: verify Review Recipe Action for Guest User - 
16:32:40 Test Data{searchtext=breakfast pizza, Reviewcomment=Good, searchRecipe=Biriyani, Invalidsearch=Iphone, recipeTittle=RECIPES, username=vdhuggis@gmail.com, password=Arjun@17, __index=1}
16:32:40 Invoking Teststep: Given get '/' with arguments: [/]
16:32:41 Completed Teststep: Given get '/' with arguments: [/]
16:32:41 Invoking Teststep: When navigate to recipe page
16:32:41 Invoking Teststep: click on {loc} with arguments: [recipeLink.click]
16:32:42 Completed Teststep: click on {loc} with arguments: [recipeLink.click]
16:32:42 Completed Teststep: When navigate to recipe page
16:32:42 Invoking Teststep: When navigate to search page
16:32:52 Invoking Teststep: click on {loc} with arguments: [recipe.search]
16:32:52 Completed Teststep: click on {loc} with arguments: [recipe.search]
16:32:52 Invoking Teststep: wait until {loc} to be visible with arguments: [recipetype.search]
16:32:53 Completed Teststep: wait until {loc} to be visible with arguments: [recipetype.search]
16:32:53 Completed Teststep: When navigate to search page
16:32:53 Invoking Teststep: Then search recipe '${searchtext}' with arguments: [${searchtext}]
16:32:53 Invoking Teststep: click on {loc} with arguments: [recipetype.search]
16:32:53 Completed Teststep: click on {loc} with arguments: [recipetype.search]
16:32:53 Invoking Teststep: sendKeys {text} into {loc} with arguments: [breakfast pizza?, recipetype.search]
16:32:54 Completed Teststep: sendKeys {text} into {loc} with arguments: [breakfast pizza?, recipetype.search]
16:33:04 Completed Teststep: Then search recipe 'breakfast pizza' with arguments: [${searchtext}]
16:33:04 Invoking Teststep: Then select a recipe
16:33:14 Invoking Teststep: click on {loc} with arguments: [pizzaRecipeImg.click]
16:33:15 Completed Teststep: click on {loc} with arguments: [pizzaRecipeImg.click]
16:33:25 Completed Teststep: Then select a recipe
16:33:25 Invoking Teststep: Then click on review btn
16:33:25 Invoking Teststep: click on {loc} with arguments: [reviewBtn.click]
16:33:25 Completed Teststep: click on {loc} with arguments: [reviewBtn.click]
16:34:56 scenario.file.loc[Ljava.lang.String;@10dba097
16:34:56 loading feature file: C:\Users\vaidh\eclipse-workspace\foodautomationadv\.\scenarios\metadata.feature
16:34:56 total test found: 3
16:34:56 

Executing scenario: verify Test Food Receipe Title - 
16:34:56 Test Data{searchtext=breakfast pizza, Reviewcomment=Good, searchRecipe=Biriyani, Invalidsearch=Iphone, recipeTittle=RECIPES, username=vdhuggis@gmail.com, password=Arjun@17, __index=1}
16:34:56 pkg: com.qmetry.qaf.automation.step
16:34:56 pkg: com.qmetry.qaf.example
16:34:56 Found duplicate step to load [] with [lower] prority then []
16:34:56 Invoking Teststep: Given get '/' with arguments: [/]
16:35:06 Completed Teststep: Given get '/' with arguments: [/]
16:35:06 Invoking Teststep: When navigate to recipe page
16:35:06 Invoking Teststep: wait until {loc} to be visible with arguments: [recipeLink.click]
16:35:07 Completed Teststep: wait until {loc} to be visible with arguments: [recipeLink.click]
16:35:07 Invoking Teststep: click on {loc} with arguments: [recipeLink.click]
16:35:07 Completed Teststep: click on {loc} with arguments: [recipeLink.click]
16:35:07 Completed Teststep: When navigate to recipe page
16:35:07 Invoking Teststep: Then verify text is RECIPES '${recipeTittle}' with arguments: [${recipeTittle}]
16:35:07 Invoking Teststep: verify {loc} text is {text} with arguments: [text.recipe, RECIPES]
16:35:09 Completed Teststep: verify {loc} text is {text} with arguments: [text.recipe, RECIPES]
16:35:09 Completed Teststep: Then verify text is RECIPES '${recipeTittle}' with arguments: [${recipeTittle}]
16:35:09 Competed scenario: verify Test Food Receipe Title with status SUCCESS
16:35:09 

Executing scenario: verify Review Recipe Action for Guest User - 
16:35:09 Test Data{searchtext=breakfast pizza, Reviewcomment=Good, searchRecipe=Biriyani, Invalidsearch=Iphone, recipeTittle=RECIPES, username=vdhuggis@gmail.com, password=Arjun@17, __index=1}
16:35:09 Invoking Teststep: Given get '/' with arguments: [/]
16:35:11 Completed Teststep: Given get '/' with arguments: [/]
16:35:11 Invoking Teststep: When navigate to recipe page
16:35:11 Invoking Teststep: wait until {loc} to be visible with arguments: [recipeLink.click]
16:35:11 Completed Teststep: wait until {loc} to be visible with arguments: [recipeLink.click]
16:35:11 Invoking Teststep: click on {loc} with arguments: [recipeLink.click]
16:35:11 Completed Teststep: click on {loc} with arguments: [recipeLink.click]
16:35:11 Completed Teststep: When navigate to recipe page
16:35:11 Invoking Teststep: When navigate to search page
16:35:21 Invoking Teststep: wait until {loc} to be visible with arguments: [recipe.search]
16:35:22 Completed Teststep: wait until {loc} to be visible with arguments: [recipe.search]
16:35:22 Invoking Teststep: click on {loc} with arguments: [recipe.search]
16:35:22 Completed Teststep: click on {loc} with arguments: [recipe.search]
16:35:22 Invoking Teststep: wait until {loc} to be visible with arguments: [recipetype.search]
16:35:23 Completed Teststep: wait until {loc} to be visible with arguments: [recipetype.search]
16:35:23 Completed Teststep: When navigate to search page
16:35:23 Invoking Teststep: Then search recipe '${searchtext}' with arguments: [${searchtext}]
16:35:23 Invoking Teststep: wait until {loc} to be visible with arguments: [recipetype.search]
16:35:23 Completed Teststep: wait until {loc} to be visible with arguments: [recipetype.search]
16:35:23 Invoking Teststep: click on {loc} with arguments: [recipetype.search]
16:35:23 Completed Teststep: click on {loc} with arguments: [recipetype.search]
16:35:23 Invoking Teststep: sendKeys {text} into {loc} with arguments: [breakfast pizza?, recipetype.search]
16:35:23 Completed Teststep: sendKeys {text} into {loc} with arguments: [breakfast pizza?, recipetype.search]
16:35:33 Completed Teststep: Then search recipe 'breakfast pizza' with arguments: [${searchtext}]
16:35:33 Invoking Teststep: Then select a recipe
16:35:43 Invoking Teststep: wait until {loc} to be visible with arguments: [pizzaRecipeImg.click]
16:35:43 Completed Teststep: wait until {loc} to be visible with arguments: [pizzaRecipeImg.click]
16:35:43 Invoking Teststep: click on {loc} with arguments: [pizzaRecipeImg.click]
16:35:46 Completed Teststep: click on {loc} with arguments: [pizzaRecipeImg.click]
16:35:56 Completed Teststep: Then select a recipe
16:35:56 Invoking Teststep: Then click on review btn
16:35:56 Invoking Teststep: wait until {loc} to be visible with arguments: [reviewBtn.click]
16:35:56 Completed Teststep: wait until {loc} to be visible with arguments: [reviewBtn.click]
16:35:56 Invoking Teststep: click on {loc} with arguments: [reviewBtn.click]
16:35:56 Completed Teststep: click on {loc} with arguments: [reviewBtn.click]
16:36:06 Completed Teststep: Then click on review btn
16:36:06 Invoking Teststep: Then write a review '${Reviewcomment}' with arguments: [${Reviewcomment}]
16:36:06 Invoking Teststep: wait until {loc} to be visible with arguments: [writeReview.click]
16:36:06 Completed Teststep: wait until {loc} to be visible with arguments: [writeReview.click]
16:36:16 Invoking Teststep: sendKeys {text} into {loc} with arguments: [Good?, writeReview.click]
16:36:16 Completed Teststep: sendKeys {text} into {loc} with arguments: [Good?, writeReview.click]
16:36:26 Completed Teststep: Then write a review 'Good' with arguments: [${Reviewcomment}]
16:36:26 Invoking Teststep: Then verify login message for unregistered user while save/review
16:36:26 Invoking Teststep: wait until {loc} to be visible with arguments: [saveMessageText.verify]
16:36:26 Completed Teststep: wait until {loc} to be visible with arguments: [saveMessageText.verify]
16:36:36 Invoking Teststep: assert {loc} is visible with arguments: [saveMessageText.verify]
16:36:37 Completed Teststep: assert {loc} is visible with arguments: [saveMessageText.verify]
16:36:37 Completed Teststep: Then verify login message for unregistered user while save/review
16:36:37 Competed scenario: verify Review Recipe Action for Guest User with status SUCCESS
16:36:37 

Executing scenario: verify Invalid Search - 
16:36:37 Test Data{searchtext=breakfast pizza, Reviewcomment=Good, searchRecipe=Biriyani, Invalidsearch=Iphone, recipeTittle=RECIPES, username=vdhuggis@gmail.com, password=Arjun@17, __index=1}
16:36:37 Invoking Teststep: Given get '/' with arguments: [/]
16:36:38 Completed Teststep: Given get '/' with arguments: [/]
16:36:38 Invoking Teststep: When navigate to recipe page
16:36:38 Invoking Teststep: wait until {loc} to be visible with arguments: [recipeLink.click]
16:36:39 Completed Teststep: wait until {loc} to be visible with arguments: [recipeLink.click]
16:36:39 Invoking Teststep: click on {loc} with arguments: [recipeLink.click]
16:36:39 Completed Teststep: click on {loc} with arguments: [recipeLink.click]
16:36:39 Completed Teststep: When navigate to recipe page
16:36:39 Invoking Teststep: When navigate to search page
16:36:49 Invoking Teststep: wait until {loc} to be visible with arguments: [recipe.search]
16:36:49 Completed Teststep: wait until {loc} to be visible with arguments: [recipe.search]
16:36:49 Invoking Teststep: click on {loc} with arguments: [recipe.search]
16:36:51 Completed Teststep: click on {loc} with arguments: [recipe.search]
16:36:51 Invoking Teststep: wait until {loc} to be visible with arguments: [recipetype.search]
16:36:51 Completed Teststep: wait until {loc} to be visible with arguments: [recipetype.search]
16:36:51 Completed Teststep: When navigate to search page
16:36:51 Invoking Teststep: Then search recipe '${Invalidsearch}' with arguments: [${Invalidsearch}]
16:36:51 Invoking Teststep: wait until {loc} to be visible with arguments: [recipetype.search]
16:36:51 Completed Teststep: wait until {loc} to be visible with arguments: [recipetype.search]
16:36:51 Invoking Teststep: click on {loc} with arguments: [recipetype.search]
16:36:52 Completed Teststep: click on {loc} with arguments: [recipetype.search]
16:36:52 Invoking Teststep: sendKeys {text} into {loc} with arguments: [Iphone?, recipetype.search]
16:36:52 Completed Teststep: sendKeys {text} into {loc} with arguments: [Iphone?, recipetype.search]
16:37:02 Completed Teststep: Then search recipe 'Iphone' with arguments: [${Invalidsearch}]
16:37:02 Invoking Teststep: Then verify no match message
16:37:02 Invoking Teststep: wait until {loc} to be visible with arguments: [noMatchRecipeMsg.verify]
16:37:02 Completed Teststep: wait until {loc} to be visible with arguments: [noMatchRecipeMsg.verify]
16:37:02 Invoking Teststep: assert {loc} is visible with arguments: [noMatchRecipeMsg.verify]
16:37:02 Completed Teststep: assert {loc} is visible with arguments: [noMatchRecipeMsg.verify]
16:37:02 Completed Teststep: Then verify no match message
16:37:02 Competed scenario: verify Invalid Search with status SUCCESS
16:39:13 scenario.file.loc[Ljava.lang.String;@10dba097
16:39:13 loading feature file: C:\Users\vaidh\eclipse-workspace\foodautomationadv\.\scenarios\metadata.feature
16:39:13 total test found: 3
16:39:13 

Executing scenario: verify Test Food Receipe Title - 
16:39:13 Test Data{searchtext=breakfast pizza, Reviewcomment=Good, searchRecipe=Biriyani, Invalidsearch=Iphone, recipeTittle=RECIPES, username=vdhuggis@gmail.com, password=Arjun@17, __index=1}
16:39:13 pkg: com.qmetry.qaf.automation.step
16:39:14 pkg: com.qmetry.qaf.example
16:39:14 Found duplicate step to load [] with [lower] prority then []
16:39:14 Invoking Teststep: Given get '/' with arguments: [/]
16:39:23 Completed Teststep: Given get '/' with arguments: [/]
16:39:23 Invoking Teststep: When navigate to recipe page
16:39:23 Invoking Teststep: click on {loc} with arguments: [recipeLink.click]
16:39:23 Completed Teststep: click on {loc} with arguments: [recipeLink.click]
16:39:23 Completed Teststep: When navigate to recipe page
16:39:23 Invoking Teststep: Then verify text is RECIPES '${recipeTittle}' with arguments: [${recipeTittle}]
16:39:26 Completed Teststep: Then verify text is RECIPES '${recipeTittle}' with arguments: [${recipeTittle}]
16:39:26 Competed scenario: verify Test Food Receipe Title with status SUCCESS
16:39:26 

Executing scenario: verify Review Recipe Action for Guest User - 
16:39:26 Test Data{searchtext=breakfast pizza, Reviewcomment=Good, searchRecipe=Biriyani, Invalidsearch=Iphone, recipeTittle=RECIPES, username=vdhuggis@gmail.com, password=Arjun@17, __index=1}
16:39:26 Invoking Teststep: Given get '/' with arguments: [/]
16:39:27 Completed Teststep: Given get '/' with arguments: [/]
16:39:27 Invoking Teststep: When navigate to recipe page
16:39:27 Invoking Teststep: click on {loc} with arguments: [recipeLink.click]
16:39:27 Completed Teststep: click on {loc} with arguments: [recipeLink.click]
16:39:27 Completed Teststep: When navigate to recipe page
16:39:27 Invoking Teststep: When navigate to search page
16:39:38 Invoking Teststep: click on {loc} with arguments: [recipe.search]
16:39:38 Completed Teststep: click on {loc} with arguments: [recipe.search]
16:39:38 Invoking Teststep: wait until {loc} to be visible with arguments: [recipetype.search]
16:39:39 Completed Teststep: wait until {loc} to be visible with arguments: [recipetype.search]
16:39:39 Completed Teststep: When navigate to search page
16:39:39 Invoking Teststep: Then search recipe '${searchtext}' with arguments: [${searchtext}]
16:39:39 Invoking Teststep: click on {loc} with arguments: [recipetype.search]
16:39:39 Completed Teststep: click on {loc} with arguments: [recipetype.search]
16:39:39 Invoking Teststep: sendKeys {text} into {loc} with arguments: [breakfast pizza?, recipetype.search]
16:39:40 Completed Teststep: sendKeys {text} into {loc} with arguments: [breakfast pizza?, recipetype.search]
16:39:50 Completed Teststep: Then search recipe 'breakfast pizza' with arguments: [${searchtext}]
16:39:50 Invoking Teststep: Then select a recipe
16:40:00 Invoking Teststep: click on {loc} with arguments: [pizzaRecipeImg.click]
16:40:00 Completed Teststep: click on {loc} with arguments: [pizzaRecipeImg.click]
16:40:10 Completed Teststep: Then select a recipe
16:40:10 Invoking Teststep: Then click on review btn
16:40:11 Invoking Teststep: click on {loc} with arguments: [reviewBtn.click]
16:40:11 Completed Teststep: click on {loc} with arguments: [reviewBtn.click]
16:40:21 Completed Teststep: Then click on review btn
16:40:21 Invoking Teststep: Then write a review '${Reviewcomment}' with arguments: [${Reviewcomment}]
16:40:31 Invoking Teststep: sendKeys {text} into {loc} with arguments: [Good?, writeReview.click]
16:40:31 Completed Teststep: sendKeys {text} into {loc} with arguments: [Good?, writeReview.click]
16:40:41 Completed Teststep: Then write a review 'Good' with arguments: [${Reviewcomment}]
16:40:41 Invoking Teststep: Then verify login message for unregistered user while save/review
16:40:51 Invoking Teststep: assert {loc} is visible with arguments: [saveMessageText.verify]
16:40:51 Completed Teststep: assert {loc} is visible with arguments: [saveMessageText.verify]
16:40:51 Completed Teststep: Then verify login message for unregistered user while save/review
16:40:51 Competed scenario: verify Review Recipe Action for Guest User with status SUCCESS
16:40:51 

Executing scenario: verify Invalid Search - 
16:40:51 Test Data{searchtext=breakfast pizza, Reviewcomment=Good, searchRecipe=Biriyani, Invalidsearch=Iphone, recipeTittle=RECIPES, username=vdhuggis@gmail.com, password=Arjun@17, __index=1}
16:40:51 Invoking Teststep: Given get '/' with arguments: [/]
16:40:52 Completed Teststep: Given get '/' with arguments: [/]
16:40:52 Invoking Teststep: When navigate to recipe page
16:40:53 Invoking Teststep: click on {loc} with arguments: [recipeLink.click]
16:40:53 Completed Teststep: click on {loc} with arguments: [recipeLink.click]
16:40:53 Completed Teststep: When navigate to recipe page
16:40:53 Invoking Teststep: When navigate to search page
16:41:03 Invoking Teststep: click on {loc} with arguments: [recipe.search]
16:41:04 Completed Teststep: click on {loc} with arguments: [recipe.search]
16:41:04 Invoking Teststep: wait until {loc} to be visible with arguments: [recipetype.search]
16:41:05 Completed Teststep: wait until {loc} to be visible with arguments: [recipetype.search]
16:41:05 Completed Teststep: When navigate to search page
16:41:05 Invoking Teststep: Then search recipe '${Invalidsearch}' with arguments: [${Invalidsearch}]
16:41:05 Invoking Teststep: click on {loc} with arguments: [recipetype.search]
16:41:05 Completed Teststep: click on {loc} with arguments: [recipetype.search]
16:41:05 Invoking Teststep: sendKeys {text} into {loc} with arguments: [Iphone?, recipetype.search]
16:41:05 Completed Teststep: sendKeys {text} into {loc} with arguments: [Iphone?, recipetype.search]
16:41:15 Completed Teststep: Then search recipe 'Iphone' with arguments: [${Invalidsearch}]
16:41:15 Invoking Teststep: Then verify no match message
16:41:15 Invoking Teststep: assert {loc} is visible with arguments: [noMatchRecipeMsg.verify]
16:41:16 Completed Teststep: assert {loc} is visible with arguments: [noMatchRecipeMsg.verify]
16:41:16 Completed Teststep: Then verify no match message
16:41:16 Competed scenario: verify Invalid Search with status SUCCESS
16:54:12 Invoking Teststep: get {url} with arguments: [/]
16:54:21 Completed Teststep: get {url} with arguments: [/]
16:54:31 Invoking Teststep: click on {loc} with arguments: [button.recipe]
16:54:32 Completed Teststep: click on {loc} with arguments: [button.recipe]
16:54:42 Invoking Teststep: verify {loc} text is {text} with arguments: [text.recipe, RECIPES]
16:54:43 Completed Teststep: verify {loc} text is {text} with arguments: [text.recipe, RECIPES]
16:57:18 Invoking Teststep: get {url} with arguments: [/]
16:57:27 Completed Teststep: get {url} with arguments: [/]
16:57:37 Invoking Teststep: click on {loc} with arguments: [button.recipe]
16:57:38 Completed Teststep: click on {loc} with arguments: [button.recipe]
16:57:48 Invoking Teststep: verify {loc} text is {text} with arguments: [text.recipe, RECIPES]
16:57:49 Completed Teststep: verify {loc} text is {text} with arguments: [text.recipe, RECIPES]
17:05:42 Invoking Teststep: get {url} with arguments: [/]
17:05:52 Completed Teststep: get {url} with arguments: [/]
17:05:52 Invoking Teststep: navigate To Recipes page
17:06:02 Invoking Teststep: click on {loc} with arguments: [button.recipe]
17:06:03 Completed Teststep: click on {loc} with arguments: [button.recipe]
17:06:13 Completed Teststep: navigate To Recipes page
17:06:13 Invoking Teststep: verify {loc} text is {text} with arguments: [text.recipe, RECIPES]
17:06:13 Completed Teststep: verify {loc} text is {text} with arguments: [text.recipe, RECIPES]
17:09:15 Invoking Teststep: get {url} with arguments: [/]
17:09:24 Completed Teststep: get {url} with arguments: [/]
17:09:25 Invoking Teststep: navigate To Recipes page
17:09:35 Invoking Teststep: click on {loc} with arguments: [button.recipe]
17:09:38 Completed Teststep: click on {loc} with arguments: [button.recipe]
17:09:48 Completed Teststep: navigate To Recipes page
17:09:48 Invoking Teststep: verify {loc} text is {text} with arguments: [text.recipe, RECIPES]
17:09:49 Completed Teststep: verify {loc} text is {text} with arguments: [text.recipe, RECIPES]
17:14:06 Invoking Teststep: get {url} with arguments: [/]
17:14:17 Completed Teststep: get {url} with arguments: [/]
17:14:17 Invoking Teststep: navigate To Recipes page
17:14:27 Invoking Teststep: click on {loc} with arguments: [button.recipe]
17:14:28 Completed Teststep: click on {loc} with arguments: [button.recipe]
17:14:38 Completed Teststep: navigate To Recipes page
17:14:38 Invoking Teststep: verify {loc} text is {text} with arguments: [text.recipe, recipeTittle]
17:15:39 Invoking Teststep: get {url} with arguments: [/]
17:15:49 Completed Teststep: get {url} with arguments: [/]
17:15:49 Invoking Teststep: navigate To Recipes page
17:15:59 Invoking Teststep: click on {loc} with arguments: [button.recipe]
17:16:01 Completed Teststep: click on {loc} with arguments: [button.recipe]
17:16:11 Completed Teststep: navigate To Recipes page
17:16:11 Invoking Teststep: verify {loc} text is {text} with arguments: [text.recipe, RECIPES]
17:16:11 Completed Teststep: verify {loc} text is {text} with arguments: [text.recipe, RECIPES]
17:17:19 Invoking Teststep: get {url} with arguments: [/]
17:17:33 Completed Teststep: get {url} with arguments: [/]
17:17:34 Invoking Teststep: navigate to recipe page
17:17:34 Invoking Teststep: wait until {loc} to be visible with arguments: [recipeLink.click]
17:17:34 Completed Teststep: wait until {loc} to be visible with arguments: [recipeLink.click]
17:17:34 Invoking Teststep: click on {loc} with arguments: [recipeLink.click]
17:17:36 Completed Teststep: click on {loc} with arguments: [recipeLink.click]
17:17:36 Completed Teststep: navigate to recipe page
17:17:36 Invoking Teststep: navigate to search page
17:17:46 Invoking Teststep: wait until {loc} to be visible with arguments: [recipe.search]
17:17:46 Completed Teststep: wait until {loc} to be visible with arguments: [recipe.search]
17:17:46 Invoking Teststep: click on {loc} with arguments: [recipe.search]
17:17:47 Completed Teststep: click on {loc} with arguments: [recipe.search]
17:17:47 Invoking Teststep: wait until {loc} to be visible with arguments: [recipetype.search]
17:17:47 Completed Teststep: wait until {loc} to be visible with arguments: [recipetype.search]
17:17:47 Completed Teststep: navigate to search page
17:17:47 Invoking Teststep: search recipe {0} with arguments: [breakfast pizza]
17:17:47 Invoking Teststep: wait until {loc} to be visible with arguments: [recipetype.search]
17:17:47 Completed Teststep: wait until {loc} to be visible with arguments: [recipetype.search]
17:17:47 Invoking Teststep: click on {loc} with arguments: [recipetype.search]
17:17:48 Completed Teststep: click on {loc} with arguments: [recipetype.search]
17:17:48 Invoking Teststep: sendKeys {text} into {loc} with arguments: [breakfast pizza?, recipetype.search]
17:18:03 Completed Teststep: sendKeys {text} into {loc} with arguments: [breakfast pizza?, recipetype.search]
17:18:13 Completed Teststep: search recipe {0} with arguments: [breakfast pizza]
17:18:13 Invoking Teststep: verify result count
17:18:13 Invoking Teststep: wait until {loc} to be visible with arguments: [resultCountText.verify]
17:18:13 Completed Teststep: wait until {loc} to be visible with arguments: [resultCountText.verify]
17:18:13 Invoking Teststep: scroll Down To Bottom
17:18:13 Completed Teststep: scroll Down To Bottom
17:18:13 Invoking Teststep: assert {loc} text is {text} with arguments: [resultCountText.verify, 10 RESULTS]
17:18:49 Invoking Teststep: get {url} with arguments: [/]
17:18:58 Completed Teststep: get {url} with arguments: [/]
17:18:58 Invoking Teststep: navigate to recipe page
17:18:58 Invoking Teststep: wait until {loc} to be visible with arguments: [recipeLink.click]
17:18:58 Completed Teststep: wait until {loc} to be visible with arguments: [recipeLink.click]
17:18:58 Invoking Teststep: click on {loc} with arguments: [recipeLink.click]
17:18:58 Completed Teststep: click on {loc} with arguments: [recipeLink.click]
17:18:58 Completed Teststep: navigate to recipe page
17:18:58 Invoking Teststep: navigate to search page
17:19:08 Invoking Teststep: wait until {loc} to be visible with arguments: [recipe.search]
17:19:09 Completed Teststep: wait until {loc} to be visible with arguments: [recipe.search]
17:19:09 Invoking Teststep: click on {loc} with arguments: [recipe.search]
17:19:10 Completed Teststep: click on {loc} with arguments: [recipe.search]
17:19:10 Invoking Teststep: wait until {loc} to be visible with arguments: [recipetype.search]
17:19:10 Completed Teststep: wait until {loc} to be visible with arguments: [recipetype.search]
17:19:10 Completed Teststep: navigate to search page
17:19:10 Invoking Teststep: search recipe {0} with arguments: [breakfast pizza]
17:19:10 Invoking Teststep: wait until {loc} to be visible with arguments: [recipetype.search]
17:19:10 Completed Teststep: wait until {loc} to be visible with arguments: [recipetype.search]
17:19:10 Invoking Teststep: click on {loc} with arguments: [recipetype.search]
17:19:11 Completed Teststep: click on {loc} with arguments: [recipetype.search]
17:19:11 Invoking Teststep: sendKeys {text} into {loc} with arguments: [breakfast pizza?, recipetype.search]
17:19:11 Completed Teststep: sendKeys {text} into {loc} with arguments: [breakfast pizza?, recipetype.search]
17:19:21 Completed Teststep: search recipe {0} with arguments: [breakfast pizza]
17:19:21 Invoking Teststep: verify result count
17:19:21 Invoking Teststep: wait until {loc} to be visible with arguments: [resultCountText.verify]
17:19:21 Completed Teststep: wait until {loc} to be visible with arguments: [resultCountText.verify]
17:19:21 Invoking Teststep: scroll Down To Bottom
17:19:21 Completed Teststep: scroll Down To Bottom
17:19:21 Invoking Teststep: assert {loc} text is {text} with arguments: [resultCountText.verify, 10 RESULTS]
17:20:10 Invoking Teststep: get {url} with arguments: [/]
17:20:18 Completed Teststep: get {url} with arguments: [/]
17:20:18 Invoking Teststep: navigate to recipe page
17:20:18 Invoking Teststep: wait until {loc} to be visible with arguments: [recipeLink.click]
17:20:19 Completed Teststep: wait until {loc} to be visible with arguments: [recipeLink.click]
17:20:19 Invoking Teststep: click on {loc} with arguments: [recipeLink.click]
17:20:19 Completed Teststep: click on {loc} with arguments: [recipeLink.click]
17:20:19 Completed Teststep: navigate to recipe page
17:20:19 Invoking Teststep: navigate to search page
17:20:29 Invoking Teststep: wait until {loc} to be visible with arguments: [recipe.search]
17:20:29 Completed Teststep: wait until {loc} to be visible with arguments: [recipe.search]
17:20:29 Invoking Teststep: click on {loc} with arguments: [recipe.search]
17:20:30 Completed Teststep: click on {loc} with arguments: [recipe.search]
17:20:30 Invoking Teststep: wait until {loc} to be visible with arguments: [recipetype.search]
17:20:31 Completed Teststep: wait until {loc} to be visible with arguments: [recipetype.search]
17:20:31 Completed Teststep: navigate to search page
17:20:31 Invoking Teststep: search recipe {0} with arguments: [breakfast pizza]
17:20:31 Invoking Teststep: wait until {loc} to be visible with arguments: [recipetype.search]
17:20:31 Completed Teststep: wait until {loc} to be visible with arguments: [recipetype.search]
17:20:31 Invoking Teststep: click on {loc} with arguments: [recipetype.search]
17:20:31 Completed Teststep: click on {loc} with arguments: [recipetype.search]
17:20:31 Invoking Teststep: sendKeys {text} into {loc} with arguments: [breakfast pizza?, recipetype.search]
17:20:32 Completed Teststep: sendKeys {text} into {loc} with arguments: [breakfast pizza?, recipetype.search]
17:20:42 Completed Teststep: search recipe {0} with arguments: [breakfast pizza]
17:20:42 Invoking Teststep: verify result count
17:20:42 Invoking Teststep: wait until {loc} to be visible with arguments: [resultCountText.verify]
17:20:42 Completed Teststep: wait until {loc} to be visible with arguments: [resultCountText.verify]
17:20:42 Invoking Teststep: scroll Down To Bottom
17:20:42 Completed Teststep: scroll Down To Bottom
17:20:42 Invoking Teststep: assert {loc} text is {text} with arguments: [resultCountText.verify, 10 RESULTS]
17:21:59 Invoking Teststep: get {url} with arguments: [/]
17:22:08 Completed Teststep: get {url} with arguments: [/]
17:22:09 Invoking Teststep: navigate to recipe page
17:22:09 Invoking Teststep: wait until {loc} to be visible with arguments: [recipeLink.click]
17:22:12 Completed Teststep: wait until {loc} to be visible with arguments: [recipeLink.click]
17:22:12 Invoking Teststep: click on {loc} with arguments: [recipeLink.click]
17:22:14 Completed Teststep: click on {loc} with arguments: [recipeLink.click]
17:22:14 Completed Teststep: navigate to recipe page
17:22:14 Invoking Teststep: navigate to search page
17:22:24 Invoking Teststep: wait until {loc} to be visible with arguments: [recipe.search]
17:22:24 Completed Teststep: wait until {loc} to be visible with arguments: [recipe.search]
17:22:24 Invoking Teststep: click on {loc} with arguments: [recipe.search]
17:22:25 Completed Teststep: click on {loc} with arguments: [recipe.search]
17:22:25 Invoking Teststep: wait until {loc} to be visible with arguments: [recipetype.search]
17:22:25 Completed Teststep: wait until {loc} to be visible with arguments: [recipetype.search]
17:22:25 Completed Teststep: navigate to search page
17:22:25 Invoking Teststep: search recipe {0} with arguments: [Biriyani]
17:22:25 Invoking Teststep: wait until {loc} to be visible with arguments: [recipetype.search]
17:22:25 Completed Teststep: wait until {loc} to be visible with arguments: [recipetype.search]
17:22:25 Invoking Teststep: click on {loc} with arguments: [recipetype.search]
17:22:25 Completed Teststep: click on {loc} with arguments: [recipetype.search]
17:22:25 Invoking Teststep: sendKeys {text} into {loc} with arguments: [Biriyani?, recipetype.search]
17:22:26 Completed Teststep: sendKeys {text} into {loc} with arguments: [Biriyani?, recipetype.search]
17:22:36 Completed Teststep: search recipe {0} with arguments: [Biriyani]
17:22:36 Invoking Teststep: verify result count
17:22:36 Invoking Teststep: wait until {loc} to be visible with arguments: [resultCountText.verify]
17:22:36 Completed Teststep: wait until {loc} to be visible with arguments: [resultCountText.verify]
17:22:36 Invoking Teststep: scroll Down To Bottom
17:22:36 Completed Teststep: scroll Down To Bottom
17:22:36 Invoking Teststep: assert {loc} text is {text} with arguments: [resultCountText.verify, 10 RESULTS]
17:22:36 Completed Teststep: assert {loc} text is {text} with arguments: [resultCountText.verify, 10 RESULTS]
17:22:36 Completed Teststep: verify result count
17:23:19 Invoking Teststep: get {url} with arguments: [/]
17:23:27 Completed Teststep: get {url} with arguments: [/]
17:23:27 Invoking Teststep: navigate to recipe page
17:23:27 Invoking Teststep: wait until {loc} to be visible with arguments: [recipeLink.click]
17:23:28 Completed Teststep: wait until {loc} to be visible with arguments: [recipeLink.click]
17:23:28 Invoking Teststep: click on {loc} with arguments: [recipeLink.click]
17:23:28 Completed Teststep: click on {loc} with arguments: [recipeLink.click]
17:23:28 Completed Teststep: navigate to recipe page
17:23:28 Invoking Teststep: navigate to search page
17:23:38 Invoking Teststep: wait until {loc} to be visible with arguments: [recipe.search]
17:23:38 Completed Teststep: wait until {loc} to be visible with arguments: [recipe.search]
17:23:38 Invoking Teststep: click on {loc} with arguments: [recipe.search]
17:23:39 Completed Teststep: click on {loc} with arguments: [recipe.search]
17:23:39 Invoking Teststep: wait until {loc} to be visible with arguments: [recipetype.search]
17:23:40 Completed Teststep: wait until {loc} to be visible with arguments: [recipetype.search]
17:23:40 Completed Teststep: navigate to search page
17:23:40 Invoking Teststep: search recipe {0} with arguments: [Invalidsearch]
17:23:40 Invoking Teststep: wait until {loc} to be visible with arguments: [recipetype.search]
17:23:40 Completed Teststep: wait until {loc} to be visible with arguments: [recipetype.search]
17:23:40 Invoking Teststep: click on {loc} with arguments: [recipetype.search]
17:23:41 Completed Teststep: click on {loc} with arguments: [recipetype.search]
17:23:41 Invoking Teststep: sendKeys {text} into {loc} with arguments: [Invalidsearch?, recipetype.search]
17:23:41 Completed Teststep: sendKeys {text} into {loc} with arguments: [Invalidsearch?, recipetype.search]
17:23:51 Completed Teststep: search recipe {0} with arguments: [Invalidsearch]
17:23:51 Invoking Teststep: verify no match message
17:23:51 Invoking Teststep: wait until {loc} to be visible with arguments: [noMatchRecipeMsg.verify]
17:23:51 Completed Teststep: wait until {loc} to be visible with arguments: [noMatchRecipeMsg.verify]
17:23:51 Invoking Teststep: assert {loc} is visible with arguments: [noMatchRecipeMsg.verify]
17:23:52 Completed Teststep: assert {loc} is visible with arguments: [noMatchRecipeMsg.verify]
17:23:52 Completed Teststep: verify no match message
17:27:23 Invoking Teststep: get {url} with arguments: [/]
17:27:32 Completed Teststep: get {url} with arguments: [/]
17:27:32 Invoking Teststep: navigate To Recipes page
17:27:42 Invoking Teststep: click on {loc} with arguments: [button.recipe]
17:27:45 Completed Teststep: click on {loc} with arguments: [button.recipe]
17:27:55 Completed Teststep: navigate To Recipes page
17:27:55 Invoking Teststep: verify {loc} text is {text} with arguments: [text.recipe, RECIPES]
17:27:56 Completed Teststep: verify {loc} text is {text} with arguments: [text.recipe, RECIPES]
17:28:55 Invoking Teststep: get {url} with arguments: [/]
17:29:04 Completed Teststep: get {url} with arguments: [/]
17:29:04 Invoking Teststep: navigate To Recipes page
17:29:14 Invoking Teststep: click on {loc} with arguments: [button.recipe]
17:29:16 Completed Teststep: click on {loc} with arguments: [button.recipe]
17:29:26 Completed Teststep: navigate To Recipes page
17:29:26 Invoking Teststep: verify {loc} text is {text} with arguments: [text.recipe, RECIPES]
17:29:27 Completed Teststep: verify {loc} text is {text} with arguments: [text.recipe, RECIPES]
17:29:27 Invoking Teststep: get {url} with arguments: [/]
17:29:28 Completed Teststep: get {url} with arguments: [/]
17:29:28 Invoking Teststep: navigate to recipe page
17:29:28 Invoking Teststep: wait until {loc} to be visible with arguments: [recipeLink.click]
17:29:30 Completed Teststep: wait until {loc} to be visible with arguments: [recipeLink.click]
17:29:30 Invoking Teststep: click on {loc} with arguments: [recipeLink.click]
17:29:31 Completed Teststep: click on {loc} with arguments: [recipeLink.click]
17:29:31 Completed Teststep: navigate to recipe page
17:29:31 Invoking Teststep: navigate to search page
17:29:41 Invoking Teststep: wait until {loc} to be visible with arguments: [recipe.search]
17:29:41 Completed Teststep: wait until {loc} to be visible with arguments: [recipe.search]
17:29:41 Invoking Teststep: click on {loc} with arguments: [recipe.search]
17:29:42 Completed Teststep: click on {loc} with arguments: [recipe.search]
17:29:42 Invoking Teststep: wait until {loc} to be visible with arguments: [recipetype.search]
17:29:43 Completed Teststep: wait until {loc} to be visible with arguments: [recipetype.search]
17:29:43 Completed Teststep: navigate to search page
17:29:43 Invoking Teststep: search recipe {0} with arguments: [Biriyani]
17:29:43 Invoking Teststep: wait until {loc} to be visible with arguments: [recipetype.search]
17:29:43 Completed Teststep: wait until {loc} to be visible with arguments: [recipetype.search]
17:29:43 Invoking Teststep: click on {loc} with arguments: [recipetype.search]
17:29:43 Completed Teststep: click on {loc} with arguments: [recipetype.search]
17:29:43 Invoking Teststep: sendKeys {text} into {loc} with arguments: [Biriyani?, recipetype.search]
17:29:44 Completed Teststep: sendKeys {text} into {loc} with arguments: [Biriyani?, recipetype.search]
17:29:54 Completed Teststep: search recipe {0} with arguments: [Biriyani]
17:29:54 Invoking Teststep: verify result count
17:29:54 Invoking Teststep: wait until {loc} to be visible with arguments: [resultCountText.verify]
17:29:54 Completed Teststep: wait until {loc} to be visible with arguments: [resultCountText.verify]
17:29:54 Invoking Teststep: scroll Down To Bottom
17:29:54 Completed Teststep: scroll Down To Bottom
17:29:54 Invoking Teststep: assert {loc} text is {text} with arguments: [resultCountText.verify, 10 RESULTS]
17:29:54 Completed Teststep: assert {loc} text is {text} with arguments: [resultCountText.verify, 10 RESULTS]
17:29:54 Completed Teststep: verify result count
17:32:26 Invoking Teststep: get {url} with arguments: [/]
17:32:34 Completed Teststep: get {url} with arguments: [/]
17:32:34 Invoking Teststep: navigate To Recipes page
17:32:44 Invoking Teststep: click on {loc} with arguments: [button.recipe]
17:32:46 Completed Teststep: click on {loc} with arguments: [button.recipe]
17:32:56 Completed Teststep: navigate To Recipes page
17:32:56 Invoking Teststep: verify {loc} text is {text} with arguments: [text.recipe, RECIPES]
17:32:56 Completed Teststep: verify {loc} text is {text} with arguments: [text.recipe, RECIPES]
17:32:56 Invoking Teststep: get {url} with arguments: [/]
17:32:57 Completed Teststep: get {url} with arguments: [/]
17:32:57 Invoking Teststep: navigate to recipe page
17:32:57 Invoking Teststep: wait until {loc} to be visible with arguments: [recipeLink.click]
17:32:58 Completed Teststep: wait until {loc} to be visible with arguments: [recipeLink.click]
17:32:58 Invoking Teststep: click on {loc} with arguments: [recipeLink.click]
17:32:59 Completed Teststep: click on {loc} with arguments: [recipeLink.click]
17:32:59 Completed Teststep: navigate to recipe page
17:32:59 Invoking Teststep: navigate to search page
17:33:09 Invoking Teststep: wait until {loc} to be visible with arguments: [recipe.search]
17:33:09 Completed Teststep: wait until {loc} to be visible with arguments: [recipe.search]
17:33:09 Invoking Teststep: click on {loc} with arguments: [recipe.search]
17:33:10 Completed Teststep: click on {loc} with arguments: [recipe.search]
17:33:10 Invoking Teststep: wait until {loc} to be visible with arguments: [recipetype.search]
17:33:11 Completed Teststep: wait until {loc} to be visible with arguments: [recipetype.search]
17:33:11 Completed Teststep: navigate to search page
17:33:11 Invoking Teststep: search recipe {0} with arguments: [Biriyani]
17:33:11 Invoking Teststep: wait until {loc} to be visible with arguments: [recipetype.search]
17:33:11 Completed Teststep: wait until {loc} to be visible with arguments: [recipetype.search]
17:33:11 Invoking Teststep: click on {loc} with arguments: [recipetype.search]
17:33:11 Completed Teststep: click on {loc} with arguments: [recipetype.search]
17:33:11 Invoking Teststep: sendKeys {text} into {loc} with arguments: [Biriyani?, recipetype.search]
17:33:12 Completed Teststep: sendKeys {text} into {loc} with arguments: [Biriyani?, recipetype.search]
17:33:22 Completed Teststep: search recipe {0} with arguments: [Biriyani]
17:33:22 Invoking Teststep: verify result count
17:33:22 Invoking Teststep: wait until {loc} to be visible with arguments: [resultCountText.verify]
17:33:22 Completed Teststep: wait until {loc} to be visible with arguments: [resultCountText.verify]
17:33:22 Invoking Teststep: scroll Down To Bottom
17:33:22 Completed Teststep: scroll Down To Bottom
17:33:22 Invoking Teststep: assert {loc} text is {text} with arguments: [resultCountText.verify, 10 RESULTS]
17:33:22 Completed Teststep: assert {loc} text is {text} with arguments: [resultCountText.verify, 10 RESULTS]
17:33:22 Completed Teststep: verify result count
17:33:22 Invoking Teststep: get {url} with arguments: [/]
17:33:23 Completed Teststep: get {url} with arguments: [/]
17:33:23 Invoking Teststep: navigate to recipe page
17:33:23 Invoking Teststep: wait until {loc} to be visible with arguments: [recipeLink.click]
17:33:24 Completed Teststep: wait until {loc} to be visible with arguments: [recipeLink.click]
17:33:24 Invoking Teststep: click on {loc} with arguments: [recipeLink.click]
17:33:25 Completed Teststep: click on {loc} with arguments: [recipeLink.click]
17:33:25 Completed Teststep: navigate to recipe page
17:33:25 Invoking Teststep: navigate to search page
17:33:35 Invoking Teststep: wait until {loc} to be visible with arguments: [recipe.search]
17:33:35 Completed Teststep: wait until {loc} to be visible with arguments: [recipe.search]
17:33:35 Invoking Teststep: click on {loc} with arguments: [recipe.search]
17:33:36 Completed Teststep: click on {loc} with arguments: [recipe.search]
17:33:36 Invoking Teststep: wait until {loc} to be visible with arguments: [recipetype.search]
17:33:36 Completed Teststep: wait until {loc} to be visible with arguments: [recipetype.search]
17:33:36 Completed Teststep: navigate to search page
17:33:36 Invoking Teststep: search recipe {0} with arguments: [Iphone]
17:33:36 Invoking Teststep: wait until {loc} to be visible with arguments: [recipetype.search]
17:33:37 Completed Teststep: wait until {loc} to be visible with arguments: [recipetype.search]
17:33:37 Invoking Teststep: click on {loc} with arguments: [recipetype.search]
17:33:37 Completed Teststep: click on {loc} with arguments: [recipetype.search]
17:33:37 Invoking Teststep: sendKeys {text} into {loc} with arguments: [Iphone?, recipetype.search]
17:33:37 Completed Teststep: sendKeys {text} into {loc} with arguments: [Iphone?, recipetype.search]
17:33:47 Completed Teststep: search recipe {0} with arguments: [Iphone]
17:33:47 Invoking Teststep: verify no match message
17:33:47 Invoking Teststep: wait until {loc} to be visible with arguments: [noMatchRecipeMsg.verify]
17:33:47 Completed Teststep: wait until {loc} to be visible with arguments: [noMatchRecipeMsg.verify]
17:33:47 Invoking Teststep: assert {loc} is visible with arguments: [noMatchRecipeMsg.verify]
17:33:47 Completed Teststep: assert {loc} is visible with arguments: [noMatchRecipeMsg.verify]
17:33:47 Completed Teststep: verify no match message
17:35:46 Invoking Teststep: get {url} with arguments: [/]
17:35:55 Completed Teststep: get {url} with arguments: [/]
17:35:55 Invoking Teststep: navigate To Recipes page
17:36:05 Invoking Teststep: click on {loc} with arguments: [button.recipe]
17:36:07 Completed Teststep: click on {loc} with arguments: [button.recipe]
17:36:17 Completed Teststep: navigate To Recipes page
17:36:17 Invoking Teststep: verify {loc} text is {text} with arguments: [text.recipe, RECIPES]
17:36:17 Completed Teststep: verify {loc} text is {text} with arguments: [text.recipe, RECIPES]
17:36:17 Invoking Teststep: get {url} with arguments: [/]
17:36:18 Completed Teststep: get {url} with arguments: [/]
17:36:18 Invoking Teststep: navigate to recipe page
17:36:18 Invoking Teststep: wait until {loc} to be visible with arguments: [recipeLink.click]
17:36:19 Completed Teststep: wait until {loc} to be visible with arguments: [recipeLink.click]
17:36:19 Invoking Teststep: click on {loc} with arguments: [recipeLink.click]
17:36:20 Completed Teststep: click on {loc} with arguments: [recipeLink.click]
17:36:20 Completed Teststep: navigate to recipe page
17:36:20 Invoking Teststep: navigate to search page
17:36:30 Invoking Teststep: wait until {loc} to be visible with arguments: [recipe.search]
17:36:30 Completed Teststep: wait until {loc} to be visible with arguments: [recipe.search]
17:36:30 Invoking Teststep: click on {loc} with arguments: [recipe.search]
17:36:31 Completed Teststep: click on {loc} with arguments: [recipe.search]
17:36:31 Invoking Teststep: wait until {loc} to be visible with arguments: [recipetype.search]
17:36:32 Completed Teststep: wait until {loc} to be visible with arguments: [recipetype.search]
17:36:32 Completed Teststep: navigate to search page
17:36:32 Invoking Teststep: search recipe {0} with arguments: [Biriyani]
17:36:32 Invoking Teststep: wait until {loc} to be visible with arguments: [recipetype.search]
17:36:32 Completed Teststep: wait until {loc} to be visible with arguments: [recipetype.search]
17:36:32 Invoking Teststep: click on {loc} with arguments: [recipetype.search]
17:36:32 Completed Teststep: click on {loc} with arguments: [recipetype.search]
17:36:32 Invoking Teststep: sendKeys {text} into {loc} with arguments: [Biriyani?, recipetype.search]
17:36:32 Completed Teststep: sendKeys {text} into {loc} with arguments: [Biriyani?, recipetype.search]
17:36:42 Completed Teststep: search recipe {0} with arguments: [Biriyani]
17:36:42 Invoking Teststep: verify result count
17:36:42 Invoking Teststep: wait until {loc} to be visible with arguments: [resultCountText.verify]
17:36:42 Completed Teststep: wait until {loc} to be visible with arguments: [resultCountText.verify]
17:36:42 Invoking Teststep: scroll Down To Bottom
17:36:42 Completed Teststep: scroll Down To Bottom
17:36:42 Invoking Teststep: assert {loc} text is {text} with arguments: [resultCountText.verify, 10 RESULTS]
17:36:43 Completed Teststep: assert {loc} text is {text} with arguments: [resultCountText.verify, 10 RESULTS]
17:36:43 Completed Teststep: verify result count
17:36:43 Invoking Teststep: get {url} with arguments: [/]
17:36:44 Completed Teststep: get {url} with arguments: [/]
17:36:44 Invoking Teststep: navigate to recipe page
17:36:44 Invoking Teststep: wait until {loc} to be visible with arguments: [recipeLink.click]
17:36:45 Completed Teststep: wait until {loc} to be visible with arguments: [recipeLink.click]
17:36:45 Invoking Teststep: click on {loc} with arguments: [recipeLink.click]
17:36:46 Completed Teststep: click on {loc} with arguments: [recipeLink.click]
17:36:46 Completed Teststep: navigate to recipe page
17:36:46 Invoking Teststep: navigate to search page
17:36:56 Invoking Teststep: wait until {loc} to be visible with arguments: [recipe.search]
17:36:56 Completed Teststep: wait until {loc} to be visible with arguments: [recipe.search]
17:36:56 Invoking Teststep: click on {loc} with arguments: [recipe.search]
17:36:57 Completed Teststep: click on {loc} with arguments: [recipe.search]
17:36:57 Invoking Teststep: wait until {loc} to be visible with arguments: [recipetype.search]
17:36:57 Completed Teststep: wait until {loc} to be visible with arguments: [recipetype.search]
17:36:57 Completed Teststep: navigate to search page
17:36:57 Invoking Teststep: search recipe {0} with arguments: [Iphone]
17:36:57 Invoking Teststep: wait until {loc} to be visible with arguments: [recipetype.search]
17:36:57 Completed Teststep: wait until {loc} to be visible with arguments: [recipetype.search]
17:36:57 Invoking Teststep: click on {loc} with arguments: [recipetype.search]
17:36:57 Completed Teststep: click on {loc} with arguments: [recipetype.search]
17:36:57 Invoking Teststep: sendKeys {text} into {loc} with arguments: [Iphone?, recipetype.search]
17:36:58 Completed Teststep: sendKeys {text} into {loc} with arguments: [Iphone?, recipetype.search]
17:37:08 Completed Teststep: search recipe {0} with arguments: [Iphone]
17:37:08 Invoking Teststep: verify no match message
17:37:08 Invoking Teststep: wait until {loc} to be visible with arguments: [noMatchRecipeMsg.verify]
17:37:08 Completed Teststep: wait until {loc} to be visible with arguments: [noMatchRecipeMsg.verify]
17:37:08 Invoking Teststep: assert {loc} is visible with arguments: [noMatchRecipeMsg.verify]
17:37:08 Completed Teststep: assert {loc} is visible with arguments: [noMatchRecipeMsg.verify]
17:37:08 Completed Teststep: verify no match message
17:37:08 Invoking Teststep: get {url} with arguments: [/]
17:37:09 Completed Teststep: get {url} with arguments: [/]
17:37:09 Invoking Teststep: navigate to recipe page
17:37:09 Invoking Teststep: wait until {loc} to be visible with arguments: [recipeLink.click]
17:37:10 Completed Teststep: wait until {loc} to be visible with arguments: [recipeLink.click]
17:37:10 Invoking Teststep: click on {loc} with arguments: [recipeLink.click]
17:37:10 Completed Teststep: click on {loc} with arguments: [recipeLink.click]
17:37:10 Completed Teststep: navigate to recipe page
17:37:10 Invoking Teststep: navigate to search page
17:37:20 Invoking Teststep: wait until {loc} to be visible with arguments: [recipe.search]
17:37:20 Completed Teststep: wait until {loc} to be visible with arguments: [recipe.search]
17:37:20 Invoking Teststep: click on {loc} with arguments: [recipe.search]
17:37:21 Completed Teststep: click on {loc} with arguments: [recipe.search]
17:37:21 Invoking Teststep: wait until {loc} to be visible with arguments: [recipetype.search]
17:37:22 Completed Teststep: wait until {loc} to be visible with arguments: [recipetype.search]
17:37:22 Completed Teststep: navigate to search page
17:37:22 Invoking Teststep: search recipe {0} with arguments: [breakfast pizza]
17:37:22 Invoking Teststep: wait until {loc} to be visible with arguments: [recipetype.search]
17:37:22 Completed Teststep: wait until {loc} to be visible with arguments: [recipetype.search]
17:37:22 Invoking Teststep: click on {loc} with arguments: [recipetype.search]
17:37:22 Completed Teststep: click on {loc} with arguments: [recipetype.search]
17:37:22 Invoking Teststep: sendKeys {text} into {loc} with arguments: [breakfast pizza?, recipetype.search]
17:37:23 Completed Teststep: sendKeys {text} into {loc} with arguments: [breakfast pizza?, recipetype.search]
17:37:33 Completed Teststep: search recipe {0} with arguments: [breakfast pizza]
17:37:33 Invoking Teststep: select a recipe
17:37:43 Invoking Teststep: wait until {loc} to be visible with arguments: [pizzaRecipeImg.click]
17:37:43 Completed Teststep: wait until {loc} to be visible with arguments: [pizzaRecipeImg.click]
17:37:43 Invoking Teststep: click on {loc} with arguments: [pizzaRecipeImg.click]
17:37:43 Completed Teststep: click on {loc} with arguments: [pizzaRecipeImg.click]
17:37:53 Completed Teststep: select a recipe
17:37:53 Invoking Teststep: save a recipe
17:37:53 Invoking Teststep: wait until {loc} to be visible with arguments: [saveReceipeBtn.click]
17:37:53 Completed Teststep: wait until {loc} to be visible with arguments: [saveReceipeBtn.click]
17:37:53 Invoking Teststep: click on {loc} with arguments: [saveReceipeBtn.click]
17:37:53 Completed Teststep: click on {loc} with arguments: [saveReceipeBtn.click]
17:38:03 Completed Teststep: save a recipe
17:38:03 Invoking Teststep: verify login message for unregistered user while save/review
17:38:03 Invoking Teststep: wait until {loc} to be visible with arguments: [saveMessageText.verify]
17:38:03 Completed Teststep: wait until {loc} to be visible with arguments: [saveMessageText.verify]
17:38:13 Invoking Teststep: assert {loc} is visible with arguments: [saveMessageText.verify]
17:38:14 Completed Teststep: assert {loc} is visible with arguments: [saveMessageText.verify]
17:38:14 Completed Teststep: verify login message for unregistered user while save/review
17:38:58 Invoking Teststep: get {url} with arguments: [/]
17:39:08 Completed Teststep: get {url} with arguments: [/]
17:39:08 Invoking Teststep: navigate To Recipes page
17:39:18 Invoking Teststep: click on {loc} with arguments: [button.recipe]
17:39:19 Completed Teststep: click on {loc} with arguments: [button.recipe]
17:39:29 Completed Teststep: navigate To Recipes page
17:39:29 Invoking Teststep: verify {loc} text is {text} with arguments: [text.recipe, RECIPES]
17:39:30 Completed Teststep: verify {loc} text is {text} with arguments: [text.recipe, RECIPES]
17:39:30 Invoking Teststep: get {url} with arguments: [/]
17:39:31 Completed Teststep: get {url} with arguments: [/]
17:39:31 Invoking Teststep: navigate to recipe page
17:39:31 Invoking Teststep: wait until {loc} to be visible with arguments: [recipeLink.click]
17:39:32 Completed Teststep: wait until {loc} to be visible with arguments: [recipeLink.click]
17:39:32 Invoking Teststep: click on {loc} with arguments: [recipeLink.click]
17:39:33 Completed Teststep: click on {loc} with arguments: [recipeLink.click]
17:39:33 Completed Teststep: navigate to recipe page
17:39:33 Invoking Teststep: navigate to search page
17:39:43 Invoking Teststep: wait until {loc} to be visible with arguments: [recipe.search]
17:39:43 Completed Teststep: wait until {loc} to be visible with arguments: [recipe.search]
17:39:43 Invoking Teststep: click on {loc} with arguments: [recipe.search]
17:39:44 Completed Teststep: click on {loc} with arguments: [recipe.search]
17:39:44 Invoking Teststep: wait until {loc} to be visible with arguments: [recipetype.search]
17:39:44 Completed Teststep: wait until {loc} to be visible with arguments: [recipetype.search]
17:39:44 Completed Teststep: navigate to search page
17:39:44 Invoking Teststep: search recipe {0} with arguments: [Biriyani]
17:39:44 Invoking Teststep: wait until {loc} to be visible with arguments: [recipetype.search]
17:39:44 Completed Teststep: wait until {loc} to be visible with arguments: [recipetype.search]
17:39:44 Invoking Teststep: click on {loc} with arguments: [recipetype.search]
17:39:45 Completed Teststep: click on {loc} with arguments: [recipetype.search]
17:39:45 Invoking Teststep: sendKeys {text} into {loc} with arguments: [Biriyani?, recipetype.search]
17:39:45 Completed Teststep: sendKeys {text} into {loc} with arguments: [Biriyani?, recipetype.search]
17:39:55 Completed Teststep: search recipe {0} with arguments: [Biriyani]
17:39:55 Invoking Teststep: verify result count
17:39:55 Invoking Teststep: wait until {loc} to be visible with arguments: [resultCountText.verify]
17:39:55 Completed Teststep: wait until {loc} to be visible with arguments: [resultCountText.verify]
17:39:55 Invoking Teststep: scroll Down To Bottom
17:39:55 Completed Teststep: scroll Down To Bottom
17:39:55 Invoking Teststep: assert {loc} text is {text} with arguments: [resultCountText.verify, 10 RESULTS]
17:39:56 Completed Teststep: assert {loc} text is {text} with arguments: [resultCountText.verify, 10 RESULTS]
17:39:56 Completed Teststep: verify result count
17:39:56 Invoking Teststep: get {url} with arguments: [/]
17:39:57 Completed Teststep: get {url} with arguments: [/]
17:39:57 Invoking Teststep: navigate to recipe page
17:39:57 Invoking Teststep: wait until {loc} to be visible with arguments: [recipeLink.click]
17:39:57 Completed Teststep: wait until {loc} to be visible with arguments: [recipeLink.click]
17:39:57 Invoking Teststep: click on {loc} with arguments: [recipeLink.click]
17:39:58 Completed Teststep: click on {loc} with arguments: [recipeLink.click]
17:39:58 Completed Teststep: navigate to recipe page
17:39:58 Invoking Teststep: navigate to search page
17:40:08 Invoking Teststep: wait until {loc} to be visible with arguments: [recipe.search]
17:40:08 Completed Teststep: wait until {loc} to be visible with arguments: [recipe.search]
17:40:08 Invoking Teststep: click on {loc} with arguments: [recipe.search]
17:40:09 Completed Teststep: click on {loc} with arguments: [recipe.search]
17:40:09 Invoking Teststep: wait until {loc} to be visible with arguments: [recipetype.search]
17:40:09 Completed Teststep: wait until {loc} to be visible with arguments: [recipetype.search]
17:40:09 Completed Teststep: navigate to search page
17:40:09 Invoking Teststep: search recipe {0} with arguments: [Iphone]
17:40:09 Invoking Teststep: wait until {loc} to be visible with arguments: [recipetype.search]
17:40:09 Completed Teststep: wait until {loc} to be visible with arguments: [recipetype.search]
17:40:09 Invoking Teststep: click on {loc} with arguments: [recipetype.search]
17:40:10 Completed Teststep: click on {loc} with arguments: [recipetype.search]
17:40:10 Invoking Teststep: sendKeys {text} into {loc} with arguments: [Iphone?, recipetype.search]
17:40:10 Completed Teststep: sendKeys {text} into {loc} with arguments: [Iphone?, recipetype.search]
17:40:20 Completed Teststep: search recipe {0} with arguments: [Iphone]
17:40:20 Invoking Teststep: verify no match message
17:40:20 Invoking Teststep: wait until {loc} to be visible with arguments: [noMatchRecipeMsg.verify]
17:40:20 Completed Teststep: wait until {loc} to be visible with arguments: [noMatchRecipeMsg.verify]
17:40:20 Invoking Teststep: assert {loc} is visible with arguments: [noMatchRecipeMsg.verify]
17:40:21 Completed Teststep: assert {loc} is visible with arguments: [noMatchRecipeMsg.verify]
17:40:21 Completed Teststep: verify no match message
17:40:21 Invoking Teststep: get {url} with arguments: [/]
17:40:22 Completed Teststep: get {url} with arguments: [/]
17:40:22 Invoking Teststep: navigate to recipe page
17:40:22 Invoking Teststep: wait until {loc} to be visible with arguments: [recipeLink.click]
17:40:22 Completed Teststep: wait until {loc} to be visible with arguments: [recipeLink.click]
17:40:22 Invoking Teststep: click on {loc} with arguments: [recipeLink.click]
17:40:24 Completed Teststep: click on {loc} with arguments: [recipeLink.click]
17:40:24 Completed Teststep: navigate to recipe page
17:40:24 Invoking Teststep: navigate to search page
17:40:34 Invoking Teststep: wait until {loc} to be visible with arguments: [recipe.search]
17:40:34 Completed Teststep: wait until {loc} to be visible with arguments: [recipe.search]
17:40:34 Invoking Teststep: click on {loc} with arguments: [recipe.search]
17:40:35 Completed Teststep: click on {loc} with arguments: [recipe.search]
17:40:35 Invoking Teststep: wait until {loc} to be visible with arguments: [recipetype.search]
17:40:35 Completed Teststep: wait until {loc} to be visible with arguments: [recipetype.search]
17:40:35 Completed Teststep: navigate to search page
17:40:35 Invoking Teststep: search recipe {0} with arguments: [breakfast pizza]
17:40:35 Invoking Teststep: wait until {loc} to be visible with arguments: [recipetype.search]
17:40:35 Completed Teststep: wait until {loc} to be visible with arguments: [recipetype.search]
17:40:35 Invoking Teststep: click on {loc} with arguments: [recipetype.search]
17:40:35 Completed Teststep: click on {loc} with arguments: [recipetype.search]
17:40:36 Invoking Teststep: sendKeys {text} into {loc} with arguments: [breakfast pizza?, recipetype.search]
17:40:36 Completed Teststep: sendKeys {text} into {loc} with arguments: [breakfast pizza?, recipetype.search]
17:40:46 Completed Teststep: search recipe {0} with arguments: [breakfast pizza]
17:40:46 Invoking Teststep: select a recipe
17:40:56 Invoking Teststep: wait until {loc} to be visible with arguments: [pizzaRecipeImg.click]
17:40:56 Completed Teststep: wait until {loc} to be visible with arguments: [pizzaRecipeImg.click]
17:40:56 Invoking Teststep: click on {loc} with arguments: [pizzaRecipeImg.click]
17:40:57 Completed Teststep: click on {loc} with arguments: [pizzaRecipeImg.click]
17:41:07 Completed Teststep: select a recipe
17:41:07 Invoking Teststep: save a recipe
17:41:07 Invoking Teststep: wait until {loc} to be visible with arguments: [saveReceipeBtn.click]
17:41:07 Completed Teststep: wait until {loc} to be visible with arguments: [saveReceipeBtn.click]
17:41:07 Invoking Teststep: click on {loc} with arguments: [saveReceipeBtn.click]
17:41:07 Completed Teststep: click on {loc} with arguments: [saveReceipeBtn.click]
17:41:17 Completed Teststep: save a recipe
17:41:17 Invoking Teststep: verify login message for unregistered user while save/review
17:41:17 Invoking Teststep: wait until {loc} to be visible with arguments: [saveMessageText.verify]
17:41:17 Completed Teststep: wait until {loc} to be visible with arguments: [saveMessageText.verify]
17:41:27 Invoking Teststep: assert {loc} is visible with arguments: [saveMessageText.verify]
17:41:27 Completed Teststep: assert {loc} is visible with arguments: [saveMessageText.verify]
17:41:27 Completed Teststep: verify login message for unregistered user while save/review
17:41:27 Invoking Teststep: get {url} with arguments: [/]
17:41:28 Completed Teststep: get {url} with arguments: [/]
17:41:28 Invoking Teststep: navigate to recipe page
17:41:28 Invoking Teststep: wait until {loc} to be visible with arguments: [recipeLink.click]
17:41:29 Completed Teststep: wait until {loc} to be visible with arguments: [recipeLink.click]
17:41:29 Invoking Teststep: click on {loc} with arguments: [recipeLink.click]
17:41:29 Completed Teststep: click on {loc} with arguments: [recipeLink.click]
17:41:29 Completed Teststep: navigate to recipe page
17:41:29 Invoking Teststep: navigate to search page
17:41:39 Invoking Teststep: wait until {loc} to be visible with arguments: [recipe.search]
17:41:39 Completed Teststep: wait until {loc} to be visible with arguments: [recipe.search]
17:41:39 Invoking Teststep: click on {loc} with arguments: [recipe.search]
17:41:40 Completed Teststep: click on {loc} with arguments: [recipe.search]
17:41:40 Invoking Teststep: wait until {loc} to be visible with arguments: [recipetype.search]
17:41:40 Completed Teststep: wait until {loc} to be visible with arguments: [recipetype.search]
17:41:40 Completed Teststep: navigate to search page
17:41:40 Invoking Teststep: search recipe {0} with arguments: [breakfast pizza]
17:41:40 Invoking Teststep: wait until {loc} to be visible with arguments: [recipetype.search]
17:41:40 Completed Teststep: wait until {loc} to be visible with arguments: [recipetype.search]
17:41:40 Invoking Teststep: click on {loc} with arguments: [recipetype.search]
17:41:41 Completed Teststep: click on {loc} with arguments: [recipetype.search]
17:41:41 Invoking Teststep: sendKeys {text} into {loc} with arguments: [breakfast pizza?, recipetype.search]
17:41:41 Completed Teststep: sendKeys {text} into {loc} with arguments: [breakfast pizza?, recipetype.search]
17:41:51 Completed Teststep: search recipe {0} with arguments: [breakfast pizza]
17:41:51 Invoking Teststep: select a recipe
17:42:01 Invoking Teststep: wait until {loc} to be visible with arguments: [pizzaRecipeImg.click]
17:42:01 Completed Teststep: wait until {loc} to be visible with arguments: [pizzaRecipeImg.click]
17:42:01 Invoking Teststep: click on {loc} with arguments: [pizzaRecipeImg.click]
17:42:02 Completed Teststep: click on {loc} with arguments: [pizzaRecipeImg.click]
17:42:12 Completed Teststep: select a recipe
17:42:12 Invoking Teststep: click on review btn
17:42:12 Invoking Teststep: wait until {loc} to be visible with arguments: [reviewBtn.click]
17:42:12 Completed Teststep: wait until {loc} to be visible with arguments: [reviewBtn.click]
17:42:12 Invoking Teststep: click on {loc} with arguments: [reviewBtn.click]
17:42:12 Completed Teststep: click on {loc} with arguments: [reviewBtn.click]
17:42:22 Completed Teststep: click on review btn
17:42:22 Invoking Teststep: write a review {0} with arguments: [Good]
17:42:22 Invoking Teststep: wait until {loc} to be visible with arguments: [writeReview.click]
17:42:22 Completed Teststep: wait until {loc} to be visible with arguments: [writeReview.click]
17:42:32 Invoking Teststep: sendKeys {text} into {loc} with arguments: [Good?, writeReview.click]
17:42:32 Completed Teststep: sendKeys {text} into {loc} with arguments: [Good?, writeReview.click]
17:42:42 Completed Teststep: write a review {0} with arguments: [Good]
17:42:42 Invoking Teststep: verify login message for unregistered user while save/review
17:42:42 Invoking Teststep: wait until {loc} to be visible with arguments: [saveMessageText.verify]
17:42:42 Completed Teststep: wait until {loc} to be visible with arguments: [saveMessageText.verify]
17:42:52 Invoking Teststep: assert {loc} is visible with arguments: [saveMessageText.verify]
17:42:53 Completed Teststep: assert {loc} is visible with arguments: [saveMessageText.verify]
17:42:53 Completed Teststep: verify login message for unregistered user while save/review
17:46:05 Invoking Teststep: get {url} with arguments: [/]
17:46:18 Completed Teststep: get {url} with arguments: [/]
17:46:18 Invoking Teststep: navigate To Recipes page
17:46:28 Invoking Teststep: click on {loc} with arguments: [button.recipe]
17:46:30 Completed Teststep: click on {loc} with arguments: [button.recipe]
17:46:40 Completed Teststep: navigate To Recipes page
17:46:40 Invoking Teststep: verify {loc} text is {text} with arguments: [text.recipe, RECIPES]
17:46:55 Completed Teststep: verify {loc} text is {text} with arguments: [text.recipe, RECIPES]
17:46:55 Invoking Teststep: get {url} with arguments: [/]
17:46:56 Completed Teststep: get {url} with arguments: [/]
17:46:56 Invoking Teststep: navigate to recipe page
17:46:56 Invoking Teststep: wait until {loc} to be visible with arguments: [recipeLink.click]
17:46:57 Completed Teststep: wait until {loc} to be visible with arguments: [recipeLink.click]
17:46:57 Invoking Teststep: click on {loc} with arguments: [recipeLink.click]
17:46:57 Completed Teststep: click on {loc} with arguments: [recipeLink.click]
17:46:57 Completed Teststep: navigate to recipe page
17:46:57 Invoking Teststep: navigate to search page
17:47:07 Invoking Teststep: wait until {loc} to be visible with arguments: [recipe.search]
17:47:07 Completed Teststep: wait until {loc} to be visible with arguments: [recipe.search]
17:47:07 Invoking Teststep: click on {loc} with arguments: [recipe.search]
17:47:08 Completed Teststep: click on {loc} with arguments: [recipe.search]
17:47:08 Invoking Teststep: wait until {loc} to be visible with arguments: [recipetype.search]
17:47:09 Completed Teststep: wait until {loc} to be visible with arguments: [recipetype.search]
17:47:09 Completed Teststep: navigate to search page
17:47:09 Invoking Teststep: search recipe {0} with arguments: [Biriyani]
17:47:09 Invoking Teststep: wait until {loc} to be visible with arguments: [recipetype.search]
17:47:09 Completed Teststep: wait until {loc} to be visible with arguments: [recipetype.search]
17:47:09 Invoking Teststep: click on {loc} with arguments: [recipetype.search]
17:47:09 Completed Teststep: click on {loc} with arguments: [recipetype.search]
17:47:09 Invoking Teststep: sendKeys {text} into {loc} with arguments: [Biriyani?, recipetype.search]
17:47:10 Completed Teststep: sendKeys {text} into {loc} with arguments: [Biriyani?, recipetype.search]
17:47:20 Completed Teststep: search recipe {0} with arguments: [Biriyani]
17:47:20 Invoking Teststep: verify result count
17:47:20 Invoking Teststep: wait until {loc} to be visible with arguments: [resultCountText.verify]
17:47:20 Completed Teststep: wait until {loc} to be visible with arguments: [resultCountText.verify]
17:47:20 Invoking Teststep: scroll Down To Bottom
17:47:20 Completed Teststep: scroll Down To Bottom
17:47:20 Invoking Teststep: assert {loc} text is {text} with arguments: [resultCountText.verify, 1 RESULTS]
17:48:08 Invoking Teststep: get {url} with arguments: [/]
17:48:18 Completed Teststep: get {url} with arguments: [/]
17:48:28 Invoking Teststep: click on {loc} with arguments: [button.recipe]
17:48:31 Completed Teststep: click on {loc} with arguments: [button.recipe]
17:48:41 Invoking Teststep: verify {loc} text is {text} with arguments: [text.recipe, RECIPES]
17:48:42 Completed Teststep: verify {loc} text is {text} with arguments: [text.recipe, RECIPES]
17:48:42 Invoking Teststep: get {url} with arguments: [/]
17:48:43 Completed Teststep: get {url} with arguments: [/]
17:48:43 Invoking Teststep: wait until {loc} to be visible with arguments: [recipeLink.click]
17:48:43 Completed Teststep: wait until {loc} to be visible with arguments: [recipeLink.click]
17:48:43 Invoking Teststep: click on {loc} with arguments: [recipeLink.click]
17:48:44 Completed Teststep: click on {loc} with arguments: [recipeLink.click]
17:48:54 Invoking Teststep: wait until {loc} to be visible with arguments: [recipe.search]
17:48:54 Completed Teststep: wait until {loc} to be visible with arguments: [recipe.search]
17:48:54 Invoking Teststep: click on {loc} with arguments: [recipe.search]
17:48:55 Completed Teststep: click on {loc} with arguments: [recipe.search]
17:48:55 Invoking Teststep: wait until {loc} to be visible with arguments: [recipetype.search]
17:48:56 Completed Teststep: wait until {loc} to be visible with arguments: [recipetype.search]
17:48:56 Invoking Teststep: wait until {loc} to be visible with arguments: [recipetype.search]
17:48:56 Completed Teststep: wait until {loc} to be visible with arguments: [recipetype.search]
17:48:56 Invoking Teststep: click on {loc} with arguments: [recipetype.search]
17:48:56 Completed Teststep: click on {loc} with arguments: [recipetype.search]
17:48:56 Invoking Teststep: sendKeys {text} into {loc} with arguments: [Biriyani?, recipetype.search]
17:48:57 Completed Teststep: sendKeys {text} into {loc} with arguments: [Biriyani?, recipetype.search]
17:49:07 Invoking Teststep: wait until {loc} to be visible with arguments: [resultCountText.verify]
17:49:07 Completed Teststep: wait until {loc} to be visible with arguments: [resultCountText.verify]
17:49:07 Invoking Teststep: assert {loc} text is {text} with arguments: [resultCountText.verify, 10 RESULTS]
17:49:07 Completed Teststep: assert {loc} text is {text} with arguments: [resultCountText.verify, 10 RESULTS]
17:49:07 Invoking Teststep: get {url} with arguments: [/]
17:49:08 Completed Teststep: get {url} with arguments: [/]
17:49:08 Invoking Teststep: wait until {loc} to be visible with arguments: [recipeLink.click]
17:49:09 Completed Teststep: wait until {loc} to be visible with arguments: [recipeLink.click]
17:49:09 Invoking Teststep: click on {loc} with arguments: [recipeLink.click]
17:49:09 Completed Teststep: click on {loc} with arguments: [recipeLink.click]
17:49:19 Invoking Teststep: wait until {loc} to be visible with arguments: [recipe.search]
17:49:19 Completed Teststep: wait until {loc} to be visible with arguments: [recipe.search]
17:49:19 Invoking Teststep: click on {loc} with arguments: [recipe.search]
17:49:20 Completed Teststep: click on {loc} with arguments: [recipe.search]
17:49:20 Invoking Teststep: wait until {loc} to be visible with arguments: [recipetype.search]
17:49:21 Completed Teststep: wait until {loc} to be visible with arguments: [recipetype.search]
17:49:21 Invoking Teststep: wait until {loc} to be visible with arguments: [recipetype.search]
17:49:21 Completed Teststep: wait until {loc} to be visible with arguments: [recipetype.search]
17:49:21 Invoking Teststep: click on {loc} with arguments: [recipetype.search]
17:49:21 Completed Teststep: click on {loc} with arguments: [recipetype.search]
17:49:21 Invoking Teststep: sendKeys {text} into {loc} with arguments: [Iphone?, recipetype.search]
17:49:21 Completed Teststep: sendKeys {text} into {loc} with arguments: [Iphone?, recipetype.search]
17:49:31 Invoking Teststep: wait until {loc} to be visible with arguments: [noMatchRecipeMsg.verify]
17:49:31 Completed Teststep: wait until {loc} to be visible with arguments: [noMatchRecipeMsg.verify]
17:49:31 Invoking Teststep: assert {loc} is visible with arguments: [noMatchRecipeMsg.verify]
17:49:32 Completed Teststep: assert {loc} is visible with arguments: [noMatchRecipeMsg.verify]
17:49:32 Invoking Teststep: get {url} with arguments: [/]
17:49:32 Completed Teststep: get {url} with arguments: [/]
17:49:32 Invoking Teststep: wait until {loc} to be visible with arguments: [recipeLink.click]
17:49:33 Completed Teststep: wait until {loc} to be visible with arguments: [recipeLink.click]
17:49:33 Invoking Teststep: click on {loc} with arguments: [recipeLink.click]
17:49:33 Completed Teststep: click on {loc} with arguments: [recipeLink.click]
17:49:43 Invoking Teststep: wait until {loc} to be visible with arguments: [recipe.search]
17:49:43 Completed Teststep: wait until {loc} to be visible with arguments: [recipe.search]
17:49:43 Invoking Teststep: click on {loc} with arguments: [recipe.search]
17:49:44 Completed Teststep: click on {loc} with arguments: [recipe.search]
17:49:44 Invoking Teststep: wait until {loc} to be visible with arguments: [recipetype.search]
17:49:45 Completed Teststep: wait until {loc} to be visible with arguments: [recipetype.search]
17:49:45 Invoking Teststep: wait until {loc} to be visible with arguments: [recipetype.search]
17:49:45 Completed Teststep: wait until {loc} to be visible with arguments: [recipetype.search]
17:49:45 Invoking Teststep: click on {loc} with arguments: [recipetype.search]
17:49:45 Completed Teststep: click on {loc} with arguments: [recipetype.search]
17:49:45 Invoking Teststep: sendKeys {text} into {loc} with arguments: [breakfast pizza?, recipetype.search]
17:49:45 Completed Teststep: sendKeys {text} into {loc} with arguments: [breakfast pizza?, recipetype.search]
17:50:05 Invoking Teststep: wait until {loc} to be visible with arguments: [pizzaRecipeImg.click]
17:50:05 Completed Teststep: wait until {loc} to be visible with arguments: [pizzaRecipeImg.click]
17:50:05 Invoking Teststep: click on {loc} with arguments: [pizzaRecipeImg.click]
17:50:06 Completed Teststep: click on {loc} with arguments: [pizzaRecipeImg.click]
17:50:16 Invoking Teststep: wait until {loc} to be visible with arguments: [saveReceipeBtn.click]
17:50:16 Completed Teststep: wait until {loc} to be visible with arguments: [saveReceipeBtn.click]
17:50:16 Invoking Teststep: click on {loc} with arguments: [saveReceipeBtn.click]
17:50:16 Completed Teststep: click on {loc} with arguments: [saveReceipeBtn.click]
17:50:26 Invoking Teststep: wait until {loc} to be visible with arguments: [saveMessageText.verify]
17:50:26 Completed Teststep: wait until {loc} to be visible with arguments: [saveMessageText.verify]
17:50:36 Invoking Teststep: assert {loc} is visible with arguments: [saveMessageText.verify]
17:50:36 Completed Teststep: assert {loc} is visible with arguments: [saveMessageText.verify]
17:50:36 Invoking Teststep: get {url} with arguments: [/]
17:50:37 Completed Teststep: get {url} with arguments: [/]
17:50:37 Invoking Teststep: wait until {loc} to be visible with arguments: [recipeLink.click]
17:50:38 Completed Teststep: wait until {loc} to be visible with arguments: [recipeLink.click]
17:50:38 Invoking Teststep: click on {loc} with arguments: [recipeLink.click]
17:50:38 Completed Teststep: click on {loc} with arguments: [recipeLink.click]
17:50:48 Invoking Teststep: wait until {loc} to be visible with arguments: [recipe.search]
17:50:48 Completed Teststep: wait until {loc} to be visible with arguments: [recipe.search]
17:50:48 Invoking Teststep: click on {loc} with arguments: [recipe.search]
17:50:49 Completed Teststep: click on {loc} with arguments: [recipe.search]
17:50:49 Invoking Teststep: wait until {loc} to be visible with arguments: [recipetype.search]
17:50:50 Completed Teststep: wait until {loc} to be visible with arguments: [recipetype.search]
17:50:50 Invoking Teststep: wait until {loc} to be visible with arguments: [recipetype.search]
17:50:50 Completed Teststep: wait until {loc} to be visible with arguments: [recipetype.search]
17:50:50 Invoking Teststep: click on {loc} with arguments: [recipetype.search]
17:50:50 Completed Teststep: click on {loc} with arguments: [recipetype.search]
17:50:50 Invoking Teststep: sendKeys {text} into {loc} with arguments: [breakfast pizza?, recipetype.search]
17:50:50 Completed Teststep: sendKeys {text} into {loc} with arguments: [breakfast pizza?, recipetype.search]
17:51:10 Invoking Teststep: wait until {loc} to be visible with arguments: [pizzaRecipeImg.click]
17:51:10 Completed Teststep: wait until {loc} to be visible with arguments: [pizzaRecipeImg.click]
17:51:10 Invoking Teststep: click on {loc} with arguments: [pizzaRecipeImg.click]
17:51:11 Completed Teststep: click on {loc} with arguments: [pizzaRecipeImg.click]
17:51:21 Invoking Teststep: wait until {loc} to be visible with arguments: [reviewBtn.click]
17:51:21 Completed Teststep: wait until {loc} to be visible with arguments: [reviewBtn.click]
17:51:21 Invoking Teststep: click on {loc} with arguments: [reviewBtn.click]
17:51:21 Completed Teststep: click on {loc} with arguments: [reviewBtn.click]
17:51:31 Invoking Teststep: wait until {loc} to be visible with arguments: [writeReview.click]
17:51:31 Completed Teststep: wait until {loc} to be visible with arguments: [writeReview.click]
17:51:41 Invoking Teststep: sendKeys {text} into {loc} with arguments: [Good?, writeReview.click]
17:51:41 Completed Teststep: sendKeys {text} into {loc} with arguments: [Good?, writeReview.click]
17:51:51 Invoking Teststep: wait until {loc} to be visible with arguments: [saveMessageText.verify]
17:51:51 Completed Teststep: wait until {loc} to be visible with arguments: [saveMessageText.verify]
17:52:01 Invoking Teststep: assert {loc} is visible with arguments: [saveMessageText.verify]
17:52:02 Completed Teststep: assert {loc} is visible with arguments: [saveMessageText.verify]
17:52:02 Invoking Teststep: get {url} with arguments: [/]
17:52:02 Completed Teststep: get {url} with arguments: [/]
17:52:12 Invoking Teststep: click on {loc} with arguments: [signInBtn.click]
17:52:12 Completed Teststep: click on {loc} with arguments: [signInBtn.click]
17:52:12 Invoking Teststep: wait until {loc} to be visible with arguments: [logInBtn.click]
17:52:14 Completed Teststep: wait until {loc} to be visible with arguments: [logInBtn.click]
17:52:14 Invoking Teststep: click on {loc} with arguments: [logInBtn.click]
17:52:14 Completed Teststep: click on {loc} with arguments: [logInBtn.click]
17:52:14 Invoking Teststep: wait until {loc} to be visible with arguments: [emailTxt.click]
17:52:14 Completed Teststep: wait until {loc} to be visible with arguments: [emailTxt.click]
17:52:14 Invoking Teststep: click on {loc} with arguments: [emailTxt.click]
17:52:14 Completed Teststep: click on {loc} with arguments: [emailTxt.click]
17:52:14 Invoking Teststep: sendKeys {text} into {loc} with arguments: [vdhuggis@gmail.com, emailTxt.click]
17:52:14 Completed Teststep: sendKeys {text} into {loc} with arguments: [vdhuggis@gmail.com, emailTxt.click]
17:52:14 Invoking Teststep: wait until {loc} to be visible with arguments: [pwdTxt.click]
17:52:14 Completed Teststep: wait until {loc} to be visible with arguments: [pwdTxt.click]
17:52:14 Invoking Teststep: click on {loc} with arguments: [pwdTxt.click]
17:52:14 Completed Teststep: click on {loc} with arguments: [pwdTxt.click]
17:52:14 Invoking Teststep: sendKeys {text} into {loc} with arguments: [Arjun@17?, pwdTxt.click]
17:52:14 Completed Teststep: sendKeys {text} into {loc} with arguments: [Arjun@17?, pwdTxt.click]
17:52:24 Invoking Teststep: wait until {loc} to be visible with arguments: [recipeLink.click]
17:52:25 Completed Teststep: wait until {loc} to be visible with arguments: [recipeLink.click]
17:52:25 Invoking Teststep: click on {loc} with arguments: [recipeLink.click]
17:52:27 Completed Teststep: click on {loc} with arguments: [recipeLink.click]
17:52:37 Invoking Teststep: wait until {loc} to be visible with arguments: [recipe.search]
17:52:37 Completed Teststep: wait until {loc} to be visible with arguments: [recipe.search]
17:52:37 Invoking Teststep: click on {loc} with arguments: [recipe.search]
17:52:39 Completed Teststep: click on {loc} with arguments: [recipe.search]
17:52:39 Invoking Teststep: wait until {loc} to be visible with arguments: [recipetype.search]
17:52:39 Completed Teststep: wait until {loc} to be visible with arguments: [recipetype.search]
17:52:39 Invoking Teststep: wait until {loc} to be visible with arguments: [recipetype.search]
17:52:39 Completed Teststep: wait until {loc} to be visible with arguments: [recipetype.search]
17:52:39 Invoking Teststep: click on {loc} with arguments: [recipetype.search]
17:52:39 Completed Teststep: click on {loc} with arguments: [recipetype.search]
17:52:39 Invoking Teststep: sendKeys {text} into {loc} with arguments: [breakfast pizza?, recipetype.search]
17:52:39 Completed Teststep: sendKeys {text} into {loc} with arguments: [breakfast pizza?, recipetype.search]
17:52:59 Invoking Teststep: wait until {loc} to be visible with arguments: [pizzaRecipeImg.click]
17:52:59 Completed Teststep: wait until {loc} to be visible with arguments: [pizzaRecipeImg.click]
17:52:59 Invoking Teststep: click on {loc} with arguments: [pizzaRecipeImg.click]
17:53:01 Completed Teststep: click on {loc} with arguments: [pizzaRecipeImg.click]
17:53:11 Invoking Teststep: wait until {loc} to be visible with arguments: [saveReceipeBtn.click]
17:53:11 Completed Teststep: wait until {loc} to be visible with arguments: [saveReceipeBtn.click]
17:53:11 Invoking Teststep: click on {loc} with arguments: [saveReceipeBtn.click]
17:53:11 Completed Teststep: click on {loc} with arguments: [saveReceipeBtn.click]
17:53:21 Invoking Teststep: wait until {loc} to be visible with arguments: [savedTxt.verify]
17:53:21 Completed Teststep: wait until {loc} to be visible with arguments: [savedTxt.verify]
17:53:21 Invoking Teststep: assert {loc} is visible with arguments: [savedTxt.verify]
17:53:22 Completed Teststep: assert {loc} is visible with arguments: [savedTxt.verify]
17:58:24 Invoking Teststep: get {url} with arguments: [/]
17:58:34 Completed Teststep: get {url} with arguments: [/]
17:58:34 Invoking Teststep: navigate To Recipes page
17:58:44 Invoking Teststep: click on {loc} with arguments: [button.recipe]
17:58:45 Completed Teststep: click on {loc} with arguments: [button.recipe]
17:58:55 Completed Teststep: navigate To Recipes page
17:58:55 Invoking Teststep: verify {loc} text is {text} with arguments: [text.recipe, RECIPES]
17:58:56 Completed Teststep: verify {loc} text is {text} with arguments: [text.recipe, RECIPES]
17:58:56 Invoking Teststep: get {url} with arguments: [/]
17:58:57 Completed Teststep: get {url} with arguments: [/]
17:58:57 Invoking Teststep: navigate to recipe page
17:58:57 Invoking Teststep: wait until {loc} to be visible with arguments: [recipeLink.click]
17:58:58 Completed Teststep: wait until {loc} to be visible with arguments: [recipeLink.click]
17:58:58 Invoking Teststep: click on {loc} with arguments: [recipeLink.click]
17:58:59 Completed Teststep: click on {loc} with arguments: [recipeLink.click]
17:58:59 Completed Teststep: navigate to recipe page
17:58:59 Invoking Teststep: navigate to search page
17:59:09 Invoking Teststep: wait until {loc} to be visible with arguments: [recipe.search]
17:59:09 Completed Teststep: wait until {loc} to be visible with arguments: [recipe.search]
17:59:09 Invoking Teststep: click on {loc} with arguments: [recipe.search]
17:59:10 Completed Teststep: click on {loc} with arguments: [recipe.search]
17:59:10 Invoking Teststep: wait until {loc} to be visible with arguments: [recipetype.search]
17:59:10 Completed Teststep: wait until {loc} to be visible with arguments: [recipetype.search]
17:59:10 Completed Teststep: navigate to search page
17:59:10 Invoking Teststep: search recipe {0} with arguments: [Biriyani]
17:59:10 Invoking Teststep: wait until {loc} to be visible with arguments: [recipetype.search]
17:59:10 Completed Teststep: wait until {loc} to be visible with arguments: [recipetype.search]
17:59:10 Invoking Teststep: click on {loc} with arguments: [recipetype.search]
17:59:12 Completed Teststep: click on {loc} with arguments: [recipetype.search]
17:59:12 Invoking Teststep: sendKeys {text} into {loc} with arguments: [Biriyani?, recipetype.search]
17:59:30 Completed Teststep: sendKeys {text} into {loc} with arguments: [Biriyani?, recipetype.search]
17:59:40 Completed Teststep: search recipe {0} with arguments: [Biriyani]
17:59:40 Invoking Teststep: verify result count
17:59:40 Invoking Teststep: wait until {loc} to be visible with arguments: [resultCountText.verify]
17:59:40 Completed Teststep: wait until {loc} to be visible with arguments: [resultCountText.verify]
17:59:40 Invoking Teststep: scroll Down To Bottom
17:59:40 Completed Teststep: scroll Down To Bottom
17:59:40 Invoking Teststep: assert {loc} text is {text} with arguments: [resultCountText.verify, 10 RESULTS]
17:59:41 Completed Teststep: assert {loc} text is {text} with arguments: [resultCountText.verify, 10 RESULTS]
17:59:41 Completed Teststep: verify result count
17:59:41 Invoking Teststep: get {url} with arguments: [/]
17:59:42 Completed Teststep: get {url} with arguments: [/]
17:59:42 Invoking Teststep: navigate to recipe page
17:59:42 Invoking Teststep: wait until {loc} to be visible with arguments: [recipeLink.click]
17:59:42 Completed Teststep: wait until {loc} to be visible with arguments: [recipeLink.click]
17:59:42 Invoking Teststep: click on {loc} with arguments: [recipeLink.click]
17:59:43 Completed Teststep: click on {loc} with arguments: [recipeLink.click]
17:59:43 Completed Teststep: navigate to recipe page
17:59:43 Invoking Teststep: navigate to search page
17:59:53 Invoking Teststep: wait until {loc} to be visible with arguments: [recipe.search]
17:59:53 Completed Teststep: wait until {loc} to be visible with arguments: [recipe.search]
17:59:53 Invoking Teststep: click on {loc} with arguments: [recipe.search]
17:59:54 Completed Teststep: click on {loc} with arguments: [recipe.search]
17:59:54 Invoking Teststep: wait until {loc} to be visible with arguments: [recipetype.search]
17:59:54 Completed Teststep: wait until {loc} to be visible with arguments: [recipetype.search]
17:59:54 Completed Teststep: navigate to search page
17:59:54 Invoking Teststep: search recipe {0} with arguments: [Iphone]
17:59:54 Invoking Teststep: wait until {loc} to be visible with arguments: [recipetype.search]
17:59:54 Completed Teststep: wait until {loc} to be visible with arguments: [recipetype.search]
17:59:54 Invoking Teststep: click on {loc} with arguments: [recipetype.search]
17:59:55 Completed Teststep: click on {loc} with arguments: [recipetype.search]
17:59:55 Invoking Teststep: sendKeys {text} into {loc} with arguments: [Iphone?, recipetype.search]
17:59:55 Completed Teststep: sendKeys {text} into {loc} with arguments: [Iphone?, recipetype.search]
18:00:05 Completed Teststep: search recipe {0} with arguments: [Iphone]
18:00:05 Invoking Teststep: verify no match message
18:00:05 Invoking Teststep: wait until {loc} to be visible with arguments: [noMatchRecipeMsg.verify]
18:00:05 Completed Teststep: wait until {loc} to be visible with arguments: [noMatchRecipeMsg.verify]
18:00:05 Invoking Teststep: assert {loc} is visible with arguments: [noMatchRecipeMsg.verify]
18:00:05 Completed Teststep: assert {loc} is visible with arguments: [noMatchRecipeMsg.verify]
18:00:05 Completed Teststep: verify no match message
18:00:05 Invoking Teststep: get {url} with arguments: [/]
18:00:07 Completed Teststep: get {url} with arguments: [/]
18:00:07 Invoking Teststep: navigate to recipe page
18:00:07 Invoking Teststep: wait until {loc} to be visible with arguments: [recipeLink.click]
18:00:07 Completed Teststep: wait until {loc} to be visible with arguments: [recipeLink.click]
18:00:07 Invoking Teststep: click on {loc} with arguments: [recipeLink.click]
18:00:08 Completed Teststep: click on {loc} with arguments: [recipeLink.click]
18:00:08 Completed Teststep: navigate to recipe page
18:00:08 Invoking Teststep: navigate to search page
18:00:18 Invoking Teststep: wait until {loc} to be visible with arguments: [recipe.search]
18:00:18 Completed Teststep: wait until {loc} to be visible with arguments: [recipe.search]
18:00:18 Invoking Teststep: click on {loc} with arguments: [recipe.search]
18:00:19 Completed Teststep: click on {loc} with arguments: [recipe.search]
18:00:19 Invoking Teststep: wait until {loc} to be visible with arguments: [recipetype.search]
18:00:19 Completed Teststep: wait until {loc} to be visible with arguments: [recipetype.search]
18:00:19 Completed Teststep: navigate to search page
18:00:19 Invoking Teststep: search recipe {0} with arguments: [breakfast pizza]
18:00:19 Invoking Teststep: wait until {loc} to be visible with arguments: [recipetype.search]
18:00:19 Completed Teststep: wait until {loc} to be visible with arguments: [recipetype.search]
18:00:19 Invoking Teststep: click on {loc} with arguments: [recipetype.search]
18:00:20 Completed Teststep: click on {loc} with arguments: [recipetype.search]
18:00:20 Invoking Teststep: sendKeys {text} into {loc} with arguments: [breakfast pizza?, recipetype.search]
18:00:20 Completed Teststep: sendKeys {text} into {loc} with arguments: [breakfast pizza?, recipetype.search]
18:00:30 Completed Teststep: search recipe {0} with arguments: [breakfast pizza]
18:00:30 Invoking Teststep: select a recipe
18:00:40 Invoking Teststep: wait until {loc} to be visible with arguments: [pizzaRecipeImg.click]
18:00:40 Completed Teststep: wait until {loc} to be visible with arguments: [pizzaRecipeImg.click]
18:00:40 Invoking Teststep: click on {loc} with arguments: [pizzaRecipeImg.click]
18:00:41 Completed Teststep: click on {loc} with arguments: [pizzaRecipeImg.click]
18:00:51 Completed Teststep: select a recipe
18:00:51 Invoking Teststep: save a recipe
18:00:51 Invoking Teststep: wait until {loc} to be visible with arguments: [saveReceipeBtn.click]
18:00:51 Completed Teststep: wait until {loc} to be visible with arguments: [saveReceipeBtn.click]
18:00:51 Invoking Teststep: click on {loc} with arguments: [saveReceipeBtn.click]
18:00:51 Completed Teststep: click on {loc} with arguments: [saveReceipeBtn.click]
18:01:01 Completed Teststep: save a recipe
18:01:01 Invoking Teststep: verify login message for unregistered user while save/review
18:01:01 Invoking Teststep: wait until {loc} to be visible with arguments: [saveMessageText.verify]
18:01:01 Completed Teststep: wait until {loc} to be visible with arguments: [saveMessageText.verify]
18:01:11 Invoking Teststep: assert {loc} is visible with arguments: [saveMessageText.verify]
18:01:11 Completed Teststep: assert {loc} is visible with arguments: [saveMessageText.verify]
18:01:11 Completed Teststep: verify login message for unregistered user while save/review
18:01:11 Invoking Teststep: get {url} with arguments: [/]
18:01:12 Completed Teststep: get {url} with arguments: [/]
18:01:12 Invoking Teststep: navigate to recipe page
18:01:12 Invoking Teststep: wait until {loc} to be visible with arguments: [recipeLink.click]
18:01:13 Completed Teststep: wait until {loc} to be visible with arguments: [recipeLink.click]
18:01:13 Invoking Teststep: click on {loc} with arguments: [recipeLink.click]
18:01:14 Completed Teststep: click on {loc} with arguments: [recipeLink.click]
18:01:14 Completed Teststep: navigate to recipe page
18:01:14 Invoking Teststep: navigate to search page
18:01:24 Invoking Teststep: wait until {loc} to be visible with arguments: [recipe.search]
18:01:24 Completed Teststep: wait until {loc} to be visible with arguments: [recipe.search]
18:01:24 Invoking Teststep: click on {loc} with arguments: [recipe.search]
18:01:25 Completed Teststep: click on {loc} with arguments: [recipe.search]
18:01:25 Invoking Teststep: wait until {loc} to be visible with arguments: [recipetype.search]
18:01:25 Completed Teststep: wait until {loc} to be visible with arguments: [recipetype.search]
18:01:25 Completed Teststep: navigate to search page
18:01:25 Invoking Teststep: search recipe {0} with arguments: [breakfast pizza]
18:01:25 Invoking Teststep: wait until {loc} to be visible with arguments: [recipetype.search]
18:01:25 Completed Teststep: wait until {loc} to be visible with arguments: [recipetype.search]
18:01:25 Invoking Teststep: click on {loc} with arguments: [recipetype.search]
18:01:25 Completed Teststep: click on {loc} with arguments: [recipetype.search]
18:01:25 Invoking Teststep: sendKeys {text} into {loc} with arguments: [breakfast pizza?, recipetype.search]
18:01:26 Completed Teststep: sendKeys {text} into {loc} with arguments: [breakfast pizza?, recipetype.search]
18:01:36 Completed Teststep: search recipe {0} with arguments: [breakfast pizza]
18:01:36 Invoking Teststep: select a recipe
18:01:46 Invoking Teststep: wait until {loc} to be visible with arguments: [pizzaRecipeImg.click]
18:01:46 Completed Teststep: wait until {loc} to be visible with arguments: [pizzaRecipeImg.click]
18:01:46 Invoking Teststep: click on {loc} with arguments: [pizzaRecipeImg.click]
18:01:46 Completed Teststep: click on {loc} with arguments: [pizzaRecipeImg.click]
18:01:56 Completed Teststep: select a recipe
18:01:56 Invoking Teststep: click on review btn
18:01:56 Invoking Teststep: wait until {loc} to be visible with arguments: [reviewBtn.click]
18:01:57 Completed Teststep: wait until {loc} to be visible with arguments: [reviewBtn.click]
18:01:57 Invoking Teststep: click on {loc} with arguments: [reviewBtn.click]
18:01:57 Completed Teststep: click on {loc} with arguments: [reviewBtn.click]
18:02:07 Completed Teststep: click on review btn
18:02:07 Invoking Teststep: write a review {0} with arguments: [Good]
18:02:07 Invoking Teststep: wait until {loc} to be visible with arguments: [writeReview.click]
18:02:07 Completed Teststep: wait until {loc} to be visible with arguments: [writeReview.click]
18:02:17 Invoking Teststep: sendKeys {text} into {loc} with arguments: [Good?, writeReview.click]
18:02:17 Completed Teststep: sendKeys {text} into {loc} with arguments: [Good?, writeReview.click]
18:02:27 Completed Teststep: write a review {0} with arguments: [Good]
18:02:27 Invoking Teststep: verify login message for unregistered user while save/review
18:02:27 Invoking Teststep: wait until {loc} to be visible with arguments: [saveMessageText.verify]
18:02:27 Completed Teststep: wait until {loc} to be visible with arguments: [saveMessageText.verify]
18:02:37 Invoking Teststep: assert {loc} is visible with arguments: [saveMessageText.verify]
18:02:37 Completed Teststep: assert {loc} is visible with arguments: [saveMessageText.verify]
18:02:37 Completed Teststep: verify login message for unregistered user while save/review
18:02:37 Invoking Teststep: get {url} with arguments: [/]
18:02:38 Completed Teststep: get {url} with arguments: [/]
18:02:38 Invoking Teststep: login as Reg User {0} {1} with arguments: [vdhuggis@gmail.com, Arjun@17]
18:02:48 Invoking Teststep: click on {loc} with arguments: [signInBtn.click]
18:02:48 Completed Teststep: click on {loc} with arguments: [signInBtn.click]
18:02:48 Invoking Teststep: wait until {loc} to be visible with arguments: [logInBtn.click]
18:02:49 Completed Teststep: wait until {loc} to be visible with arguments: [logInBtn.click]
18:02:49 Invoking Teststep: click on {loc} with arguments: [logInBtn.click]
18:02:49 Completed Teststep: click on {loc} with arguments: [logInBtn.click]
18:02:49 Invoking Teststep: wait until {loc} to be visible with arguments: [emailTxt.click]
18:02:50 Completed Teststep: wait until {loc} to be visible with arguments: [emailTxt.click]
18:02:50 Invoking Teststep: click on {loc} with arguments: [emailTxt.click]
18:02:50 Completed Teststep: click on {loc} with arguments: [emailTxt.click]
18:02:50 Invoking Teststep: sendKeys {text} into {loc} with arguments: [vdhuggis@gmail.com, emailTxt.click]
18:02:50 Completed Teststep: sendKeys {text} into {loc} with arguments: [vdhuggis@gmail.com, emailTxt.click]
18:02:50 Invoking Teststep: wait until {loc} to be visible with arguments: [pwdTxt.click]
18:02:50 Completed Teststep: wait until {loc} to be visible with arguments: [pwdTxt.click]
18:02:50 Invoking Teststep: click on {loc} with arguments: [pwdTxt.click]
18:02:50 Completed Teststep: click on {loc} with arguments: [pwdTxt.click]
18:02:50 Invoking Teststep: sendKeys {text} into {loc} with arguments: [Arjun@17?, pwdTxt.click]
18:02:50 Completed Teststep: sendKeys {text} into {loc} with arguments: [Arjun@17?, pwdTxt.click]
18:03:00 Completed Teststep: login as Reg User {0} {1} with arguments: [vdhuggis@gmail.com, Arjun@17]
18:03:00 Invoking Teststep: navigate to recipe page
18:03:00 Invoking Teststep: wait until {loc} to be visible with arguments: [recipeLink.click]
18:03:00 Completed Teststep: wait until {loc} to be visible with arguments: [recipeLink.click]
18:03:00 Invoking Teststep: click on {loc} with arguments: [recipeLink.click]
18:03:01 Completed Teststep: click on {loc} with arguments: [recipeLink.click]
18:03:01 Completed Teststep: navigate to recipe page
18:03:01 Invoking Teststep: navigate to search page
18:03:11 Invoking Teststep: wait until {loc} to be visible with arguments: [recipe.search]
18:03:11 Completed Teststep: wait until {loc} to be visible with arguments: [recipe.search]
18:03:11 Invoking Teststep: click on {loc} with arguments: [recipe.search]
18:03:12 Completed Teststep: click on {loc} with arguments: [recipe.search]
18:03:12 Invoking Teststep: wait until {loc} to be visible with arguments: [recipetype.search]
18:03:12 Completed Teststep: wait until {loc} to be visible with arguments: [recipetype.search]
18:03:12 Completed Teststep: navigate to search page
18:03:12 Invoking Teststep: search recipe {0} with arguments: [breakfast pizza]
18:03:12 Invoking Teststep: wait until {loc} to be visible with arguments: [recipetype.search]
18:03:12 Completed Teststep: wait until {loc} to be visible with arguments: [recipetype.search]
18:03:12 Invoking Teststep: click on {loc} with arguments: [recipetype.search]
18:03:13 Completed Teststep: click on {loc} with arguments: [recipetype.search]
18:03:13 Invoking Teststep: sendKeys {text} into {loc} with arguments: [breakfast pizza?, recipetype.search]
18:03:13 Completed Teststep: sendKeys {text} into {loc} with arguments: [breakfast pizza?, recipetype.search]
18:03:23 Completed Teststep: search recipe {0} with arguments: [breakfast pizza]
18:03:23 Invoking Teststep: select a recipe
18:03:33 Invoking Teststep: wait until {loc} to be visible with arguments: [pizzaRecipeImg.click]
18:03:33 Completed Teststep: wait until {loc} to be visible with arguments: [pizzaRecipeImg.click]
18:03:33 Invoking Teststep: click on {loc} with arguments: [pizzaRecipeImg.click]
18:03:33 Completed Teststep: click on {loc} with arguments: [pizzaRecipeImg.click]
18:03:43 Completed Teststep: select a recipe
18:03:43 Invoking Teststep: save a recipe
18:03:43 Invoking Teststep: wait until {loc} to be visible with arguments: [saveReceipeBtn.click]
18:03:44 Completed Teststep: wait until {loc} to be visible with arguments: [saveReceipeBtn.click]
18:03:44 Invoking Teststep: click on {loc} with arguments: [saveReceipeBtn.click]
18:03:44 Completed Teststep: click on {loc} with arguments: [saveReceipeBtn.click]
18:03:54 Completed Teststep: save a recipe
18:03:54 Invoking Teststep: verify saved recipe msg for Reg User
18:03:54 Invoking Teststep: wait until {loc} to be visible with arguments: [savedTxt.verify]
18:03:54 Completed Teststep: wait until {loc} to be visible with arguments: [savedTxt.verify]
18:03:54 Invoking Teststep: assert {loc} is visible with arguments: [savedTxt.verify]
18:03:54 Completed Teststep: assert {loc} is visible with arguments: [savedTxt.verify]
18:04:04 Completed Teststep: verify saved recipe msg for Reg User
21:05:31 scenario.file.loc[Ljava.lang.String;@10dba097
21:05:31 loading feature file: C:\Users\vaidh\eclipse-workspace\foodautomationadv\.\scenarios\metadata.feature
21:05:32 total test found: 3
21:05:32 

Executing scenario: verify Test Food Receipe Title - 
21:05:32 Test Data{searchtext=breakfast pizza, Reviewcomment=Good, searchRecipe=Biriyani, Invalidsearch=Iphone, recipeTittle=RECIPES, username=vdhuggis@gmail.com, password=Arjun@17, __index=1}
21:05:32 pkg: com.qmetry.qaf.automation.step
21:05:32 pkg: com.qmetry.qaf.example
21:05:32 Found duplicate step to load [] with [lower] prority then []
21:05:32 Invoking Teststep: Given get '/' with arguments: [/]
21:05:49 Completed Teststep: Given get '/' with arguments: [/]
21:05:49 Invoking Teststep: When navigate to recipe page
21:05:50 Invoking Teststep: click on {loc} with arguments: [recipeLink.click]
21:05:50 Completed Teststep: click on {loc} with arguments: [recipeLink.click]
21:05:50 Completed Teststep: When navigate to recipe page
21:05:50 Invoking Teststep: Then verify text is RECIPES '${recipeTittle}' with arguments: [${recipeTittle}]
21:06:22 Completed Teststep: Then verify text is RECIPES '${recipeTittle}' with arguments: [${recipeTittle}]
21:06:22 Competed scenario: verify Test Food Receipe Title with status SUCCESS
21:06:23 

Executing scenario: verify Save Recipe Action for Guest User - 
21:06:23 Test Data{searchtext=breakfast pizza, Reviewcomment=Good, searchRecipe=Biriyani, Invalidsearch=Iphone, recipeTittle=RECIPES, username=vdhuggis@gmail.com, password=Arjun@17, __index=1}
21:06:23 Invoking Teststep: Given get '/' with arguments: [/]
21:06:26 Completed Teststep: Given get '/' with arguments: [/]
21:06:26 Invoking Teststep: When navigate to recipe page
21:06:29 Invoking Teststep: click on {loc} with arguments: [recipeLink.click]
21:06:31 Completed Teststep: click on {loc} with arguments: [recipeLink.click]
21:06:31 Completed Teststep: When navigate to recipe page
21:06:31 Invoking Teststep: When navigate to search page
21:06:41 Invoking Teststep: click on {loc} with arguments: [recipe.search]
21:06:42 Completed Teststep: click on {loc} with arguments: [recipe.search]
21:06:42 Invoking Teststep: wait until {loc} to be visible with arguments: [recipetype.search]
21:06:43 Completed Teststep: wait until {loc} to be visible with arguments: [recipetype.search]
21:06:43 Completed Teststep: When navigate to search page
21:06:43 Invoking Teststep: Then search recipe '${searchtext}' with arguments: [${searchtext}]
21:06:43 Invoking Teststep: click on {loc} with arguments: [recipetype.search]
21:06:44 Completed Teststep: click on {loc} with arguments: [recipetype.search]
21:06:44 Invoking Teststep: sendKeys {text} into {loc} with arguments: [breakfast pizza?, recipetype.search]
21:06:44 Completed Teststep: sendKeys {text} into {loc} with arguments: [breakfast pizza?, recipetype.search]
21:06:54 Completed Teststep: Then search recipe 'breakfast pizza' with arguments: [${searchtext}]
21:06:54 Invoking Teststep: Then select a recipe
21:07:04 Invoking Teststep: click on {loc} with arguments: [pizzaRecipeImg.click]
21:07:05 Completed Teststep: click on {loc} with arguments: [pizzaRecipeImg.click]
21:07:15 Completed Teststep: Then select a recipe
21:07:15 Invoking Teststep: Then save a recipe
21:07:15 Invoking Teststep: click on {loc} with arguments: [saveReceipeBtn.click]
21:07:15 Completed Teststep: click on {loc} with arguments: [saveReceipeBtn.click]
21:07:25 Completed Teststep: Then save a recipe
21:07:25 Invoking Teststep: Then verify login message for unregistered user while save/review
21:07:35 Invoking Teststep: assert {loc} is visible with arguments: [saveMessageText.verify]
21:07:36 Completed Teststep: assert {loc} is visible with arguments: [saveMessageText.verify]
21:07:36 Completed Teststep: Then verify login message for unregistered user while save/review
21:07:36 Competed scenario: verify Save Recipe Action for Guest User with status SUCCESS
21:07:36 

Executing scenario: verify Invalid Search - 
21:07:36 Test Data{searchtext=breakfast pizza, Reviewcomment=Good, searchRecipe=Biriyani, Invalidsearch=Iphone, recipeTittle=RECIPES, username=vdhuggis@gmail.com, password=Arjun@17, __index=1}
21:07:36 Invoking Teststep: Given get '/' with arguments: [/]
21:07:37 Completed Teststep: Given get '/' with arguments: [/]
21:07:37 Invoking Teststep: When navigate to recipe page
21:07:38 Invoking Teststep: click on {loc} with arguments: [recipeLink.click]
21:07:38 Completed Teststep: click on {loc} with arguments: [recipeLink.click]
21:07:38 Completed Teststep: When navigate to recipe page
21:07:38 Invoking Teststep: When navigate to search page
21:07:49 Invoking Teststep: click on {loc} with arguments: [recipe.search]
21:07:50 Completed Teststep: click on {loc} with arguments: [recipe.search]
21:07:50 Invoking Teststep: wait until {loc} to be visible with arguments: [recipetype.search]
21:07:50 Completed Teststep: wait until {loc} to be visible with arguments: [recipetype.search]
21:07:50 Completed Teststep: When navigate to search page
21:07:50 Invoking Teststep: Then search recipe '${Invalidsearch}' with arguments: [${Invalidsearch}]
21:07:51 Invoking Teststep: click on {loc} with arguments: [recipetype.search]
21:07:51 Completed Teststep: click on {loc} with arguments: [recipetype.search]
21:07:51 Invoking Teststep: sendKeys {text} into {loc} with arguments: [Iphone?, recipetype.search]
21:07:51 Completed Teststep: sendKeys {text} into {loc} with arguments: [Iphone?, recipetype.search]
21:08:01 Completed Teststep: Then search recipe 'Iphone' with arguments: [${Invalidsearch}]
21:08:01 Invoking Teststep: Then verify no match message
21:08:01 Invoking Teststep: assert {loc} is visible with arguments: [noMatchRecipeMsg.verify]
21:08:02 Completed Teststep: assert {loc} is visible with arguments: [noMatchRecipeMsg.verify]
21:08:02 Completed Teststep: Then verify no match message
21:08:02 Competed scenario: verify Invalid Search with status SUCCESS
21:12:53 scenario.file.loc[Ljava.lang.String;@44821a96
21:13:22 loading feature file: C:\Users\vaidh\eclipse-workspace\foodautomationadv\.\scenarios\metadata.feature
21:23:13 scenario.file.loc[Ljava.lang.String;@10dba097
21:23:13 loading feature file: C:\Users\vaidh\eclipse-workspace\foodautomationadv\.\scenarios\metadata.feature
21:23:13 loading feature file: C:\Users\vaidh\eclipse-workspace\foodautomationadv\.\scenarios\metadataexample.feature
21:23:13 total test found: 4
21:23:13 

Executing scenario: verify Test Food Receipe Title - 
21:23:13 Test Data{searchtext=breakfast pizza, Reviewcomment=Good, searchRecipe=Biriyani, Invalidsearch=Iphone, recipeTittle=RECIPES, username=vdhuggis@gmail.com, password=Arjun@17, __index=1}
21:23:13 pkg: com.qmetry.qaf.automation.step
21:23:14 pkg: com.qmetry.qaf.example
21:23:14 Found duplicate step to load [] with [lower] prority then []
21:23:14 Invoking Teststep: Given get '/' with arguments: [/]
21:23:30 Completed Teststep: Given get '/' with arguments: [/]
21:23:30 Invoking Teststep: When navigate to recipe page
21:23:30 Invoking Teststep: click on {loc} with arguments: [recipeLink.click]
21:23:30 Completed Teststep: click on {loc} with arguments: [recipeLink.click]
21:23:30 Completed Teststep: When navigate to recipe page
21:23:30 Invoking Teststep: Then verify text is RECIPES '${recipeTittle}' with arguments: [${recipeTittle}]
21:23:32 Completed Teststep: Then verify text is RECIPES '${recipeTittle}' with arguments: [${recipeTittle}]
21:23:32 Competed scenario: verify Test Food Receipe Title with status SUCCESS
21:23:33 

Executing scenario: verify Test Food Receipe Title - 
21:23:33 Test Data{searchtext=breakfast pizza, Reviewcomment=Good, searchRecipe=Biriyani, Invalidsearch=Iphone, recipeTittle=RECIPES, username=vdhuggis@gmail.com, password=Arjun@17, __index=1}
21:23:33 Invoking Teststep: Given get '/' with arguments: [/]
21:23:37 Completed Teststep: Given get '/' with arguments: [/]
21:23:37 Invoking Teststep: When navigate to recipe page
21:23:37 Invoking Teststep: click on {loc} with arguments: [recipeLink.click]
21:23:38 Completed Teststep: click on {loc} with arguments: [recipeLink.click]
21:23:38 Completed Teststep: When navigate to recipe page
21:23:38 Invoking Teststep: When navigate to search page
21:23:48 Invoking Teststep: click on {loc} with arguments: [recipe.search]
21:23:49 Completed Teststep: click on {loc} with arguments: [recipe.search]
21:23:49 Invoking Teststep: wait until {loc} to be visible with arguments: [recipetype.search]
21:23:53 Completed Teststep: wait until {loc} to be visible with arguments: [recipetype.search]
21:23:53 Completed Teststep: When navigate to search page
21:23:53 Invoking Teststep: Then search recipe '${searchtext}' with arguments: [${searchtext}]
21:23:53 Invoking Teststep: click on {loc} with arguments: [recipetype.search]
21:23:54 Completed Teststep: click on {loc} with arguments: [recipetype.search]
21:23:54 Invoking Teststep: sendKeys {text} into {loc} with arguments: [breakfast pizza?, recipetype.search]
21:23:54 Completed Teststep: sendKeys {text} into {loc} with arguments: [breakfast pizza?, recipetype.search]
21:24:04 Completed Teststep: Then search recipe 'breakfast pizza' with arguments: [${searchtext}]
21:24:04 Invoking Teststep: Then select a recipe
21:24:14 Invoking Teststep: click on {loc} with arguments: [pizzaRecipeImg.click]
21:24:15 Completed Teststep: click on {loc} with arguments: [pizzaRecipeImg.click]
21:24:25 Completed Teststep: Then select a recipe
21:24:25 Invoking Teststep: Then save a recipe
21:24:25 Invoking Teststep: click on {loc} with arguments: [saveReceipeBtn.click]
21:24:25 Completed Teststep: click on {loc} with arguments: [saveReceipeBtn.click]
21:24:43 scenario.file.loc[Ljava.lang.String;@10dba097
21:24:43 loading feature file: C:\Users\vaidh\eclipse-workspace\foodautomationadv\.\scenarios\metadata.feature
21:24:43 loading feature file: C:\Users\vaidh\eclipse-workspace\foodautomationadv\.\scenarios\metadataexample.feature
21:24:43 total test found: 4
21:24:43 

Executing scenario: verify Test Food Receipe Title - 
21:24:43 Test Data{searchtext=breakfast pizza, Reviewcomment=Good, searchRecipe=Biriyani, Invalidsearch=Iphone, recipeTittle=RECIPES, username=vdhuggis@gmail.com, password=Arjun@17, __index=1}
21:24:43 pkg: com.qmetry.qaf.automation.step
21:24:44 pkg: com.qmetry.qaf.example
21:24:44 Found duplicate step to load [] with [lower] prority then []
21:24:44 Invoking Teststep: Given get '/' with arguments: [/]
21:24:55 Completed Teststep: Given get '/' with arguments: [/]
21:24:55 Invoking Teststep: When navigate to recipe page
21:24:56 Invoking Teststep: click on {loc} with arguments: [recipeLink.click]
21:24:56 Completed Teststep: click on {loc} with arguments: [recipeLink.click]
21:24:56 Completed Teststep: When navigate to recipe page
21:24:56 Invoking Teststep: Then verify text is RECIPES '${recipeTittle}' with arguments: [${recipeTittle}]
21:25:00 Completed Teststep: Then verify text is RECIPES '${recipeTittle}' with arguments: [${recipeTittle}]
21:25:00 Competed scenario: verify Test Food Receipe Title with status SUCCESS
21:25:00 

Executing scenario: verify Test Food Receipe Title - 
21:25:00 Test Data{searchtext=breakfast pizza, Reviewcomment=Good, searchRecipe=Biriyani, Invalidsearch=Iphone, recipeTittle=RECIPES, username=vdhuggis@gmail.com, password=Arjun@17, __index=1}
21:25:00 Invoking Teststep: Given get '/' with arguments: [/]
21:25:01 Completed Teststep: Given get '/' with arguments: [/]
21:25:01 Invoking Teststep: When navigate to recipe page
21:25:02 Invoking Teststep: click on {loc} with arguments: [recipeLink.click]
21:25:03 Completed Teststep: click on {loc} with arguments: [recipeLink.click]
21:25:03 Completed Teststep: When navigate to recipe page
21:25:03 Invoking Teststep: When navigate to search page
21:25:13 Invoking Teststep: click on {loc} with arguments: [recipe.search]
21:25:14 Completed Teststep: click on {loc} with arguments: [recipe.search]
21:25:14 Invoking Teststep: wait until {loc} to be visible with arguments: [recipetype.search]
21:25:15 Completed Teststep: wait until {loc} to be visible with arguments: [recipetype.search]
21:25:15 Completed Teststep: When navigate to search page
21:25:15 Invoking Teststep: Then search recipe '${searchtext}' with arguments: [${searchtext}]
21:25:15 Invoking Teststep: click on {loc} with arguments: [recipetype.search]
21:25:15 Completed Teststep: click on {loc} with arguments: [recipetype.search]
21:25:15 Invoking Teststep: sendKeys {text} into {loc} with arguments: [breakfast pizza?, recipetype.search]
21:25:16 Completed Teststep: sendKeys {text} into {loc} with arguments: [breakfast pizza?, recipetype.search]
21:25:26 Completed Teststep: Then search recipe 'breakfast pizza' with arguments: [${searchtext}]
21:25:26 Invoking Teststep: Then select a recipe
21:25:36 Invoking Teststep: click on {loc} with arguments: [pizzaRecipeImg.click]
21:25:44 Completed Teststep: click on {loc} with arguments: [pizzaRecipeImg.click]
21:25:54 Completed Teststep: Then select a recipe
21:25:54 Invoking Teststep: Then save a recipe
21:25:54 Invoking Teststep: click on {loc} with arguments: [saveReceipeBtn.click]
21:25:59 Completed Teststep: click on {loc} with arguments: [saveReceipeBtn.click]
21:26:09 Completed Teststep: Then save a recipe
21:26:09 Invoking Teststep: Then verify login message for unregistered user while save/review
21:26:39 Failure Teststep: Then verify login message for unregistered user while save/review
org.openqa.selenium.TimeoutException: Timed out after 30 seconds: Wait time out for Save message for guest to be visible
Build info: version: '3.141.59', revision: 'e82be7d358', time: '2018-11-14T08:17:03'
System info: host: 'VAIDHUSANTHU', ip: '192.168.0.56', os.name: 'Windows 10', os.arch: 'amd64', os.version: '10.0', java.version: '1.8.0_231'
Driver info: driver.version: unknown
	at com.qmetry.qaf.automation.ui.util.DynamicWait.until(DynamicWait.java:170)
	at com.qmetry.qaf.automation.ui.webdriver.QAFExtendedWebElement.waitForVisible(QAFExtendedWebElement.java:535)
	at com.qmetry.qaf.automation.step.CommonStep.waitForVisible_aroundBody42(CommonStep.java:520)
	at com.qmetry.qaf.automation.step.CommonStep$AjcClosure43.run(CommonStep.java:1)
	at org.aspectj.runtime.reflect.JoinPointImpl.proceed(JoinPointImpl.java:149)
	at com.qmetry.qaf.automation.step.JavaStepReporter.javaTestStep(JavaStepReporter.java:101)
	at com.qmetry.qaf.automation.step.CommonStep.waitForVisible(CommonStep.java:519)
	at com.qmetry.qaf.example.steps.StepsLibrary.verifyLoginMsg(StepsLibrary.java:83)
	at sun.reflect.NativeMethodAccessorImpl.invoke0(Native Method)
	at sun.reflect.NativeMethodAccessorImpl.invoke(NativeMethodAccessorImpl.java:62)
	at sun.reflect.DelegatingMethodAccessorImpl.invoke(DelegatingMethodAccessorImpl.java:43)
	at java.lang.reflect.Method.invoke(Method.java:498)
	at com.qmetry.qaf.automation.step.JavaStep.doExecute(JavaStep.java:153)
	at com.qmetry.qaf.automation.step.BaseTestStep.execute(BaseTestStep.java:149)
	at com.qmetry.qaf.automation.step.StringTestStep.execute(StringTestStep.java:134)
	at com.qmetry.qaf.automation.step.client.Scenario.execute(Scenario.java:180)
	at com.qmetry.qaf.automation.step.client.DataDrivenScenario.scenario(DataDrivenScenario.java:69)
	at sun.reflect.NativeMethodAccessorImpl.invoke0(Native Method)
	at sun.reflect.NativeMethodAccessorImpl.invoke(NativeMethodAccessorImpl.java:62)
	at sun.reflect.DelegatingMethodAccessorImpl.invoke(DelegatingMethodAccessorImpl.java:43)
	at java.lang.reflect.Method.invoke(Method.java:498)
	at org.testng.internal.MethodInvocationHelper.invokeMethod(MethodInvocationHelper.java:104)
	at org.testng.internal.Invoker.invokeMethod(Invoker.java:645)
	at org.testng.internal.Invoker.invokeTestMethod(Invoker.java:851)
	at org.testng.internal.Invoker.invokeTestMethods(Invoker.java:1177)
	at org.testng.internal.TestMethodWorker.invokeTestMethods(TestMethodWorker.java:129)
	at org.testng.internal.TestMethodWorker.run(TestMethodWorker.java:112)
	at org.testng.TestRunner.privateRun(TestRunner.java:781)
	at org.testng.TestRunner.run(TestRunner.java:635)
	at org.testng.SuiteRunner.runTest(SuiteRunner.java:387)
	at org.testng.SuiteRunner.runSequentially(SuiteRunner.java:382)
	at org.testng.SuiteRunner.privateRun(SuiteRunner.java:340)
	at org.testng.SuiteRunner.run(SuiteRunner.java:289)
	at org.testng.SuiteRunnerWorker.runSuite(SuiteRunnerWorker.java:52)
	at org.testng.SuiteRunnerWorker.run(SuiteRunnerWorker.java:86)
	at org.testng.TestNG.runSuitesSequentially(TestNG.java:1293)
	at org.testng.TestNG.runSuitesLocally(TestNG.java:1218)
	at org.testng.TestNG.runSuites(TestNG.java:1133)
	at org.testng.TestNG.run(TestNG.java:1104)
	at org.testng.remote.AbstractRemoteTestNG.run(AbstractRemoteTestNG.java:115)
	at org.testng.remote.RemoteTestNG.initAndRun(RemoteTestNG.java:251)
	at org.testng.remote.RemoteTestNG.main(RemoteTestNG.java:77)
21:26:39 Completed Teststep: Then verify login message for unregistered user while save/review
21:26:39 Competed scenario: verify Test Food Receipe Title with status FAILURE
21:26:40 

Executing scenario: verify Test Food Receipe Title - 
21:26:40 Test Data{searchtext=breakfast pizza, Reviewcomment=Good, searchRecipe=Biriyani, Invalidsearch=Iphone, recipeTittle=RECIPES, username=vdhuggis@gmail.com, password=Arjun@17, __index=1}
21:26:40 Invoking Teststep: Given get '/' with arguments: [/]
21:26:42 Completed Teststep: Given get '/' with arguments: [/]
21:26:42 Invoking Teststep: When navigate to recipe page
21:26:43 Invoking Teststep: click on {loc} with arguments: [recipeLink.click]
21:26:43 Completed Teststep: click on {loc} with arguments: [recipeLink.click]
21:26:43 Completed Teststep: When navigate to recipe page
21:26:43 Invoking Teststep: When navigate to search page
21:26:53 Invoking Teststep: click on {loc} with arguments: [recipe.search]
21:26:54 Completed Teststep: click on {loc} with arguments: [recipe.search]
21:26:54 Invoking Teststep: wait until {loc} to be visible with arguments: [recipetype.search]
21:26:55 Completed Teststep: wait until {loc} to be visible with arguments: [recipetype.search]
21:26:55 Completed Teststep: When navigate to search page
21:26:55 Invoking Teststep: Then search recipe '${Invalidsearch}' with arguments: [${Invalidsearch}]
21:26:56 Invoking Teststep: click on {loc} with arguments: [recipetype.search]
21:26:56 Completed Teststep: click on {loc} with arguments: [recipetype.search]
21:26:56 Invoking Teststep: sendKeys {text} into {loc} with arguments: [Iphone?, recipetype.search]
21:26:56 Completed Teststep: sendKeys {text} into {loc} with arguments: [Iphone?, recipetype.search]
21:27:06 Completed Teststep: Then search recipe 'Iphone' with arguments: [${Invalidsearch}]
21:27:06 Invoking Teststep: Then verify no match message
21:27:07 Invoking Teststep: assert {loc} is visible with arguments: [noMatchRecipeMsg.verify]
21:27:07 Completed Teststep: assert {loc} is visible with arguments: [noMatchRecipeMsg.verify]
21:27:07 Completed Teststep: Then verify no match message
21:27:07 Competed scenario: verify Test Food Receipe Title with status SUCCESS
21:27:07 

Executing scenario: verify Test Food Receipe Title - 
21:27:07 Test Data{searchtext=breakfast pizza, Reviewcomment=Good, searchRecipe=Biriyani, Invalidsearch=Iphone, recipeTittle=RECIPES, username=vdhuggis@gmail.com, password=Arjun@17, __index=1}
21:27:07 Invoking Teststep: Given get '/' with arguments: [/]
21:27:09 Completed Teststep: Given get '/' with arguments: [/]
21:27:09 Invoking Teststep: When navigate to recipe page
21:27:09 Invoking Teststep: click on {loc} with arguments: [recipeLink.click]
21:27:11 Completed Teststep: click on {loc} with arguments: [recipeLink.click]
21:27:11 Completed Teststep: When navigate to recipe page
21:27:11 Invoking Teststep: Then verify text is RECIPES '${recipeTittle}' with arguments: [${recipeTittle}]
21:27:42 Completed Teststep: Then verify text is RECIPES '${recipeTittle}' with arguments: [${recipeTittle}]
21:27:42 Competed scenario: verify Test Food Receipe Title with status SUCCESS
21:28:36 scenario.file.loc[Ljava.lang.String;@10dba097
21:28:36 loading feature file: C:\Users\vaidh\eclipse-workspace\foodautomationadv\.\scenarios\Example.feature
21:28:36 Exception while reading BDD file: C:\Users\vaidh\eclipse-workspace\foodautomationadv\.\scenarios\Example.feature#0java.lang.ArrayIndexOutOfBoundsException: -1
21:28:36 loading feature file: C:\Users\vaidh\eclipse-workspace\foodautomationadv\.\scenarios\metadata.feature
21:28:36 loading feature file: C:\Users\vaidh\eclipse-workspace\foodautomationadv\.\scenarios\metadataexample.feature
21:28:36 total test found: 4
21:29:04 scenario.file.loc[Ljava.lang.String;@10dba097
21:29:04 loading feature file: C:\Users\vaidh\eclipse-workspace\foodautomationadv\.\scenarios\Example.feature
21:29:04 Exception while reading BDD file: C:\Users\vaidh\eclipse-workspace\foodautomationadv\.\scenarios\Example.feature#0java.lang.ArrayIndexOutOfBoundsException: -1
21:29:04 loading feature file: C:\Users\vaidh\eclipse-workspace\foodautomationadv\.\scenarios\metadata.feature
21:29:04 loading feature file: C:\Users\vaidh\eclipse-workspace\foodautomationadv\.\scenarios\metadataexample.feature
21:29:04 total test found: 4
21:29:04 

Executing scenario: verify Test Food Receipe Title - 
21:29:04 Test Data{searchtext=breakfast pizza, Reviewcomment=Good, searchRecipe=Biriyani, Invalidsearch=Iphone, recipeTittle=RECIPES, username=vdhuggis@gmail.com, password=Arjun@17, __index=1}
21:29:04 pkg: com.qmetry.qaf.automation.step
21:29:04 pkg: com.qmetry.qaf.example
21:29:04 Found duplicate step to load [] with [lower] prority then []
21:29:04 Invoking Teststep: Given get '/' with arguments: [/]
21:29:14 Completed Teststep: Given get '/' with arguments: [/]
21:29:14 Invoking Teststep: When navigate to recipe page
21:29:15 Invoking Teststep: click on {loc} with arguments: [recipeLink.click]
21:29:15 Completed Teststep: click on {loc} with arguments: [recipeLink.click]
21:29:15 Completed Teststep: When navigate to recipe page
21:29:15 Invoking Teststep: Then verify text is RECIPES '${recipeTittle}' with arguments: [${recipeTittle}]
21:29:17 Completed Teststep: Then verify text is RECIPES '${recipeTittle}' with arguments: [${recipeTittle}]
21:29:17 Competed scenario: verify Test Food Receipe Title with status SUCCESS
21:29:18 

Executing scenario: verify Test Food Receipe Title - 
21:29:18 Test Data{searchtext=breakfast pizza, Reviewcomment=Good, searchRecipe=Biriyani, Invalidsearch=Iphone, recipeTittle=RECIPES, username=vdhuggis@gmail.com, password=Arjun@17, __index=1}
21:29:18 Invoking Teststep: Given get '/' with arguments: [/]
21:29:19 Completed Teststep: Given get '/' with arguments: [/]
21:29:19 Invoking Teststep: When navigate to recipe page
21:29:19 Invoking Teststep: click on {loc} with arguments: [recipeLink.click]
21:29:20 Completed Teststep: click on {loc} with arguments: [recipeLink.click]
21:29:20 Completed Teststep: When navigate to recipe page
21:29:20 Invoking Teststep: When navigate to search page
21:29:30 Invoking Teststep: click on {loc} with arguments: [recipe.search]
21:29:31 Completed Teststep: click on {loc} with arguments: [recipe.search]
21:29:31 Invoking Teststep: wait until {loc} to be visible with arguments: [recipetype.search]
21:29:32 Completed Teststep: wait until {loc} to be visible with arguments: [recipetype.search]
21:29:32 Completed Teststep: When navigate to search page
21:29:32 Invoking Teststep: Then search recipe '${searchtext}' with arguments: [${searchtext}]
21:29:33 Invoking Teststep: click on {loc} with arguments: [recipetype.search]
21:29:33 Completed Teststep: click on {loc} with arguments: [recipetype.search]
21:29:33 Invoking Teststep: sendKeys {text} into {loc} with arguments: [breakfast pizza?, recipetype.search]
21:29:33 Completed Teststep: sendKeys {text} into {loc} with arguments: [breakfast pizza?, recipetype.search]
21:29:43 Completed Teststep: Then search recipe 'breakfast pizza' with arguments: [${searchtext}]
21:29:43 Invoking Teststep: Then select a recipe
21:29:53 Invoking Teststep: click on {loc} with arguments: [pizzaRecipeImg.click]
21:29:54 Completed Teststep: click on {loc} with arguments: [pizzaRecipeImg.click]
21:30:04 Completed Teststep: Then select a recipe
21:30:04 Invoking Teststep: Then save a recipe
21:30:04 Invoking Teststep: click on {loc} with arguments: [saveReceipeBtn.click]
21:30:04 Completed Teststep: click on {loc} with arguments: [saveReceipeBtn.click]
21:30:14 Completed Teststep: Then save a recipe
21:30:14 Invoking Teststep: Then verify login message for unregistered user while save/review
21:30:25 scenario.file.loc[Ljava.lang.String;@10dba097
21:30:25 loading feature file: C:\Users\vaidh\eclipse-workspace\foodautomationadv\.\scenarios\Example.feature
21:30:25 Exception while reading BDD file: C:\Users\vaidh\eclipse-workspace\foodautomationadv\.\scenarios\Example.feature#0java.lang.ArrayIndexOutOfBoundsException: -1
21:30:25 loading feature file: C:\Users\vaidh\eclipse-workspace\foodautomationadv\.\scenarios\metadata.feature
21:30:25 loading feature file: C:\Users\vaidh\eclipse-workspace\foodautomationadv\.\scenarios\metadataexample.feature
21:30:25 total test found: 4
21:30:26 

Executing scenario: verify Test Food Receipe Title - 
21:30:26 Test Data{searchtext=breakfastpizza, Reviewcomment=Good, searchRecipe=Biriyani, Invalidsearch=Iphone, recipeTittle=RECIPES, username=vdhuggis@gmail.com, password=Arjun@17, __index=1}
21:30:26 pkg: com.qmetry.qaf.automation.step
21:30:26 pkg: com.qmetry.qaf.example
21:30:26 Found duplicate step to load [] with [lower] prority then []
21:30:26 Invoking Teststep: Given get '/' with arguments: [/]
21:30:46 scenario.file.loc[Ljava.lang.String;@10dba097
21:30:46 loading feature file: C:\Users\vaidh\eclipse-workspace\foodautomationadv\.\scenarios\Example.feature
21:30:46 Exception while reading BDD file: C:\Users\vaidh\eclipse-workspace\foodautomationadv\.\scenarios\Example.feature#0java.lang.ArrayIndexOutOfBoundsException: -1
21:30:46 loading feature file: C:\Users\vaidh\eclipse-workspace\foodautomationadv\.\scenarios\metadata.feature
21:30:46 loading feature file: C:\Users\vaidh\eclipse-workspace\foodautomationadv\.\scenarios\metadataexample.feature
21:30:46 total test found: 4
21:30:46 

Executing scenario: verify Test Food Receipe Title - 
21:30:46 Test Data{searchtext=breakfastpizza, Reviewcomment=Good, searchRecipe=Biriyani, Invalidsearch=Iphone, recipeTittle=RECIPES, username=vdhuggis@gmail.com, password=Arjun@17, __index=1}
21:30:46 pkg: com.qmetry.qaf.automation.step
21:30:46 pkg: com.qmetry.qaf.example
21:30:46 Found duplicate step to load [] with [lower] prority then []
21:30:46 Invoking Teststep: Given get '/' with arguments: [/]
21:30:57 Completed Teststep: Given get '/' with arguments: [/]
21:30:57 Invoking Teststep: When navigate to recipe page
21:30:57 Invoking Teststep: click on {loc} with arguments: [recipeLink.click]
21:30:58 Completed Teststep: click on {loc} with arguments: [recipeLink.click]
21:30:58 Completed Teststep: When navigate to recipe page
21:30:58 Invoking Teststep: Then verify text is RECIPES '${recipeTittle}' with arguments: [${recipeTittle}]
21:30:59 Completed Teststep: Then verify text is RECIPES '${recipeTittle}' with arguments: [${recipeTittle}]
21:30:59 Competed scenario: verify Test Food Receipe Title with status SUCCESS
21:30:59 

Executing scenario: verify Test Food Receipe Title - 
21:30:59 Test Data{searchtext=breakfastpizza, Reviewcomment=Good, searchRecipe=Biriyani, Invalidsearch=Iphone, recipeTittle=RECIPES, username=vdhuggis@gmail.com, password=Arjun@17, __index=1}
21:30:59 Invoking Teststep: Given get '/' with arguments: [/]
21:31:01 Completed Teststep: Given get '/' with arguments: [/]
21:31:01 Invoking Teststep: When navigate to recipe page
21:31:02 Invoking Teststep: click on {loc} with arguments: [recipeLink.click]
21:31:02 Completed Teststep: click on {loc} with arguments: [recipeLink.click]
21:31:02 Completed Teststep: When navigate to recipe page
21:31:02 Invoking Teststep: When navigate to search page
21:31:12 Invoking Teststep: click on {loc} with arguments: [recipe.search]
21:31:13 Completed Teststep: click on {loc} with arguments: [recipe.search]
21:31:13 Invoking Teststep: wait until {loc} to be visible with arguments: [recipetype.search]
21:31:14 Completed Teststep: wait until {loc} to be visible with arguments: [recipetype.search]
21:31:14 Completed Teststep: When navigate to search page
21:31:14 Invoking Teststep: Then search recipe '${searchtext}' with arguments: [${searchtext}]
21:31:14 Invoking Teststep: click on {loc} with arguments: [recipetype.search]
21:31:15 Completed Teststep: click on {loc} with arguments: [recipetype.search]
21:31:15 Invoking Teststep: sendKeys {text} into {loc} with arguments: [breakfastpizza?, recipetype.search]
21:31:15 Completed Teststep: sendKeys {text} into {loc} with arguments: [breakfastpizza?, recipetype.search]
21:31:25 Completed Teststep: Then search recipe 'breakfastpizza' with arguments: [${searchtext}]
21:31:25 Invoking Teststep: Then select a recipe
21:32:05 Failure Teststep: Then select a recipe
org.openqa.selenium.TimeoutException: Timed out after 30 seconds: Wait time out for Select one pizza recipe to be visible
Build info: version: '3.141.59', revision: 'e82be7d358', time: '2018-11-14T08:17:03'
System info: host: 'VAIDHUSANTHU', ip: '192.168.0.56', os.name: 'Windows 10', os.arch: 'amd64', os.version: '10.0', java.version: '1.8.0_231'
Driver info: driver.version: unknown
	at com.qmetry.qaf.automation.ui.util.DynamicWait.until(DynamicWait.java:170)
	at com.qmetry.qaf.automation.ui.webdriver.QAFExtendedWebElement.waitForVisible(QAFExtendedWebElement.java:535)
	at com.qmetry.qaf.automation.step.CommonStep.waitForVisible_aroundBody42(CommonStep.java:520)
	at com.qmetry.qaf.automation.step.CommonStep$AjcClosure43.run(CommonStep.java:1)
	at org.aspectj.runtime.reflect.JoinPointImpl.proceed(JoinPointImpl.java:149)
	at com.qmetry.qaf.automation.step.JavaStepReporter.javaTestStep(JavaStepReporter.java:101)
	at com.qmetry.qaf.automation.step.CommonStep.waitForVisible(CommonStep.java:519)
	at com.qmetry.qaf.example.steps.StepsLibrary.selectPizzaRecipe(StepsLibrary.java:62)
	at sun.reflect.NativeMethodAccessorImpl.invoke0(Native Method)
	at sun.reflect.NativeMethodAccessorImpl.invoke(NativeMethodAccessorImpl.java:62)
	at sun.reflect.DelegatingMethodAccessorImpl.invoke(DelegatingMethodAccessorImpl.java:43)
	at java.lang.reflect.Method.invoke(Method.java:498)
	at com.qmetry.qaf.automation.step.JavaStep.doExecute(JavaStep.java:153)
	at com.qmetry.qaf.automation.step.BaseTestStep.execute(BaseTestStep.java:149)
	at com.qmetry.qaf.automation.step.StringTestStep.execute(StringTestStep.java:134)
	at com.qmetry.qaf.automation.step.client.Scenario.execute(Scenario.java:180)
	at com.qmetry.qaf.automation.step.client.DataDrivenScenario.scenario(DataDrivenScenario.java:69)
	at sun.reflect.NativeMethodAccessorImpl.invoke0(Native Method)
	at sun.reflect.NativeMethodAccessorImpl.invoke(NativeMethodAccessorImpl.java:62)
	at sun.reflect.DelegatingMethodAccessorImpl.invoke(DelegatingMethodAccessorImpl.java:43)
	at java.lang.reflect.Method.invoke(Method.java:498)
	at org.testng.internal.MethodInvocationHelper.invokeMethod(MethodInvocationHelper.java:104)
	at org.testng.internal.Invoker.invokeMethod(Invoker.java:645)
	at org.testng.internal.Invoker.invokeTestMethod(Invoker.java:851)
	at org.testng.internal.Invoker.invokeTestMethods(Invoker.java:1177)
	at org.testng.internal.TestMethodWorker.invokeTestMethods(TestMethodWorker.java:129)
	at org.testng.internal.TestMethodWorker.run(TestMethodWorker.java:112)
	at org.testng.TestRunner.privateRun(TestRunner.java:781)
	at org.testng.TestRunner.run(TestRunner.java:635)
	at org.testng.SuiteRunner.runTest(SuiteRunner.java:387)
	at org.testng.SuiteRunner.runSequentially(SuiteRunner.java:382)
	at org.testng.SuiteRunner.privateRun(SuiteRunner.java:340)
	at org.testng.SuiteRunner.run(SuiteRunner.java:289)
	at org.testng.SuiteRunnerWorker.runSuite(SuiteRunnerWorker.java:52)
	at org.testng.SuiteRunnerWorker.run(SuiteRunnerWorker.java:86)
	at org.testng.TestNG.runSuitesSequentially(TestNG.java:1293)
	at org.testng.TestNG.runSuitesLocally(TestNG.java:1218)
	at org.testng.TestNG.runSuites(TestNG.java:1133)
	at org.testng.TestNG.run(TestNG.java:1104)
	at org.testng.remote.AbstractRemoteTestNG.run(AbstractRemoteTestNG.java:115)
	at org.testng.remote.RemoteTestNG.initAndRun(RemoteTestNG.java:251)
	at org.testng.remote.RemoteTestNG.main(RemoteTestNG.java:77)
21:32:05 Completed Teststep: Then select a recipe
21:32:05 Competed scenario: verify Test Food Receipe Title with status FAILURE
21:32:06 

Executing scenario: verify Test Food Receipe Title - 
21:32:06 Test Data{searchtext=breakfastpizza, Reviewcomment=Good, searchRecipe=Biriyani, Invalidsearch=Iphone, recipeTittle=RECIPES, username=vdhuggis@gmail.com, password=Arjun@17, __index=1}
21:32:06 Invoking Teststep: Given get '/' with arguments: [/]
21:32:07 Completed Teststep: Given get '/' with arguments: [/]
21:32:07 Invoking Teststep: When navigate to recipe page
21:32:08 Invoking Teststep: click on {loc} with arguments: [recipeLink.click]
21:32:08 Completed Teststep: click on {loc} with arguments: [recipeLink.click]
21:32:08 Completed Teststep: When navigate to recipe page
21:32:08 Invoking Teststep: When navigate to search page
21:32:19 Invoking Teststep: click on {loc} with arguments: [recipe.search]
21:32:20 Completed Teststep: click on {loc} with arguments: [recipe.search]
21:32:20 Invoking Teststep: wait until {loc} to be visible with arguments: [recipetype.search]
21:32:20 Completed Teststep: wait until {loc} to be visible with arguments: [recipetype.search]
21:32:20 Completed Teststep: When navigate to search page
21:32:20 Invoking Teststep: Then search recipe '${Invalidsearch}' with arguments: [${Invalidsearch}]
21:32:21 Invoking Teststep: click on {loc} with arguments: [recipetype.search]
21:32:21 Completed Teststep: click on {loc} with arguments: [recipetype.search]
21:32:21 Invoking Teststep: sendKeys {text} into {loc} with arguments: [Iphone?, recipetype.search]
21:32:21 Completed Teststep: sendKeys {text} into {loc} with arguments: [Iphone?, recipetype.search]
21:32:31 Completed Teststep: Then search recipe 'Iphone' with arguments: [${Invalidsearch}]
21:32:31 Invoking Teststep: Then verify no match message
21:32:31 Invoking Teststep: assert {loc} is visible with arguments: [noMatchRecipeMsg.verify]
21:32:31 Completed Teststep: assert {loc} is visible with arguments: [noMatchRecipeMsg.verify]
21:32:31 Completed Teststep: Then verify no match message
21:32:31 Competed scenario: verify Test Food Receipe Title with status SUCCESS
21:32:31 

Executing scenario: verify Test Food Receipe Title - 
21:32:31 Test Data{searchtext=breakfastpizza, Reviewcomment=Good, searchRecipe=Biriyani, Invalidsearch=Iphone, recipeTittle=RECIPES, username=vdhuggis@gmail.com, password=Arjun@17, __index=1}
21:32:31 Invoking Teststep: Given get '/' with arguments: [/]
21:32:32 Completed Teststep: Given get '/' with arguments: [/]
21:32:32 Invoking Teststep: When navigate to recipe page
21:32:33 Invoking Teststep: click on {loc} with arguments: [recipeLink.click]
21:32:35 Completed Teststep: click on {loc} with arguments: [recipeLink.click]
21:32:35 Completed Teststep: When navigate to recipe page
21:32:35 Invoking Teststep: Then verify text is RECIPES '${recipeTittle}' with arguments: [${recipeTittle}]
21:32:36 Completed Teststep: Then verify text is RECIPES '${recipeTittle}' with arguments: [${recipeTittle}]
21:32:36 Competed scenario: verify Test Food Receipe Title with status SUCCESS
21:33:04 scenario.file.loc[Ljava.lang.String;@10dba097
21:33:04 loading feature file: C:\Users\vaidh\eclipse-workspace\foodautomationadv\.\scenarios\Example.feature
21:33:04 Exception while reading BDD file: C:\Users\vaidh\eclipse-workspace\foodautomationadv\.\scenarios\Example.feature#0java.lang.ArrayIndexOutOfBoundsException: -1
21:33:04 loading feature file: C:\Users\vaidh\eclipse-workspace\foodautomationadv\.\scenarios\metadata.feature
21:33:04 loading feature file: C:\Users\vaidh\eclipse-workspace\foodautomationadv\.\scenarios\metadataexample.feature
21:33:04 total test found: 4
21:33:04 

Executing scenario: verify Test Food Receipe Title - 
21:33:04 Test Data{searchtext=breakfastpizza, Reviewcomment=Good, searchRecipe=Biriyani, Invalidsearch=Iphone, recipeTittle=RECIPES, username=vdhuggis@gmail.com, password=Arjun@17, __index=1}
21:33:04 pkg: com.qmetry.qaf.automation.step
21:33:04 pkg: com.qmetry.qaf.example
21:33:04 Found duplicate step to load [] with [lower] prority then []
21:33:04 Invoking Teststep: Given get '/' with arguments: [/]
21:33:25 Completed Teststep: Given get '/' with arguments: [/]
21:33:25 Invoking Teststep: When navigate to recipe page
21:33:26 Invoking Teststep: click on {loc} with arguments: [recipeLink.click]
21:33:26 Completed Teststep: click on {loc} with arguments: [recipeLink.click]
21:33:26 Completed Teststep: When navigate to recipe page
21:33:26 Invoking Teststep: Then verify text is RECIPES '${recipeTittle}' with arguments: [${recipeTittle}]
21:33:29 Completed Teststep: Then verify text is RECIPES 'RECIPES' with arguments: [${recipeTittle}]
21:33:29 Competed scenario: verify Test Food Receipe Title with status SUCCESS
21:33:29 

Executing scenario: verify Test Food Receipe Title - 
21:33:29 Test Data{searchtext=breakfastpizza, Reviewcomment=Good, searchRecipe=Biriyani, Invalidsearch=Iphone, recipeTittle=RECIPES, username=vdhuggis@gmail.com, password=Arjun@17, __index=1}
21:33:29 Invoking Teststep: Given get '/' with arguments: [/]
21:33:30 Completed Teststep: Given get '/' with arguments: [/]
21:33:30 Invoking Teststep: When navigate to recipe page
21:33:30 Invoking Teststep: click on {loc} with arguments: [recipeLink.click]
21:33:31 Completed Teststep: click on {loc} with arguments: [recipeLink.click]
21:33:31 Completed Teststep: When navigate to recipe page
21:33:31 Invoking Teststep: When navigate to search page
21:33:41 Invoking Teststep: click on {loc} with arguments: [recipe.search]
21:33:42 Completed Teststep: click on {loc} with arguments: [recipe.search]
21:33:42 Invoking Teststep: wait until {loc} to be visible with arguments: [recipetype.search]
21:33:43 Completed Teststep: wait until {loc} to be visible with arguments: [recipetype.search]
21:33:43 Completed Teststep: When navigate to search page
21:33:43 Invoking Teststep: Then search recipe '${searchtext}' with arguments: [${searchtext}]
21:33:43 Invoking Teststep: click on {loc} with arguments: [recipetype.search]
21:33:43 Completed Teststep: click on {loc} with arguments: [recipetype.search]
21:33:43 Invoking Teststep: sendKeys {text} into {loc} with arguments: [breakfastpizza?, recipetype.search]
21:33:44 Completed Teststep: sendKeys {text} into {loc} with arguments: [breakfastpizza?, recipetype.search]
21:33:54 Completed Teststep: Then search recipe 'breakfastpizza' with arguments: [${searchtext}]
21:33:54 Invoking Teststep: Then select a recipe
21:34:34 Failure Teststep: Then select a recipe
org.openqa.selenium.TimeoutException: Timed out after 30 seconds: Wait time out for Select one pizza recipe to be visible
Build info: version: '3.141.59', revision: 'e82be7d358', time: '2018-11-14T08:17:03'
System info: host: 'VAIDHUSANTHU', ip: '192.168.0.56', os.name: 'Windows 10', os.arch: 'amd64', os.version: '10.0', java.version: '1.8.0_231'
Driver info: driver.version: unknown
	at com.qmetry.qaf.automation.ui.util.DynamicWait.until(DynamicWait.java:170)
	at com.qmetry.qaf.automation.ui.webdriver.QAFExtendedWebElement.waitForVisible(QAFExtendedWebElement.java:535)
	at com.qmetry.qaf.automation.step.CommonStep.waitForVisible_aroundBody42(CommonStep.java:520)
	at com.qmetry.qaf.automation.step.CommonStep$AjcClosure43.run(CommonStep.java:1)
	at org.aspectj.runtime.reflect.JoinPointImpl.proceed(JoinPointImpl.java:149)
	at com.qmetry.qaf.automation.step.JavaStepReporter.javaTestStep(JavaStepReporter.java:101)
	at com.qmetry.qaf.automation.step.CommonStep.waitForVisible(CommonStep.java:519)
	at com.qmetry.qaf.example.steps.StepsLibrary.selectPizzaRecipe(StepsLibrary.java:62)
	at sun.reflect.NativeMethodAccessorImpl.invoke0(Native Method)
	at sun.reflect.NativeMethodAccessorImpl.invoke(NativeMethodAccessorImpl.java:62)
	at sun.reflect.DelegatingMethodAccessorImpl.invoke(DelegatingMethodAccessorImpl.java:43)
	at java.lang.reflect.Method.invoke(Method.java:498)
	at com.qmetry.qaf.automation.step.JavaStep.doExecute(JavaStep.java:153)
	at com.qmetry.qaf.automation.step.BaseTestStep.execute(BaseTestStep.java:149)
	at com.qmetry.qaf.automation.step.StringTestStep.execute(StringTestStep.java:134)
	at com.qmetry.qaf.automation.step.client.Scenario.execute(Scenario.java:180)
	at com.qmetry.qaf.automation.step.client.DataDrivenScenario.scenario(DataDrivenScenario.java:69)
	at sun.reflect.NativeMethodAccessorImpl.invoke0(Native Method)
	at sun.reflect.NativeMethodAccessorImpl.invoke(NativeMethodAccessorImpl.java:62)
	at sun.reflect.DelegatingMethodAccessorImpl.invoke(DelegatingMethodAccessorImpl.java:43)
	at java.lang.reflect.Method.invoke(Method.java:498)
	at org.testng.internal.MethodInvocationHelper.invokeMethod(MethodInvocationHelper.java:104)
	at org.testng.internal.Invoker.invokeMethod(Invoker.java:645)
	at org.testng.internal.Invoker.invokeTestMethod(Invoker.java:851)
	at org.testng.internal.Invoker.invokeTestMethods(Invoker.java:1177)
	at org.testng.internal.TestMethodWorker.invokeTestMethods(TestMethodWorker.java:129)
	at org.testng.internal.TestMethodWorker.run(TestMethodWorker.java:112)
	at org.testng.TestRunner.privateRun(TestRunner.java:781)
	at org.testng.TestRunner.run(TestRunner.java:635)
	at org.testng.SuiteRunner.runTest(SuiteRunner.java:387)
	at org.testng.SuiteRunner.runSequentially(SuiteRunner.java:382)
	at org.testng.SuiteRunner.privateRun(SuiteRunner.java:340)
	at org.testng.SuiteRunner.run(SuiteRunner.java:289)
	at org.testng.SuiteRunnerWorker.runSuite(SuiteRunnerWorker.java:52)
	at org.testng.SuiteRunnerWorker.run(SuiteRunnerWorker.java:86)
	at org.testng.TestNG.runSuitesSequentially(TestNG.java:1293)
	at org.testng.TestNG.runSuitesLocally(TestNG.java:1218)
	at org.testng.TestNG.runSuites(TestNG.java:1133)
	at org.testng.TestNG.run(TestNG.java:1104)
	at org.testng.remote.AbstractRemoteTestNG.run(AbstractRemoteTestNG.java:115)
	at org.testng.remote.RemoteTestNG.initAndRun(RemoteTestNG.java:251)
	at org.testng.remote.RemoteTestNG.main(RemoteTestNG.java:77)
21:34:34 Completed Teststep: Then select a recipe
21:34:34 Competed scenario: verify Test Food Receipe Title with status FAILURE
21:34:35 

Executing scenario: verify Test Food Receipe Title - 
21:34:35 Test Data{searchtext=breakfastpizza, Reviewcomment=Good, searchRecipe=Biriyani, Invalidsearch=Iphone, recipeTittle=RECIPES, username=vdhuggis@gmail.com, password=Arjun@17, __index=1}
21:34:35 Invoking Teststep: Given get '/' with arguments: [/]
21:34:36 Completed Teststep: Given get '/' with arguments: [/]
21:34:36 Invoking Teststep: When navigate to recipe page
21:34:37 Invoking Teststep: click on {loc} with arguments: [recipeLink.click]
21:34:39 Completed Teststep: click on {loc} with arguments: [recipeLink.click]
21:34:39 Completed Teststep: When navigate to recipe page
21:34:39 Invoking Teststep: When navigate to search page
21:35:27 Failure Teststep: When navigate to search page
org.openqa.selenium.TimeoutException: Timed out after 30 seconds: Wait time out for Click on  Search Link to be visible
Build info: version: '3.141.59', revision: 'e82be7d358', time: '2018-11-14T08:17:03'
System info: host: 'VAIDHUSANTHU', ip: '192.168.0.56', os.name: 'Windows 10', os.arch: 'amd64', os.version: '10.0', java.version: '1.8.0_231'
Driver info: driver.version: unknown
	at com.qmetry.qaf.automation.ui.util.DynamicWait.until(DynamicWait.java:170)
	at com.qmetry.qaf.automation.ui.webdriver.QAFExtendedWebElement.waitForVisible(QAFExtendedWebElement.java:535)
	at com.qmetry.qaf.automation.step.CommonStep.waitForVisible_aroundBody42(CommonStep.java:520)
	at com.qmetry.qaf.automation.step.CommonStep$AjcClosure43.run(CommonStep.java:1)
	at org.aspectj.runtime.reflect.JoinPointImpl.proceed(JoinPointImpl.java:149)
	at com.qmetry.qaf.automation.step.JavaStepReporter.javaTestStep(JavaStepReporter.java:101)
	at com.qmetry.qaf.automation.step.CommonStep.waitForVisible(CommonStep.java:519)
	at com.qmetry.qaf.example.steps.StepsLibrary.navigateToSearchPage(StepsLibrary.java:40)
	at sun.reflect.NativeMethodAccessorImpl.invoke0(Native Method)
	at sun.reflect.NativeMethodAccessorImpl.invoke(NativeMethodAccessorImpl.java:62)
	at sun.reflect.DelegatingMethodAccessorImpl.invoke(DelegatingMethodAccessorImpl.java:43)
	at java.lang.reflect.Method.invoke(Method.java:498)
	at com.qmetry.qaf.automation.step.JavaStep.doExecute(JavaStep.java:153)
	at com.qmetry.qaf.automation.step.BaseTestStep.execute(BaseTestStep.java:149)
	at com.qmetry.qaf.automation.step.StringTestStep.execute(StringTestStep.java:134)
	at com.qmetry.qaf.automation.step.client.Scenario.execute(Scenario.java:180)
	at com.qmetry.qaf.automation.step.client.DataDrivenScenario.scenario(DataDrivenScenario.java:69)
	at sun.reflect.NativeMethodAccessorImpl.invoke0(Native Method)
	at sun.reflect.NativeMethodAccessorImpl.invoke(NativeMethodAccessorImpl.java:62)
	at sun.reflect.DelegatingMethodAccessorImpl.invoke(DelegatingMethodAccessorImpl.java:43)
	at java.lang.reflect.Method.invoke(Method.java:498)
	at org.testng.internal.MethodInvocationHelper.invokeMethod(MethodInvocationHelper.java:104)
	at org.testng.internal.Invoker.invokeMethod(Invoker.java:645)
	at org.testng.internal.Invoker.invokeTestMethod(Invoker.java:851)
	at org.testng.internal.Invoker.invokeTestMethods(Invoker.java:1177)
	at org.testng.internal.TestMethodWorker.invokeTestMethods(TestMethodWorker.java:129)
	at org.testng.internal.TestMethodWorker.run(TestMethodWorker.java:112)
	at org.testng.TestRunner.privateRun(TestRunner.java:781)
	at org.testng.TestRunner.run(TestRunner.java:635)
	at org.testng.SuiteRunner.runTest(SuiteRunner.java:387)
	at org.testng.SuiteRunner.runSequentially(SuiteRunner.java:382)
	at org.testng.SuiteRunner.privateRun(SuiteRunner.java:340)
	at org.testng.SuiteRunner.run(SuiteRunner.java:289)
	at org.testng.SuiteRunnerWorker.runSuite(SuiteRunnerWorker.java:52)
	at org.testng.SuiteRunnerWorker.run(SuiteRunnerWorker.java:86)
	at org.testng.TestNG.runSuitesSequentially(TestNG.java:1293)
	at org.testng.TestNG.runSuitesLocally(TestNG.java:1218)
	at org.testng.TestNG.runSuites(TestNG.java:1133)
	at org.testng.TestNG.run(TestNG.java:1104)
	at org.testng.remote.AbstractRemoteTestNG.run(AbstractRemoteTestNG.java:115)
	at org.testng.remote.RemoteTestNG.initAndRun(RemoteTestNG.java:251)
	at org.testng.remote.RemoteTestNG.main(RemoteTestNG.java:77)
21:35:27 Completed Teststep: When navigate to search page
21:35:27 Competed scenario: verify Test Food Receipe Title with status FAILURE
21:35:39 

Executing scenario: verify Test Food Receipe Title - 
21:35:39 Test Data{searchtext=breakfastpizza, Reviewcomment=Good, searchRecipe=Biriyani, Invalidsearch=Iphone, recipeTittle=RECIPES, username=vdhuggis@gmail.com, password=Arjun@17, __index=1}
21:35:39 Invoking Teststep: Given get '/' with arguments: [/]
21:35:51 Failure Teststep: Given get '/' with arguments: [/]
org.openqa.selenium.WebDriverException: chrome not reachable
  (Session info: chrome=81.0.4044.138)
Build info: version: '3.141.59', revision: 'e82be7d358', time: '2018-11-14T08:17:03'
System info: host: 'VAIDHUSANTHU', ip: '192.168.0.56', os.name: 'Windows 10', os.arch: 'amd64', os.version: '10.0', java.version: '1.8.0_231'
Driver info: com.qmetry.qaf.automation.ui.webdriver.QAFExtendedWebDriver
Capabilities {acceptInsecureCerts: false, browserName: chrome, browserVersion: 81.0.4044.138, chrome: {chromedriverVersion: 81.0.4044.69 (6813546031a4b..., userDataDir: C:\Users\vaidh\AppData\Loca...}, goog:chromeOptions: {debuggerAddress: localhost:51320}, javascriptEnabled: true, networkConnectionEnabled: false, pageLoadStrategy: normal, platform: WINDOWS, platformName: WINDOWS, proxy: Proxy(), setWindowRect: true, strictFileInteractability: false, timeouts: {implicit: 0, pageLoad: 300000, script: 30000}, unhandledPromptBehavior: dismiss and notify, webauthn:virtualAuthenticators: true}
Session ID: 16168e0eb00ebe3c54967ba71be493bc
	at sun.reflect.NativeConstructorAccessorImpl.newInstance0(Native Method)
	at sun.reflect.NativeConstructorAccessorImpl.newInstance(NativeConstructorAccessorImpl.java:62)
	at sun.reflect.DelegatingConstructorAccessorImpl.newInstance(DelegatingConstructorAccessorImpl.java:45)
	at java.lang.reflect.Constructor.newInstance(Constructor.java:423)
	at org.openqa.selenium.remote.http.W3CHttpResponseCodec.createException(W3CHttpResponseCodec.java:187)
	at org.openqa.selenium.remote.http.W3CHttpResponseCodec.decode(W3CHttpResponseCodec.java:122)
	at org.openqa.selenium.remote.http.W3CHttpResponseCodec.decode(W3CHttpResponseCodec.java:49)
	at org.openqa.selenium.remote.HttpCommandExecutor.execute(HttpCommandExecutor.java:158)
	at org.openqa.selenium.remote.RemoteWebDriver.execute(RemoteWebDriver.java:552)
	at com.qmetry.qaf.automation.ui.webdriver.QAFExtendedWebDriver.execute(QAFExtendedWebDriver.java:235)
	at org.openqa.selenium.remote.RemoteWebDriver.get(RemoteWebDriver.java:277)
	at com.qmetry.qaf.automation.step.CommonStep.get_aroundBody24(CommonStep.java:304)
	at com.qmetry.qaf.automation.step.CommonStep$AjcClosure25.run(CommonStep.java:1)
	at org.aspectj.runtime.reflect.JoinPointImpl.proceed(JoinPointImpl.java:149)
	at com.qmetry.qaf.automation.step.JavaStepReporter.javaTestStep(JavaStepReporter.java:101)
	at com.qmetry.qaf.automation.step.CommonStep.get(CommonStep.java:303)
	at sun.reflect.NativeMethodAccessorImpl.invoke0(Native Method)
	at sun.reflect.NativeMethodAccessorImpl.invoke(NativeMethodAccessorImpl.java:62)
	at sun.reflect.DelegatingMethodAccessorImpl.invoke(DelegatingMethodAccessorImpl.java:43)
	at java.lang.reflect.Method.invoke(Method.java:498)
	at com.qmetry.qaf.automation.step.JavaStep.doExecute(JavaStep.java:153)
	at com.qmetry.qaf.automation.step.BaseTestStep.execute(BaseTestStep.java:149)
	at com.qmetry.qaf.automation.step.StringTestStep.execute(StringTestStep.java:134)
	at com.qmetry.qaf.automation.step.client.Scenario.execute(Scenario.java:180)
	at com.qmetry.qaf.automation.step.client.DataDrivenScenario.scenario(DataDrivenScenario.java:69)
	at sun.reflect.NativeMethodAccessorImpl.invoke0(Native Method)
	at sun.reflect.NativeMethodAccessorImpl.invoke(NativeMethodAccessorImpl.java:62)
	at sun.reflect.DelegatingMethodAccessorImpl.invoke(DelegatingMethodAccessorImpl.java:43)
	at java.lang.reflect.Method.invoke(Method.java:498)
	at org.testng.internal.MethodInvocationHelper.invokeMethod(MethodInvocationHelper.java:104)
	at org.testng.internal.Invoker.invokeMethod(Invoker.java:645)
	at org.testng.internal.Invoker.invokeTestMethod(Invoker.java:851)
	at org.testng.internal.Invoker.invokeTestMethods(Invoker.java:1177)
	at org.testng.internal.TestMethodWorker.invokeTestMethods(TestMethodWorker.java:129)
	at org.testng.internal.TestMethodWorker.run(TestMethodWorker.java:112)
	at org.testng.TestRunner.privateRun(TestRunner.java:781)
	at org.testng.TestRunner.run(TestRunner.java:635)
	at org.testng.SuiteRunner.runTest(SuiteRunner.java:387)
	at org.testng.SuiteRunner.runSequentially(SuiteRunner.java:382)
	at org.testng.SuiteRunner.privateRun(SuiteRunner.java:340)
	at org.testng.SuiteRunner.run(SuiteRunner.java:289)
	at org.testng.SuiteRunnerWorker.runSuite(SuiteRunnerWorker.java:52)
	at org.testng.SuiteRunnerWorker.run(SuiteRunnerWorker.java:86)
	at org.testng.TestNG.runSuitesSequentially(TestNG.java:1293)
	at org.testng.TestNG.runSuitesLocally(TestNG.java:1218)
	at org.testng.TestNG.runSuites(TestNG.java:1133)
	at org.testng.TestNG.run(TestNG.java:1104)
	at org.testng.remote.AbstractRemoteTestNG.run(AbstractRemoteTestNG.java:115)
	at org.testng.remote.RemoteTestNG.initAndRun(RemoteTestNG.java:251)
	at org.testng.remote.RemoteTestNG.main(RemoteTestNG.java:77)
21:35:51 Completed Teststep: Given get '/' with arguments: [/]
21:35:51 Competed scenario: verify Test Food Receipe Title with status FAILURE
21:39:02 scenario.file.loc[Ljava.lang.String;@10dba097
21:39:02 loading feature file: C:\Users\vaidh\eclipse-workspace\foodautomationadv\.\scenarios\Example.feature
21:39:02 Exception while reading BDD file: C:\Users\vaidh\eclipse-workspace\foodautomationadv\.\scenarios\Example.feature#0java.lang.ArrayIndexOutOfBoundsException: -1
21:39:02 loading feature file: C:\Users\vaidh\eclipse-workspace\foodautomationadv\.\scenarios\metadata.feature
21:39:02 loading feature file: C:\Users\vaidh\eclipse-workspace\foodautomationadv\.\scenarios\metadataexample.feature
21:39:02 total test found: 1
21:39:03 

Executing scenario: verify Test Food Receipe Title - 
21:39:03 Test Data{searchtext=breakfast pizza, Reviewcomment=Good, searchRecipe=Biriyani, Invalidsearch=Iphone, recipeTittle=RECIPES, username=vdhuggis@gmail.com, password=Arjun@17, __index=1}
21:39:03 pkg: com.qmetry.qaf.automation.step
21:39:03 pkg: com.qmetry.qaf.example
21:39:03 Found duplicate step to load [] with [lower] prority then []
21:39:03 Invoking Teststep: Given get '/' with arguments: [/]
21:39:16 Completed Teststep: Given get '/' with arguments: [/]
21:39:16 Invoking Teststep: When navigate to recipe page
21:39:16 Invoking Teststep: wait until {loc} to be visible with arguments: [recipeLink.click]
21:39:16 Completed Teststep: wait until {loc} to be visible with arguments: [recipeLink.click]
21:39:16 Invoking Teststep: click on {loc} with arguments: [recipeLink.click]
21:39:17 Completed Teststep: click on {loc} with arguments: [recipeLink.click]
21:39:17 Completed Teststep: When navigate to recipe page
21:39:17 Invoking Teststep: Then verify text is RECIPES '${recipeTittle}' with arguments: [${recipeTittle}]
21:39:17 Invoking Teststep: verify {loc} text is {text} with arguments: [text.recipe, RECIPES]
21:39:19 Completed Teststep: verify {loc} text is {text} with arguments: [text.recipe, RECIPES]
21:39:19 Completed Teststep: Then verify text is RECIPES 'RECIPES' with arguments: [${recipeTittle}]
21:39:19 Competed scenario: verify Test Food Receipe Title with status SUCCESS
21:39:47 scenario.file.loc[Ljava.lang.String;@10dba097
21:39:47 loading feature file: C:\Users\vaidh\eclipse-workspace\foodautomationadv\.\scenarios\Example.feature
21:39:47 Exception while reading BDD file: C:\Users\vaidh\eclipse-workspace\foodautomationadv\.\scenarios\Example.feature#0java.lang.ArrayIndexOutOfBoundsException: -1
21:39:47 loading feature file: C:\Users\vaidh\eclipse-workspace\foodautomationadv\.\scenarios\metadata.feature
21:39:47 loading feature file: C:\Users\vaidh\eclipse-workspace\foodautomationadv\.\scenarios\metadataexample.feature
21:39:47 total test found: 1
21:39:47 

Executing scenario: verify Test Food Receipe Title - 
21:39:47 Test Data{searchtext=breakfast pizza, Reviewcomment=Good, searchRecipe=Biriyani, Invalidsearch=Iphone, recipeTittle=RECIPES, username=vdhuggis@gmail.com, password=Arjun@17, __index=1}
21:39:47 pkg: com.qmetry.qaf.automation.step
21:39:48 pkg: com.qmetry.qaf.example
21:39:48 Found duplicate step to load [] with [lower] prority then []
21:39:48 Invoking Teststep: Given get '/' with arguments: [/]
21:39:57 Completed Teststep: Given get '/' with arguments: [/]
21:39:57 Invoking Teststep: When navigate to recipe page
21:39:57 Invoking Teststep: wait until {loc} to be visible with arguments: [recipeLink.click]
21:39:58 Completed Teststep: wait until {loc} to be visible with arguments: [recipeLink.click]
21:39:58 Invoking Teststep: click on {loc} with arguments: [recipeLink.click]
21:39:58 Completed Teststep: click on {loc} with arguments: [recipeLink.click]
21:39:58 Completed Teststep: When navigate to recipe page
21:39:58 Invoking Teststep: Then verify text is RECIPES '${recipeTittle}' with arguments: [${recipeTittle}]
21:39:58 Invoking Teststep: verify {loc} text is {text} with arguments: [text.recipe, RECIPES]
21:40:01 Completed Teststep: verify {loc} text is {text} with arguments: [text.recipe, RECIPES]
21:40:01 Completed Teststep: Then verify text is RECIPES 'RECIPES' with arguments: [${recipeTittle}]
21:40:01 Competed scenario: verify Test Food Receipe Title with status SUCCESS
21:41:27 scenario.file.loc[Ljava.lang.String;@13278a41
21:41:27 loading feature file: C:\Users\vaidh\eclipse-workspace\foodautomationadv\.\scenarios\Example.feature
21:41:27 Exception while reading BDD file: C:\Users\vaidh\eclipse-workspace\foodautomationadv\.\scenarios\Example.feature#0java.lang.ArrayIndexOutOfBoundsException: -1
21:41:27 loading feature file: C:\Users\vaidh\eclipse-workspace\foodautomationadv\.\scenarios\metadata.feature
21:41:27 loading feature file: C:\Users\vaidh\eclipse-workspace\foodautomationadv\.\scenarios\metadataexample.feature
21:41:27 total test found: 0
21:41:35 scenario.file.loc[Ljava.lang.String;@10dba097
21:41:35 loading feature file: C:\Users\vaidh\eclipse-workspace\foodautomationadv\.\scenarios\Example.feature
21:41:35 Exception while reading BDD file: C:\Users\vaidh\eclipse-workspace\foodautomationadv\.\scenarios\Example.feature#0java.lang.ArrayIndexOutOfBoundsException: -1
21:41:35 loading feature file: C:\Users\vaidh\eclipse-workspace\foodautomationadv\.\scenarios\metadata.feature
21:41:35 loading feature file: C:\Users\vaidh\eclipse-workspace\foodautomationadv\.\scenarios\metadataexample.feature
21:41:35 total test found: 0
21:42:30 scenario.file.loc[Ljava.lang.String;@10dba097
21:42:30 loading feature file: C:\Users\vaidh\eclipse-workspace\foodautomationadv\.\scenarios\metadata.feature
21:42:30 loading feature file: C:\Users\vaidh\eclipse-workspace\foodautomationadv\.\scenarios\metadataexample.feature
21:42:30 total test found: 0
21:42:57 scenario.file.loc[Ljava.lang.String;@10dba097
21:42:57 loading feature file: C:\Users\vaidh\eclipse-workspace\foodautomationadv\.\scenarios\metadata.feature
21:42:57 loading feature file: C:\Users\vaidh\eclipse-workspace\foodautomationadv\.\scenarios\metadataexample.feature
21:42:57 total test found: 0
21:43:32 scenario.file.loc[Ljava.lang.String;@10dba097
21:43:32 loading feature file: C:\Users\vaidh\eclipse-workspace\foodautomationadv\.\scenarios\metadata.feature
21:43:32 loading feature file: C:\Users\vaidh\eclipse-workspace\foodautomationadv\.\scenarios\metadataexample.feature
21:43:32 total test found: 0
21:43:52 scenario.file.loc[Ljava.lang.String;@4524411f
21:43:52 loading feature file: C:\Users\vaidh\eclipse-workspace\foodautomationadv\.\scenarios\metadata.feature
21:43:52 loading feature file: C:\Users\vaidh\eclipse-workspace\foodautomationadv\.\scenarios\metadataexample.feature
21:43:52 total test found: 0
21:44:07 scenario.file.loc[Ljava.lang.String;@4524411f
21:44:07 loading feature file: C:\Users\vaidh\eclipse-workspace\foodautomationadv\.\scenarios\metadata.feature
21:44:08 loading feature file: C:\Users\vaidh\eclipse-workspace\foodautomationadv\.\scenarios\metadataexample.feature
21:44:08 total test found: 0
