14:06:03 scenario.file.loc[Ljava.lang.String;@57f23557
14:06:03 loading BDD file: C:\Users\vaidh\eclipse-workspace\foodautomationadv\.\scenarios\suite1.bdd
14:06:03 total test found: 1
14:06:03 

Executing scenario: WebServiceTesting - WebServiceTesting Scenario
14:06:03 pkg: com.qmetry.qaf.automation.step
14:06:03 pkg: com.qmetry.qaf.example
14:06:03 Found duplicate step to load [] with [lower] prority then []
14:06:03 Found duplicate step to load [] with [higher] prority then []
14:06:03 Found duplicate step to load [] with [higher] prority then []
14:06:03 Found duplicate step to load [] with [higher] prority then []
14:06:03 Found duplicate step to load [] with [higher] prority then []
14:06:03 Found duplicate step to load [] with [higher] prority then []
14:06:03 Found duplicate step to load [] with [higher] prority then []
14:06:03 Found duplicate step to load [] with [higher] prority then []
14:06:03 Found duplicate step to load [] with [higher] prority then []
14:06:03 Found duplicate step to load [] with [higher] prority then []
14:06:03 Found duplicate step to load [] with [higher] prority then []
14:06:03 Found duplicate step to load [] with [higher] prority then []
14:06:03 Found duplicate step to load [] with [higher] prority then []
14:06:03 Found duplicate step to load [] with [higher] prority then []
14:06:03 Found duplicate step to load [] with [higher] prority then []
14:06:03 Found duplicate step to load [] with [higher] prority then []
14:06:03 Found duplicate step to load [] with [higher] prority then []
14:06:03 Found duplicate step to load [] with [higher] prority then []
14:06:03 Found duplicate step to load [] with [higher] prority then []
14:06:03 Found duplicate step to load [] with [higher] prority then []
14:06:03 Found duplicate step to load [] with [higher] prority then []
14:06:03 Found duplicate step to load [] with [higher] prority then []
14:06:03 Found duplicate step to load [] with [higher] prority then []
14:06:03 Found duplicate step to load [] with [higher] prority then []
14:06:03 Found duplicate step to load [] with [higher] prority then []
14:06:03 Found duplicate step to load [] with [higher] prority then []
14:06:03 Found duplicate step to load [] with [higher] prority then []
14:06:03 Found duplicate step to load [] with [higher] prority then []
14:06:03 Found duplicate step to load [] with [higher] prority then []
14:06:03 Found duplicate step to load [] with [higher] prority then []
14:06:03 Found duplicate step to load [] with [higher] prority then []
14:06:03 Found duplicate step to load [] with [higher] prority then []
14:06:03 Found duplicate step to load [] with [higher] prority then []
14:06:03 Found duplicate step to load [] with [higher] prority then []
14:06:03 Found duplicate step to load [] with [higher] prority then []
14:06:03 Found duplicate step to load [] with [higher] prority then []
14:06:03 Found duplicate step to load [] with [higher] prority then []
14:06:03 Invoking Teststep: When user requests '${get.sample.call}' with arguments: [${get.sample.call}]
14:06:04 Completed Teststep: When user requests '{'headers':{},'endPoint':'/1','baseUrl':'https://jsonplaceholder.typicode.com','method':'GET','query-parameters':{},'form-parameters':{},'body':''}' with arguments: [${get.sample.call}]
14:06:04 Invoking Teststep: Then response should have status code '200' with arguments: [200]
14:06:04 Failure Teststep: Then response should have status code '200' with arguments: [200]
java.lang.NoSuchMethodError: org.hamcrest.Matcher.describeMismatch(Ljava/lang/Object;Lorg/hamcrest/Description;)V
	at com.qmetry.qaf.automation.util.Validator.verifyThat(Validator.java:48)
	at com.qmetry.qaf.automation.util.Validator.assertThat(Validator.java:68)
	at com.qmetry.qaf.automation.step.WsStep.responseShouldHaveStatusCode_aroundBody2(WsStep.java:130)
	at com.qmetry.qaf.automation.step.WsStep$AjcClosure3.run(WsStep.java:1)
	at org.aspectj.runtime.reflect.JoinPointImpl.proceed(JoinPointImpl.java:149)
	at com.qmetry.qaf.automation.step.JavaStepReporter.javaTestStep(JavaStepReporter.java:101)
	at com.qmetry.qaf.automation.step.WsStep.responseShouldHaveStatusCode(WsStep.java:129)
	at sun.reflect.NativeMethodAccessorImpl.invoke0(Native Method)
	at sun.reflect.NativeMethodAccessorImpl.invoke(Unknown Source)
	at sun.reflect.DelegatingMethodAccessorImpl.invoke(Unknown Source)
	at java.lang.reflect.Method.invoke(Unknown Source)
	at com.qmetry.qaf.automation.step.JavaStep.doExecute(JavaStep.java:153)
	at com.qmetry.qaf.automation.step.BaseTestStep.execute(BaseTestStep.java:149)
	at com.qmetry.qaf.automation.step.StringTestStep.execute(StringTestStep.java:134)
	at com.qmetry.qaf.automation.step.client.Scenario.execute(Scenario.java:180)
	at com.qmetry.qaf.automation.step.client.Scenario.scenario(Scenario.java:232)
	at sun.reflect.NativeMethodAccessorImpl.invoke0(Native Method)
	at sun.reflect.NativeMethodAccessorImpl.invoke(Unknown Source)
	at sun.reflect.DelegatingMethodAccessorImpl.invoke(Unknown Source)
	at java.lang.reflect.Method.invoke(Unknown Source)
	at org.testng.internal.MethodInvocationHelper.invokeMethod(MethodInvocationHelper.java:104)
	at org.testng.internal.Invoker.invokeMethod(Invoker.java:645)
	at org.testng.internal.Invoker.invokeTestMethod(Invoker.java:851)
	at org.testng.internal.Invoker.invokeTestMethods(Invoker.java:1177)
	at org.testng.internal.TestMethodWorker.invokeTestMethods(TestMethodWorker.java:129)
	at org.testng.internal.TestMethodWorker.run(TestMethodWorker.java:112)
	at org.testng.TestRunner.privateRun(TestRunner.java:781)
	at org.testng.TestRunner.run(TestRunner.java:635)
	at org.testng.SuiteRunner.runTest(SuiteRunner.java:387)
	at org.testng.SuiteRunner.runSequentially(SuiteRunner.java:382)
	at org.testng.SuiteRunner.privateRun(SuiteRunner.java:340)
	at org.testng.SuiteRunner.run(SuiteRunner.java:289)
	at org.testng.SuiteRunnerWorker.runSuite(SuiteRunnerWorker.java:52)
	at org.testng.SuiteRunnerWorker.run(SuiteRunnerWorker.java:86)
	at org.testng.TestNG.runSuitesSequentially(TestNG.java:1293)
	at org.testng.TestNG.runSuitesLocally(TestNG.java:1218)
	at org.testng.TestNG.runSuites(TestNG.java:1133)
	at org.testng.TestNG.run(TestNG.java:1104)
	at org.testng.remote.AbstractRemoteTestNG.run(AbstractRemoteTestNG.java:115)
	at org.testng.remote.RemoteTestNG.initAndRun(RemoteTestNG.java:251)
	at org.testng.remote.RemoteTestNG.main(RemoteTestNG.java:77)
14:06:04 Completed Teststep: Then response should have status code '200' with arguments: [200]
14:06:04 Competed scenario: WebServiceTesting with status FAILURE
14:07:04 scenario.file.loc[Ljava.lang.String;@57f23557
14:07:04 loading BDD file: C:\Users\vaidh\eclipse-workspace\foodautomationadv\.\scenarios\suite1.bdd
14:07:04 total test found: 1
14:07:04 

Executing scenario: WebServiceTesting - WebServiceTesting Scenario
14:07:04 pkg: com.qmetry.qaf.automation.step
14:07:04 pkg: com.qmetry.qaf.example
14:07:04 Found duplicate step to load [] with [lower] prority then []
14:07:04 Found duplicate step to load [] with [higher] prority then []
14:07:04 Found duplicate step to load [] with [higher] prority then []
14:07:04 Found duplicate step to load [] with [higher] prority then []
14:07:04 Found duplicate step to load [] with [higher] prority then []
14:07:04 Found duplicate step to load [] with [higher] prority then []
14:07:04 Found duplicate step to load [] with [higher] prority then []
14:07:04 Found duplicate step to load [] with [higher] prority then []
14:07:04 Found duplicate step to load [] with [higher] prority then []
14:07:04 Found duplicate step to load [] with [higher] prority then []
14:07:04 Found duplicate step to load [] with [higher] prority then []
14:07:04 Found duplicate step to load [] with [higher] prority then []
14:07:04 Found duplicate step to load [] with [higher] prority then []
14:07:04 Found duplicate step to load [] with [higher] prority then []
14:07:04 Found duplicate step to load [] with [higher] prority then []
14:07:04 Found duplicate step to load [] with [higher] prority then []
14:07:04 Found duplicate step to load [] with [higher] prority then []
14:07:04 Found duplicate step to load [] with [higher] prority then []
14:07:04 Found duplicate step to load [] with [higher] prority then []
14:07:04 Found duplicate step to load [] with [higher] prority then []
14:07:04 Found duplicate step to load [] with [higher] prority then []
14:07:04 Found duplicate step to load [] with [higher] prority then []
14:07:04 Found duplicate step to load [] with [higher] prority then []
14:07:04 Found duplicate step to load [] with [higher] prority then []
14:07:04 Found duplicate step to load [] with [higher] prority then []
14:07:04 Found duplicate step to load [] with [higher] prority then []
14:07:04 Found duplicate step to load [] with [higher] prority then []
14:07:04 Found duplicate step to load [] with [higher] prority then []
14:07:04 Found duplicate step to load [] with [higher] prority then []
14:07:04 Found duplicate step to load [] with [higher] prority then []
14:07:04 Found duplicate step to load [] with [higher] prority then []
14:07:04 Found duplicate step to load [] with [higher] prority then []
14:07:04 Found duplicate step to load [] with [higher] prority then []
14:07:04 Found duplicate step to load [] with [higher] prority then []
14:07:04 Found duplicate step to load [] with [higher] prority then []
14:07:04 Found duplicate step to load [] with [higher] prority then []
14:07:04 Found duplicate step to load [] with [higher] prority then []
14:07:04 Invoking Teststep: When user requests '${get.sample.call}' with arguments: [${get.sample.call}]
14:07:05 Completed Teststep: When user requests '{'headers':{},'endPoint':'/1','baseUrl':'https://jsonplaceholder.typicode.com','method':'GET','query-parameters':{},'form-parameters':{},'body':''}' with arguments: [${get.sample.call}]
14:07:05 Invoking Teststep: Then response should have status code '200' with arguments: [200]
14:07:05 Failure Teststep: Then response should have status code '200' with arguments: [200]
java.lang.NoSuchMethodError: org.hamcrest.Matcher.describeMismatch(Ljava/lang/Object;Lorg/hamcrest/Description;)V
	at com.qmetry.qaf.automation.util.Validator.verifyThat(Validator.java:48)
	at com.qmetry.qaf.automation.util.Validator.assertThat(Validator.java:68)
	at com.qmetry.qaf.automation.step.WsStep.responseShouldHaveStatusCode_aroundBody2(WsStep.java:130)
	at com.qmetry.qaf.automation.step.WsStep$AjcClosure3.run(WsStep.java:1)
	at org.aspectj.runtime.reflect.JoinPointImpl.proceed(JoinPointImpl.java:149)
	at com.qmetry.qaf.automation.step.JavaStepReporter.javaTestStep(JavaStepReporter.java:101)
	at com.qmetry.qaf.automation.step.WsStep.responseShouldHaveStatusCode(WsStep.java:129)
	at sun.reflect.NativeMethodAccessorImpl.invoke0(Native Method)
	at sun.reflect.NativeMethodAccessorImpl.invoke(Unknown Source)
	at sun.reflect.DelegatingMethodAccessorImpl.invoke(Unknown Source)
	at java.lang.reflect.Method.invoke(Unknown Source)
	at com.qmetry.qaf.automation.step.JavaStep.doExecute(JavaStep.java:153)
	at com.qmetry.qaf.automation.step.BaseTestStep.execute(BaseTestStep.java:149)
	at com.qmetry.qaf.automation.step.StringTestStep.execute(StringTestStep.java:134)
	at com.qmetry.qaf.automation.step.client.Scenario.execute(Scenario.java:180)
	at com.qmetry.qaf.automation.step.client.Scenario.scenario(Scenario.java:232)
	at sun.reflect.NativeMethodAccessorImpl.invoke0(Native Method)
	at sun.reflect.NativeMethodAccessorImpl.invoke(Unknown Source)
	at sun.reflect.DelegatingMethodAccessorImpl.invoke(Unknown Source)
	at java.lang.reflect.Method.invoke(Unknown Source)
	at org.testng.internal.MethodInvocationHelper.invokeMethod(MethodInvocationHelper.java:104)
	at org.testng.internal.Invoker.invokeMethod(Invoker.java:645)
	at org.testng.internal.Invoker.invokeTestMethod(Invoker.java:851)
	at org.testng.internal.Invoker.invokeTestMethods(Invoker.java:1177)
	at org.testng.internal.TestMethodWorker.invokeTestMethods(TestMethodWorker.java:129)
	at org.testng.internal.TestMethodWorker.run(TestMethodWorker.java:112)
	at org.testng.TestRunner.privateRun(TestRunner.java:781)
	at org.testng.TestRunner.run(TestRunner.java:635)
	at org.testng.SuiteRunner.runTest(SuiteRunner.java:387)
	at org.testng.SuiteRunner.runSequentially(SuiteRunner.java:382)
	at org.testng.SuiteRunner.privateRun(SuiteRunner.java:340)
	at org.testng.SuiteRunner.run(SuiteRunner.java:289)
	at org.testng.SuiteRunnerWorker.runSuite(SuiteRunnerWorker.java:52)
	at org.testng.SuiteRunnerWorker.run(SuiteRunnerWorker.java:86)
	at org.testng.TestNG.runSuitesSequentially(TestNG.java:1293)
	at org.testng.TestNG.runSuitesLocally(TestNG.java:1218)
	at org.testng.TestNG.runSuites(TestNG.java:1133)
	at org.testng.TestNG.run(TestNG.java:1104)
	at org.testng.remote.AbstractRemoteTestNG.run(AbstractRemoteTestNG.java:115)
	at org.testng.remote.RemoteTestNG.initAndRun(RemoteTestNG.java:251)
	at org.testng.remote.RemoteTestNG.main(RemoteTestNG.java:77)
14:07:05 Completed Teststep: Then response should have status code '200' with arguments: [200]
14:07:05 Competed scenario: WebServiceTesting with status FAILURE
14:07:38 scenario.file.loc[Ljava.lang.String;@80169cf
14:07:38 loading BDD file: C:\Users\vaidh\eclipse-workspace\foodautomationadv\.\scenarios\suite1.bdd
14:07:38 total test found: 1
14:07:38 

Executing scenario: WebServiceTesting - WebServiceTesting Scenario
14:07:38 pkg: com.qmetry.qaf.automation.step
14:07:38 pkg: com.qmetry.qaf.example
14:07:38 Found duplicate step to load [] with [lower] prority then []
14:07:38 Found duplicate step to load [] with [higher] prority then []
14:07:38 Found duplicate step to load [] with [higher] prority then []
14:07:38 Found duplicate step to load [] with [higher] prority then []
14:07:38 Found duplicate step to load [] with [higher] prority then []
14:07:38 Found duplicate step to load [] with [higher] prority then []
14:07:38 Found duplicate step to load [] with [higher] prority then []
14:07:38 Found duplicate step to load [] with [higher] prority then []
14:07:38 Found duplicate step to load [] with [higher] prority then []
14:07:38 Found duplicate step to load [] with [higher] prority then []
14:07:38 Found duplicate step to load [] with [higher] prority then []
14:07:38 Found duplicate step to load [] with [higher] prority then []
14:07:38 Found duplicate step to load [] with [higher] prority then []
14:07:38 Found duplicate step to load [] with [higher] prority then []
14:07:38 Found duplicate step to load [] with [higher] prority then []
14:07:38 Found duplicate step to load [] with [higher] prority then []
14:07:38 Found duplicate step to load [] with [higher] prority then []
14:07:38 Found duplicate step to load [] with [higher] prority then []
14:07:38 Found duplicate step to load [] with [higher] prority then []
14:07:38 Found duplicate step to load [] with [higher] prority then []
14:07:38 Found duplicate step to load [] with [higher] prority then []
14:07:38 Found duplicate step to load [] with [higher] prority then []
14:07:38 Found duplicate step to load [] with [higher] prority then []
14:07:38 Found duplicate step to load [] with [higher] prority then []
14:07:38 Found duplicate step to load [] with [higher] prority then []
14:07:38 Found duplicate step to load [] with [higher] prority then []
14:07:38 Found duplicate step to load [] with [higher] prority then []
14:07:38 Found duplicate step to load [] with [higher] prority then []
14:07:38 Found duplicate step to load [] with [higher] prority then []
14:07:38 Found duplicate step to load [] with [higher] prority then []
14:07:38 Found duplicate step to load [] with [higher] prority then []
14:07:38 Found duplicate step to load [] with [higher] prority then []
14:07:38 Found duplicate step to load [] with [higher] prority then []
14:07:38 Found duplicate step to load [] with [higher] prority then []
14:07:38 Found duplicate step to load [] with [higher] prority then []
14:07:38 Found duplicate step to load [] with [higher] prority then []
14:07:38 Found duplicate step to load [] with [higher] prority then []
14:07:38 Invoking Teststep: When user requests '${get.sample.call}' with arguments: [${get.sample.call}]
14:07:39 Completed Teststep: When user requests '{'headers':{},'endPoint':'/1','baseUrl':'https://jsonplaceholder.typicode.com','method':'GET','query-parameters':{},'form-parameters':{},'body':''}' with arguments: [${get.sample.call}]
14:07:39 Invoking Teststep: Then response should have status code '200' with arguments: [200]
14:07:39 Failure Teststep: Then response should have status code '200' with arguments: [200]
java.lang.NoSuchMethodError: org.hamcrest.Matcher.describeMismatch(Ljava/lang/Object;Lorg/hamcrest/Description;)V
	at com.qmetry.qaf.automation.util.Validator.verifyThat(Validator.java:48)
	at com.qmetry.qaf.automation.util.Validator.assertThat(Validator.java:68)
	at com.qmetry.qaf.automation.step.WsStep.responseShouldHaveStatusCode_aroundBody2(WsStep.java:130)
	at com.qmetry.qaf.automation.step.WsStep$AjcClosure3.run(WsStep.java:1)
	at org.aspectj.runtime.reflect.JoinPointImpl.proceed(JoinPointImpl.java:149)
	at com.qmetry.qaf.automation.step.JavaStepReporter.javaTestStep(JavaStepReporter.java:101)
	at com.qmetry.qaf.automation.step.WsStep.responseShouldHaveStatusCode(WsStep.java:129)
	at sun.reflect.NativeMethodAccessorImpl.invoke0(Native Method)
	at sun.reflect.NativeMethodAccessorImpl.invoke(Unknown Source)
	at sun.reflect.DelegatingMethodAccessorImpl.invoke(Unknown Source)
	at java.lang.reflect.Method.invoke(Unknown Source)
	at com.qmetry.qaf.automation.step.JavaStep.doExecute(JavaStep.java:153)
	at com.qmetry.qaf.automation.step.BaseTestStep.execute(BaseTestStep.java:149)
	at com.qmetry.qaf.automation.step.StringTestStep.execute(StringTestStep.java:134)
	at com.qmetry.qaf.automation.step.client.Scenario.execute(Scenario.java:180)
	at com.qmetry.qaf.automation.step.client.Scenario.scenario(Scenario.java:232)
	at sun.reflect.NativeMethodAccessorImpl.invoke0(Native Method)
	at sun.reflect.NativeMethodAccessorImpl.invoke(Unknown Source)
	at sun.reflect.DelegatingMethodAccessorImpl.invoke(Unknown Source)
	at java.lang.reflect.Method.invoke(Unknown Source)
	at org.testng.internal.MethodInvocationHelper.invokeMethod(MethodInvocationHelper.java:104)
	at org.testng.internal.Invoker.invokeMethod(Invoker.java:645)
	at org.testng.internal.Invoker.invokeTestMethod(Invoker.java:851)
	at org.testng.internal.Invoker.invokeTestMethods(Invoker.java:1177)
	at org.testng.internal.TestMethodWorker.invokeTestMethods(TestMethodWorker.java:129)
	at org.testng.internal.TestMethodWorker.run(TestMethodWorker.java:112)
	at org.testng.TestRunner.privateRun(TestRunner.java:781)
	at org.testng.TestRunner.run(TestRunner.java:635)
	at org.testng.SuiteRunner.runTest(SuiteRunner.java:387)
	at org.testng.SuiteRunner.runSequentially(SuiteRunner.java:382)
	at org.testng.SuiteRunner.privateRun(SuiteRunner.java:340)
	at org.testng.SuiteRunner.run(SuiteRunner.java:289)
	at org.testng.SuiteRunnerWorker.runSuite(SuiteRunnerWorker.java:52)
	at org.testng.SuiteRunnerWorker.run(SuiteRunnerWorker.java:86)
	at org.testng.TestNG.runSuitesSequentially(TestNG.java:1293)
	at org.testng.TestNG.runSuitesLocally(TestNG.java:1218)
	at org.testng.TestNG.runSuites(TestNG.java:1133)
	at org.testng.TestNG.run(TestNG.java:1104)
	at org.testng.remote.AbstractRemoteTestNG.run(AbstractRemoteTestNG.java:115)
	at org.testng.remote.RemoteTestNG.initAndRun(RemoteTestNG.java:251)
	at org.testng.remote.RemoteTestNG.main(RemoteTestNG.java:77)
14:07:39 Completed Teststep: Then response should have status code '200' with arguments: [200]
14:07:39 Competed scenario: WebServiceTesting with status FAILURE
14:07:53 scenario.file.loc[Ljava.lang.String;@382db087
14:07:53 loading BDD file: C:\Users\vaidh\eclipse-workspace\foodautomationadv\.\scenarios\suite1.bdd
14:07:53 total test found: 1
14:07:53 

Executing scenario: WebServiceTesting - WebServiceTesting Scenario
14:07:53 pkg: com.qmetry.qaf.automation.step
14:07:53 pkg: com.qmetry.qaf.example
14:07:53 Found duplicate step to load [] with [lower] prority then []
14:07:53 Found duplicate step to load [] with [higher] prority then []
14:07:53 Found duplicate step to load [] with [higher] prority then []
14:07:53 Found duplicate step to load [] with [higher] prority then []
14:07:53 Found duplicate step to load [] with [higher] prority then []
14:07:53 Found duplicate step to load [] with [higher] prority then []
14:07:53 Found duplicate step to load [] with [higher] prority then []
14:07:53 Found duplicate step to load [] with [higher] prority then []
14:07:53 Found duplicate step to load [] with [higher] prority then []
14:07:53 Found duplicate step to load [] with [higher] prority then []
14:07:53 Found duplicate step to load [] with [higher] prority then []
14:07:53 Found duplicate step to load [] with [higher] prority then []
14:07:53 Found duplicate step to load [] with [higher] prority then []
14:07:53 Found duplicate step to load [] with [higher] prority then []
14:07:53 Found duplicate step to load [] with [higher] prority then []
14:07:53 Found duplicate step to load [] with [higher] prority then []
14:07:53 Found duplicate step to load [] with [higher] prority then []
14:07:53 Found duplicate step to load [] with [higher] prority then []
14:07:53 Found duplicate step to load [] with [higher] prority then []
14:07:53 Found duplicate step to load [] with [higher] prority then []
14:07:53 Found duplicate step to load [] with [higher] prority then []
14:07:53 Found duplicate step to load [] with [higher] prority then []
14:07:53 Found duplicate step to load [] with [higher] prority then []
14:07:53 Found duplicate step to load [] with [higher] prority then []
14:07:53 Found duplicate step to load [] with [higher] prority then []
14:07:53 Found duplicate step to load [] with [higher] prority then []
14:07:53 Found duplicate step to load [] with [higher] prority then []
14:07:53 Found duplicate step to load [] with [higher] prority then []
14:07:53 Found duplicate step to load [] with [higher] prority then []
14:07:53 Found duplicate step to load [] with [higher] prority then []
14:07:53 Found duplicate step to load [] with [higher] prority then []
14:07:53 Found duplicate step to load [] with [higher] prority then []
14:07:53 Found duplicate step to load [] with [higher] prority then []
14:07:53 Found duplicate step to load [] with [higher] prority then []
14:07:53 Found duplicate step to load [] with [higher] prority then []
14:07:53 Found duplicate step to load [] with [higher] prority then []
14:07:53 Found duplicate step to load [] with [higher] prority then []
14:07:53 Invoking Teststep: When user requests '${get.sample.call}' with arguments: [${get.sample.call}]
14:07:54 Completed Teststep: When user requests '{'headers':{},'endPoint':'/1','baseUrl':'https://jsonplaceholder.typicode.com','method':'GET','query-parameters':{},'form-parameters':{},'body':''}' with arguments: [${get.sample.call}]
14:07:54 Invoking Teststep: Then response should have status code '200' with arguments: [200]
14:07:54 Failure Teststep: Then response should have status code '200' with arguments: [200]
java.lang.NoSuchMethodError: org.hamcrest.Matcher.describeMismatch(Ljava/lang/Object;Lorg/hamcrest/Description;)V
	at com.qmetry.qaf.automation.util.Validator.verifyThat(Validator.java:48)
	at com.qmetry.qaf.automation.util.Validator.assertThat(Validator.java:68)
	at com.qmetry.qaf.automation.step.WsStep.responseShouldHaveStatusCode_aroundBody2(WsStep.java:130)
	at com.qmetry.qaf.automation.step.WsStep$AjcClosure3.run(WsStep.java:1)
	at org.aspectj.runtime.reflect.JoinPointImpl.proceed(JoinPointImpl.java:149)
	at com.qmetry.qaf.automation.step.JavaStepReporter.javaTestStep(JavaStepReporter.java:101)
	at com.qmetry.qaf.automation.step.WsStep.responseShouldHaveStatusCode(WsStep.java:129)
	at sun.reflect.NativeMethodAccessorImpl.invoke0(Native Method)
	at sun.reflect.NativeMethodAccessorImpl.invoke(Unknown Source)
	at sun.reflect.DelegatingMethodAccessorImpl.invoke(Unknown Source)
	at java.lang.reflect.Method.invoke(Unknown Source)
	at com.qmetry.qaf.automation.step.JavaStep.doExecute(JavaStep.java:153)
	at com.qmetry.qaf.automation.step.BaseTestStep.execute(BaseTestStep.java:149)
	at com.qmetry.qaf.automation.step.StringTestStep.execute(StringTestStep.java:134)
	at com.qmetry.qaf.automation.step.client.Scenario.execute(Scenario.java:180)
	at com.qmetry.qaf.automation.step.client.Scenario.scenario(Scenario.java:232)
	at sun.reflect.NativeMethodAccessorImpl.invoke0(Native Method)
	at sun.reflect.NativeMethodAccessorImpl.invoke(Unknown Source)
	at sun.reflect.DelegatingMethodAccessorImpl.invoke(Unknown Source)
	at java.lang.reflect.Method.invoke(Unknown Source)
	at org.testng.internal.MethodInvocationHelper.invokeMethod(MethodInvocationHelper.java:104)
	at org.testng.internal.Invoker.invokeMethod(Invoker.java:645)
	at org.testng.internal.Invoker.invokeTestMethod(Invoker.java:851)
	at org.testng.internal.Invoker.invokeTestMethods(Invoker.java:1177)
	at org.testng.internal.TestMethodWorker.invokeTestMethods(TestMethodWorker.java:129)
	at org.testng.internal.TestMethodWorker.run(TestMethodWorker.java:112)
	at org.testng.TestRunner.privateRun(TestRunner.java:781)
	at org.testng.TestRunner.run(TestRunner.java:635)
	at org.testng.SuiteRunner.runTest(SuiteRunner.java:387)
	at org.testng.SuiteRunner.runSequentially(SuiteRunner.java:382)
	at org.testng.SuiteRunner.privateRun(SuiteRunner.java:340)
	at org.testng.SuiteRunner.run(SuiteRunner.java:289)
	at org.testng.SuiteRunnerWorker.runSuite(SuiteRunnerWorker.java:52)
	at org.testng.SuiteRunnerWorker.run(SuiteRunnerWorker.java:86)
	at org.testng.TestNG.runSuitesSequentially(TestNG.java:1293)
	at org.testng.TestNG.runSuitesLocally(TestNG.java:1218)
	at org.testng.TestNG.runSuites(TestNG.java:1133)
	at org.testng.TestNG.run(TestNG.java:1104)
	at org.testng.remote.AbstractRemoteTestNG.run(AbstractRemoteTestNG.java:115)
	at org.testng.remote.RemoteTestNG.initAndRun(RemoteTestNG.java:251)
	at org.testng.remote.RemoteTestNG.main(RemoteTestNG.java:77)
14:07:54 Completed Teststep: Then response should have status code '200' with arguments: [200]
14:07:54 Competed scenario: WebServiceTesting with status FAILURE
14:08:12 scenario.file.loc[Ljava.lang.String;@382db087
14:08:12 total test found: 0
14:08:26 scenario.file.loc[Ljava.lang.String;@382db087
14:08:26 loading BDD file: C:\Users\vaidh\eclipse-workspace\foodautomationadv\.\scenarios\suite1.bdd
14:08:26 total test found: 1
14:08:26 

Executing scenario: WebServiceTesting - WebServiceTesting Scenario
14:08:26 pkg: com.qmetry.qaf.automation.step
14:08:26 pkg: com.qmetry.qaf.example
14:08:26 Found duplicate step to load [] with [lower] prority then []
14:08:26 Found duplicate step to load [] with [higher] prority then []
14:08:26 Found duplicate step to load [] with [higher] prority then []
14:08:26 Found duplicate step to load [] with [higher] prority then []
14:08:26 Found duplicate step to load [] with [higher] prority then []
14:08:26 Found duplicate step to load [] with [higher] prority then []
14:08:26 Found duplicate step to load [] with [higher] prority then []
14:08:26 Found duplicate step to load [] with [higher] prority then []
14:08:26 Found duplicate step to load [] with [higher] prority then []
14:08:26 Found duplicate step to load [] with [higher] prority then []
14:08:26 Found duplicate step to load [] with [higher] prority then []
14:08:26 Found duplicate step to load [] with [higher] prority then []
14:08:26 Found duplicate step to load [] with [higher] prority then []
14:08:26 Found duplicate step to load [] with [higher] prority then []
14:08:26 Found duplicate step to load [] with [higher] prority then []
14:08:26 Found duplicate step to load [] with [higher] prority then []
14:08:26 Found duplicate step to load [] with [higher] prority then []
14:08:26 Found duplicate step to load [] with [higher] prority then []
14:08:26 Found duplicate step to load [] with [higher] prority then []
14:08:26 Found duplicate step to load [] with [higher] prority then []
14:08:26 Found duplicate step to load [] with [higher] prority then []
14:08:26 Found duplicate step to load [] with [higher] prority then []
14:08:26 Found duplicate step to load [] with [higher] prority then []
14:08:26 Found duplicate step to load [] with [higher] prority then []
14:08:26 Found duplicate step to load [] with [higher] prority then []
14:08:26 Found duplicate step to load [] with [higher] prority then []
14:08:26 Found duplicate step to load [] with [higher] prority then []
14:08:26 Found duplicate step to load [] with [higher] prority then []
14:08:26 Found duplicate step to load [] with [higher] prority then []
14:08:26 Found duplicate step to load [] with [higher] prority then []
14:08:26 Found duplicate step to load [] with [higher] prority then []
14:08:26 Found duplicate step to load [] with [higher] prority then []
14:08:26 Found duplicate step to load [] with [higher] prority then []
14:08:26 Found duplicate step to load [] with [higher] prority then []
14:08:26 Found duplicate step to load [] with [higher] prority then []
14:08:26 Found duplicate step to load [] with [higher] prority then []
14:08:26 Found duplicate step to load [] with [higher] prority then []
14:08:26 Invoking Teststep: When user requests '${get.sample.call}' with arguments: [${get.sample.call}]
14:08:27 Completed Teststep: When user requests '{'headers':{},'endPoint':'/1','baseUrl':'https://jsonplaceholder.typicode.com','method':'GET','query-parameters':{},'form-parameters':{},'body':''}' with arguments: [${get.sample.call}]
14:08:27 Invoking Teststep: Then response should have status code '200' with arguments: [200]
14:08:27 Failure Teststep: Then response should have status code '200' with arguments: [200]
java.lang.NoSuchMethodError: org.hamcrest.Matcher.describeMismatch(Ljava/lang/Object;Lorg/hamcrest/Description;)V
	at com.qmetry.qaf.automation.util.Validator.verifyThat(Validator.java:48)
	at com.qmetry.qaf.automation.util.Validator.assertThat(Validator.java:68)
	at com.qmetry.qaf.automation.step.WsStep.responseShouldHaveStatusCode_aroundBody2(WsStep.java:130)
	at com.qmetry.qaf.automation.step.WsStep$AjcClosure3.run(WsStep.java:1)
	at org.aspectj.runtime.reflect.JoinPointImpl.proceed(JoinPointImpl.java:149)
	at com.qmetry.qaf.automation.step.JavaStepReporter.javaTestStep(JavaStepReporter.java:101)
	at com.qmetry.qaf.automation.step.WsStep.responseShouldHaveStatusCode(WsStep.java:129)
	at sun.reflect.NativeMethodAccessorImpl.invoke0(Native Method)
	at sun.reflect.NativeMethodAccessorImpl.invoke(Unknown Source)
	at sun.reflect.DelegatingMethodAccessorImpl.invoke(Unknown Source)
	at java.lang.reflect.Method.invoke(Unknown Source)
	at com.qmetry.qaf.automation.step.JavaStep.doExecute(JavaStep.java:153)
	at com.qmetry.qaf.automation.step.BaseTestStep.execute(BaseTestStep.java:149)
	at com.qmetry.qaf.automation.step.StringTestStep.execute(StringTestStep.java:134)
	at com.qmetry.qaf.automation.step.client.Scenario.execute(Scenario.java:180)
	at com.qmetry.qaf.automation.step.client.Scenario.scenario(Scenario.java:232)
	at sun.reflect.NativeMethodAccessorImpl.invoke0(Native Method)
	at sun.reflect.NativeMethodAccessorImpl.invoke(Unknown Source)
	at sun.reflect.DelegatingMethodAccessorImpl.invoke(Unknown Source)
	at java.lang.reflect.Method.invoke(Unknown Source)
	at org.testng.internal.MethodInvocationHelper.invokeMethod(MethodInvocationHelper.java:104)
	at org.testng.internal.Invoker.invokeMethod(Invoker.java:645)
	at org.testng.internal.Invoker.invokeTestMethod(Invoker.java:851)
	at org.testng.internal.Invoker.invokeTestMethods(Invoker.java:1177)
	at org.testng.internal.TestMethodWorker.invokeTestMethods(TestMethodWorker.java:129)
	at org.testng.internal.TestMethodWorker.run(TestMethodWorker.java:112)
	at org.testng.TestRunner.privateRun(TestRunner.java:781)
	at org.testng.TestRunner.run(TestRunner.java:635)
	at org.testng.SuiteRunner.runTest(SuiteRunner.java:387)
	at org.testng.SuiteRunner.runSequentially(SuiteRunner.java:382)
	at org.testng.SuiteRunner.privateRun(SuiteRunner.java:340)
	at org.testng.SuiteRunner.run(SuiteRunner.java:289)
	at org.testng.SuiteRunnerWorker.runSuite(SuiteRunnerWorker.java:52)
	at org.testng.SuiteRunnerWorker.run(SuiteRunnerWorker.java:86)
	at org.testng.TestNG.runSuitesSequentially(TestNG.java:1293)
	at org.testng.TestNG.runSuitesLocally(TestNG.java:1218)
	at org.testng.TestNG.runSuites(TestNG.java:1133)
	at org.testng.TestNG.run(TestNG.java:1104)
	at org.testng.remote.AbstractRemoteTestNG.run(AbstractRemoteTestNG.java:115)
	at org.testng.remote.RemoteTestNG.initAndRun(RemoteTestNG.java:251)
	at org.testng.remote.RemoteTestNG.main(RemoteTestNG.java:77)
14:08:27 Completed Teststep: Then response should have status code '200' with arguments: [200]
14:08:27 Competed scenario: WebServiceTesting with status FAILURE
14:34:17 scenario.file.loc[Ljava.lang.String;@382db087
14:34:17 loading BDD file: C:\Users\vaidh\eclipse-workspace\foodautomationadv\.\scenarios\suite1.bdd
14:34:17 total test found: 1
14:34:18 

Executing scenario: WebServiceTesting - WebServiceTesting Scenario
14:34:18 pkg: com.qmetry.qaf.automation.step
14:34:18 pkg: com.qmetry.qaf.example
14:34:18 Found duplicate step to load [] with [lower] prority then []
14:34:18 Found duplicate step to load [] with [higher] prority then []
14:34:18 Found duplicate step to load [] with [higher] prority then []
14:34:18 Found duplicate step to load [] with [higher] prority then []
14:34:18 Found duplicate step to load [] with [higher] prority then []
14:34:18 Found duplicate step to load [] with [higher] prority then []
14:34:18 Found duplicate step to load [] with [higher] prority then []
14:34:18 Found duplicate step to load [] with [higher] prority then []
14:34:18 Found duplicate step to load [] with [higher] prority then []
14:34:18 Found duplicate step to load [] with [higher] prority then []
14:34:18 Found duplicate step to load [] with [higher] prority then []
14:34:18 Found duplicate step to load [] with [higher] prority then []
14:34:18 Found duplicate step to load [] with [higher] prority then []
14:34:18 Found duplicate step to load [] with [higher] prority then []
14:34:18 Found duplicate step to load [] with [higher] prority then []
14:34:18 Found duplicate step to load [] with [higher] prority then []
14:34:18 Found duplicate step to load [] with [higher] prority then []
14:34:18 Found duplicate step to load [] with [higher] prority then []
14:34:18 Found duplicate step to load [] with [higher] prority then []
14:34:18 Found duplicate step to load [] with [higher] prority then []
14:34:18 Found duplicate step to load [] with [higher] prority then []
14:34:18 Found duplicate step to load [] with [higher] prority then []
14:34:18 Found duplicate step to load [] with [higher] prority then []
14:34:18 Found duplicate step to load [] with [higher] prority then []
14:34:18 Found duplicate step to load [] with [higher] prority then []
14:34:18 Found duplicate step to load [] with [higher] prority then []
14:34:18 Found duplicate step to load [] with [higher] prority then []
14:34:18 Found duplicate step to load [] with [higher] prority then []
14:34:18 Found duplicate step to load [] with [higher] prority then []
14:34:18 Found duplicate step to load [] with [higher] prority then []
14:34:18 Found duplicate step to load [] with [higher] prority then []
14:34:18 Found duplicate step to load [] with [higher] prority then []
14:34:18 Found duplicate step to load [] with [higher] prority then []
14:34:18 Found duplicate step to load [] with [higher] prority then []
14:34:18 Found duplicate step to load [] with [higher] prority then []
14:34:18 Found duplicate step to load [] with [higher] prority then []
14:34:18 Found duplicate step to load [] with [higher] prority then []
14:34:18 Invoking Teststep: When user requests '${get.sample.call}' with arguments: [${get.sample.call}]
14:34:19 Completed Teststep: When user requests '{'headers':{},'endPoint':'/1','baseUrl':'https://jsonplaceholder.typicode.com','method':'GET','query-parameters':{},'form-parameters':{},'body':''}' with arguments: [${get.sample.call}]
14:34:19 Invoking Teststep: Then response should have status code '200' with arguments: [200]
14:34:19 Failure Teststep: Then response should have status code '200' with arguments: [200]
java.lang.NoSuchMethodError: org.hamcrest.Matcher.describeMismatch(Ljava/lang/Object;Lorg/hamcrest/Description;)V
	at com.qmetry.qaf.automation.util.Validator.verifyThat(Validator.java:48)
	at com.qmetry.qaf.automation.util.Validator.assertThat(Validator.java:68)
	at com.qmetry.qaf.automation.step.WsStep.responseShouldHaveStatusCode_aroundBody2(WsStep.java:130)
	at com.qmetry.qaf.automation.step.WsStep$AjcClosure3.run(WsStep.java:1)
	at org.aspectj.runtime.reflect.JoinPointImpl.proceed(JoinPointImpl.java:149)
	at com.qmetry.qaf.automation.step.JavaStepReporter.javaTestStep(JavaStepReporter.java:101)
	at com.qmetry.qaf.automation.step.WsStep.responseShouldHaveStatusCode(WsStep.java:129)
	at sun.reflect.NativeMethodAccessorImpl.invoke0(Native Method)
	at sun.reflect.NativeMethodAccessorImpl.invoke(Unknown Source)
	at sun.reflect.DelegatingMethodAccessorImpl.invoke(Unknown Source)
	at java.lang.reflect.Method.invoke(Unknown Source)
	at com.qmetry.qaf.automation.step.JavaStep.doExecute(JavaStep.java:153)
	at com.qmetry.qaf.automation.step.BaseTestStep.execute(BaseTestStep.java:149)
	at com.qmetry.qaf.automation.step.StringTestStep.execute(StringTestStep.java:134)
	at com.qmetry.qaf.automation.step.client.Scenario.execute(Scenario.java:180)
	at com.qmetry.qaf.automation.step.client.Scenario.scenario(Scenario.java:232)
	at sun.reflect.NativeMethodAccessorImpl.invoke0(Native Method)
	at sun.reflect.NativeMethodAccessorImpl.invoke(Unknown Source)
	at sun.reflect.DelegatingMethodAccessorImpl.invoke(Unknown Source)
	at java.lang.reflect.Method.invoke(Unknown Source)
	at org.testng.internal.MethodInvocationHelper.invokeMethod(MethodInvocationHelper.java:104)
	at org.testng.internal.Invoker.invokeMethod(Invoker.java:645)
	at org.testng.internal.Invoker.invokeTestMethod(Invoker.java:851)
	at org.testng.internal.Invoker.invokeTestMethods(Invoker.java:1177)
	at org.testng.internal.TestMethodWorker.invokeTestMethods(TestMethodWorker.java:129)
	at org.testng.internal.TestMethodWorker.run(TestMethodWorker.java:112)
	at org.testng.TestRunner.privateRun(TestRunner.java:781)
	at org.testng.TestRunner.run(TestRunner.java:635)
	at org.testng.SuiteRunner.runTest(SuiteRunner.java:387)
	at org.testng.SuiteRunner.runSequentially(SuiteRunner.java:382)
	at org.testng.SuiteRunner.privateRun(SuiteRunner.java:340)
	at org.testng.SuiteRunner.run(SuiteRunner.java:289)
	at org.testng.SuiteRunnerWorker.runSuite(SuiteRunnerWorker.java:52)
	at org.testng.SuiteRunnerWorker.run(SuiteRunnerWorker.java:86)
	at org.testng.TestNG.runSuitesSequentially(TestNG.java:1293)
	at org.testng.TestNG.runSuitesLocally(TestNG.java:1218)
	at org.testng.TestNG.runSuites(TestNG.java:1133)
	at org.testng.TestNG.run(TestNG.java:1104)
	at org.testng.remote.AbstractRemoteTestNG.run(AbstractRemoteTestNG.java:115)
	at org.testng.remote.RemoteTestNG.initAndRun(RemoteTestNG.java:251)
	at org.testng.remote.RemoteTestNG.main(RemoteTestNG.java:77)
14:34:19 Completed Teststep: Then response should have status code '200' with arguments: [200]
14:34:19 Competed scenario: WebServiceTesting with status FAILURE
22:32:10 scenario.file.loc[Ljava.lang.String;@382db087
22:32:10 loading BDD file: C:\Users\vaidh\eclipse-workspace\foodautomationadv\.\scenarios\suite1.bdd
22:32:10 total test found: 1
22:32:10 

Executing scenario: WebServiceTesting - WebServiceTesting Scenario
22:32:10 pkg: com.qmetry.qaf.automation.step
22:32:10 pkg: com.qmetry.qaf.example
22:32:11 Found duplicate step to load [] with [lower] prority then []
22:32:11 Found duplicate step to load [] with [higher] prority then []
22:32:11 Found duplicate step to load [] with [higher] prority then []
22:32:11 Found duplicate step to load [] with [higher] prority then []
22:32:11 Found duplicate step to load [] with [higher] prority then []
22:32:11 Found duplicate step to load [] with [higher] prority then []
22:32:11 Found duplicate step to load [] with [higher] prority then []
22:32:11 Found duplicate step to load [] with [higher] prority then []
22:32:11 Found duplicate step to load [] with [higher] prority then []
22:32:11 Found duplicate step to load [] with [higher] prority then []
22:32:11 Found duplicate step to load [] with [higher] prority then []
22:32:11 Found duplicate step to load [] with [higher] prority then []
22:32:11 Found duplicate step to load [] with [higher] prority then []
22:32:11 Found duplicate step to load [] with [higher] prority then []
22:32:11 Found duplicate step to load [] with [higher] prority then []
22:32:11 Found duplicate step to load [] with [higher] prority then []
22:32:11 Found duplicate step to load [] with [higher] prority then []
22:32:11 Found duplicate step to load [] with [higher] prority then []
22:32:11 Found duplicate step to load [] with [higher] prority then []
22:32:11 Found duplicate step to load [] with [higher] prority then []
22:32:11 Found duplicate step to load [] with [higher] prority then []
22:32:11 Found duplicate step to load [] with [higher] prority then []
22:32:11 Found duplicate step to load [] with [higher] prority then []
22:32:11 Found duplicate step to load [] with [higher] prority then []
22:32:11 Found duplicate step to load [] with [higher] prority then []
22:32:11 Found duplicate step to load [] with [higher] prority then []
22:32:11 Found duplicate step to load [] with [higher] prority then []
22:32:11 Found duplicate step to load [] with [higher] prority then []
22:32:11 Found duplicate step to load [] with [higher] prority then []
22:32:11 Found duplicate step to load [] with [higher] prority then []
22:32:11 Found duplicate step to load [] with [higher] prority then []
22:32:11 Found duplicate step to load [] with [higher] prority then []
22:32:11 Found duplicate step to load [] with [higher] prority then []
22:32:11 Found duplicate step to load [] with [higher] prority then []
22:32:11 Found duplicate step to load [] with [higher] prority then []
22:32:11 Found duplicate step to load [] with [higher] prority then []
22:32:11 Found duplicate step to load [] with [higher] prority then []
22:32:11 Invoking Teststep: When user requests '${get.sample.call}' with arguments: [${get.sample.call}]
22:32:12 Completed Teststep: When user requests '{'headers':{},'endPoint':'/1','baseUrl':'https://jsonplaceholder.typicode.com','method':'GET','query-parameters':{},'form-parameters':{},'body':''}' with arguments: [${get.sample.call}]
22:32:12 Invoking Teststep: Then response should have status code '200' with arguments: [200]
22:32:12 Failure Teststep: Then response should have status code '200' with arguments: [200]
java.lang.NoSuchMethodError: org.hamcrest.Matcher.describeMismatch(Ljava/lang/Object;Lorg/hamcrest/Description;)V
	at com.qmetry.qaf.automation.util.Validator.verifyThat(Validator.java:48)
	at com.qmetry.qaf.automation.util.Validator.assertThat(Validator.java:68)
	at com.qmetry.qaf.automation.step.WsStep.responseShouldHaveStatusCode_aroundBody2(WsStep.java:130)
	at com.qmetry.qaf.automation.step.WsStep$AjcClosure3.run(WsStep.java:1)
	at org.aspectj.runtime.reflect.JoinPointImpl.proceed(JoinPointImpl.java:149)
	at com.qmetry.qaf.automation.step.JavaStepReporter.javaTestStep(JavaStepReporter.java:101)
	at com.qmetry.qaf.automation.step.WsStep.responseShouldHaveStatusCode(WsStep.java:129)
	at sun.reflect.NativeMethodAccessorImpl.invoke0(Native Method)
	at sun.reflect.NativeMethodAccessorImpl.invoke(Unknown Source)
	at sun.reflect.DelegatingMethodAccessorImpl.invoke(Unknown Source)
	at java.lang.reflect.Method.invoke(Unknown Source)
	at com.qmetry.qaf.automation.step.JavaStep.doExecute(JavaStep.java:153)
	at com.qmetry.qaf.automation.step.BaseTestStep.execute(BaseTestStep.java:149)
	at com.qmetry.qaf.automation.step.StringTestStep.execute(StringTestStep.java:134)
	at com.qmetry.qaf.automation.step.client.Scenario.execute(Scenario.java:180)
	at com.qmetry.qaf.automation.step.client.Scenario.scenario(Scenario.java:232)
	at sun.reflect.NativeMethodAccessorImpl.invoke0(Native Method)
	at sun.reflect.NativeMethodAccessorImpl.invoke(Unknown Source)
	at sun.reflect.DelegatingMethodAccessorImpl.invoke(Unknown Source)
	at java.lang.reflect.Method.invoke(Unknown Source)
	at org.testng.internal.MethodInvocationHelper.invokeMethod(MethodInvocationHelper.java:104)
	at org.testng.internal.Invoker.invokeMethod(Invoker.java:645)
	at org.testng.internal.Invoker.invokeTestMethod(Invoker.java:851)
	at org.testng.internal.Invoker.invokeTestMethods(Invoker.java:1177)
	at org.testng.internal.TestMethodWorker.invokeTestMethods(TestMethodWorker.java:129)
	at org.testng.internal.TestMethodWorker.run(TestMethodWorker.java:112)
	at org.testng.TestRunner.privateRun(TestRunner.java:781)
	at org.testng.TestRunner.run(TestRunner.java:635)
	at org.testng.SuiteRunner.runTest(SuiteRunner.java:387)
	at org.testng.SuiteRunner.runSequentially(SuiteRunner.java:382)
	at org.testng.SuiteRunner.privateRun(SuiteRunner.java:340)
	at org.testng.SuiteRunner.run(SuiteRunner.java:289)
	at org.testng.SuiteRunnerWorker.runSuite(SuiteRunnerWorker.java:52)
	at org.testng.SuiteRunnerWorker.run(SuiteRunnerWorker.java:86)
	at org.testng.TestNG.runSuitesSequentially(TestNG.java:1293)
	at org.testng.TestNG.runSuitesLocally(TestNG.java:1218)
	at org.testng.TestNG.runSuites(TestNG.java:1133)
	at org.testng.TestNG.run(TestNG.java:1104)
	at org.testng.remote.AbstractRemoteTestNG.run(AbstractRemoteTestNG.java:115)
	at org.testng.remote.RemoteTestNG.initAndRun(RemoteTestNG.java:251)
	at org.testng.remote.RemoteTestNG.main(RemoteTestNG.java:77)
22:32:12 Completed Teststep: Then response should have status code '200' with arguments: [200]
22:32:12 Competed scenario: WebServiceTesting with status FAILURE
