[main] 13:46:33,763 DEBUG [com.qmetry.qaf.automation.testng.pro.QAFAnnotationTransformer2] QAFTestNGListener registered!...
[main] 13:46:33,768 DEBUG [com.qmetry.qaf.automation.testng.pro.QAFInvokedMethodListener2] QAFTestNGListener registered!...
[main] 13:46:33,768 DEBUG [com.qmetry.qaf.automation.testng.pro.QAFMethodInterceptor] QAFTestNGListener registered!...
[main] 13:46:33,769 DEBUG [com.qmetry.qaf.automation.testng.pro.QAFResultListener] QAFTestNGListener registered!...
[main] 13:46:33,769 DEBUG [com.qmetry.qaf.automation.testng.pro.QAFSuiteListener] QAFTestNGListener registered!...
[main] 13:46:33,916 INFO  [com.qmetry.qaf.automation.core.ConfigurationManager] ISFW build info: {qaf-Type=core, qaf-Revision=14, qaf-Version=2.1, qaf-Build-Time=01-Jan-2019 19:18:14}
[main] 13:46:33,929 INFO  [com.qmetry.qaf.automation.core.ConfigurationManager] Resource dir: C:\Users\vaidh\eclipse-workspace\foodautomationadv\resources. Found property files to load: 8
[main] 13:46:33,953 DEBUG [com.qmetry.qaf.automation.util.PropertyUtil] clear system property ignored:file.encoding.pkg
[main] 13:46:33,953 DEBUG [com.qmetry.qaf.automation.util.PropertyUtil] clear system property ignored:file.encoding
[main] 13:46:33,953 DEBUG [com.qmetry.qaf.automation.util.PropertyUtil] clear system property ignored:file.separator
[main] 13:46:33,953 DEBUG [com.qmetry.qaf.automation.util.PropertyUtil] clear system property ignored:user.country
[main] 13:46:33,954 DEBUG [com.qmetry.qaf.automation.util.PropertyUtil] clear system property ignored:user.script
[main] 13:46:33,954 DEBUG [com.qmetry.qaf.automation.util.PropertyUtil] clear system property ignored:user.dir
[main] 13:46:33,954 DEBUG [com.qmetry.qaf.automation.util.PropertyUtil] clear system property ignored:user.variant
[main] 13:46:33,954 DEBUG [com.qmetry.qaf.automation.util.PropertyUtil] clear system property ignored:user.home
[main] 13:46:33,954 DEBUG [com.qmetry.qaf.automation.util.PropertyUtil] clear system property ignored:user.timezone
[main] 13:46:33,954 DEBUG [com.qmetry.qaf.automation.util.PropertyUtil] clear system property ignored:user.name
[main] 13:46:33,954 DEBUG [com.qmetry.qaf.automation.util.PropertyUtil] clear system property ignored:user.language
[main] 13:46:33,955 DEBUG [com.qmetry.qaf.automation.util.PropertyUtil] clear system property ignored:selenium.screenshots.relative.path
[main] 13:46:33,955 DEBUG [com.qmetry.qaf.automation.util.PropertyUtil] clear system property ignored:selenium.screenshots.dir
[main] 13:46:33,955 DEBUG [com.qmetry.qaf.automation.util.PropertyUtil] clear system property ignored:os.arch
[main] 13:46:33,955 DEBUG [com.qmetry.qaf.automation.util.PropertyUtil] clear system property ignored:os.name
[main] 13:46:33,956 DEBUG [com.qmetry.qaf.automation.util.PropertyUtil] clear system property ignored:os.version
[main] 13:46:33,956 DEBUG [com.qmetry.qaf.automation.util.PropertyUtil] clear system property ignored:line.separator
[main] 13:46:33,956 DEBUG [com.qmetry.qaf.automation.util.PropertyUtil] clear system property ignored:log4j.configuration
[main] 13:46:33,959 DEBUG [com.qmetry.qaf.automation.util.PropertyUtil] clear system property ignored:org.uncommons.reportng.xml-dialect
[main] 13:46:33,959 DEBUG [com.qmetry.qaf.automation.util.PropertyUtil] clear system property ignored:org.uncommons.reportng.escape-output
[main] 13:46:33,959 DEBUG [com.qmetry.qaf.automation.util.PropertyUtil] clear system property ignored:json.report.dir
[main] 13:46:33,959 DEBUG [com.qmetry.qaf.automation.util.PropertyUtil] clear system property ignored:json.report.root.dir
[main] 13:46:33,960 DEBUG [com.qmetry.qaf.automation.util.PropertyUtil] clear system property ignored:test.results.dir
[main] 13:46:33,960 DEBUG [com.qmetry.qaf.automation.util.PropertyUtil] clear system property ignored:awt.toolkit
[main] 13:46:33,960 DEBUG [com.qmetry.qaf.automation.util.PropertyUtil] clear system property ignored:outputDir
[main] 13:46:33,964 INFO  [com.qmetry.qaf.automation.core.ConfigurationManager] Resource dir: C:\Users\vaidh\eclipse-workspace\foodautomationadv\resources. Found property files to load: 0
[main] 13:46:33,967 DEBUG [com.qmetry.qaf.automation.util.PropertyUtil] clear system property ignored:file.encoding.pkg
[main] 13:46:33,967 DEBUG [com.qmetry.qaf.automation.util.PropertyUtil] clear system property ignored:file.encoding
[main] 13:46:33,967 DEBUG [com.qmetry.qaf.automation.util.PropertyUtil] clear system property ignored:file.separator
[main] 13:46:33,967 DEBUG [com.qmetry.qaf.automation.util.PropertyUtil] clear system property ignored:user.country
[main] 13:46:33,967 DEBUG [com.qmetry.qaf.automation.util.PropertyUtil] clear system property ignored:user.script
[main] 13:46:33,967 DEBUG [com.qmetry.qaf.automation.util.PropertyUtil] clear system property ignored:user.dir
[main] 13:46:33,967 DEBUG [com.qmetry.qaf.automation.util.PropertyUtil] clear system property ignored:user.variant
[main] 13:46:33,967 DEBUG [com.qmetry.qaf.automation.util.PropertyUtil] clear system property ignored:user.home
[main] 13:46:33,967 DEBUG [com.qmetry.qaf.automation.util.PropertyUtil] clear system property ignored:user.timezone
[main] 13:46:33,968 DEBUG [com.qmetry.qaf.automation.util.PropertyUtil] clear system property ignored:user.name
[main] 13:46:33,968 DEBUG [com.qmetry.qaf.automation.util.PropertyUtil] clear system property ignored:user.language
[main] 13:46:33,968 DEBUG [com.qmetry.qaf.automation.util.PropertyUtil] clear system property ignored:selenium.screenshots.relative.path
[main] 13:46:33,968 DEBUG [com.qmetry.qaf.automation.util.PropertyUtil] clear system property ignored:selenium.screenshots.dir
[main] 13:46:33,968 DEBUG [com.qmetry.qaf.automation.util.PropertyUtil] clear system property ignored:os.arch
[main] 13:46:33,968 DEBUG [com.qmetry.qaf.automation.util.PropertyUtil] clear system property ignored:os.name
[main] 13:46:33,968 DEBUG [com.qmetry.qaf.automation.util.PropertyUtil] clear system property ignored:os.version
[main] 13:46:33,968 DEBUG [com.qmetry.qaf.automation.util.PropertyUtil] clear system property ignored:line.separator
[main] 13:46:33,968 DEBUG [com.qmetry.qaf.automation.util.PropertyUtil] clear system property ignored:log4j.configuration
[main] 13:46:33,968 DEBUG [com.qmetry.qaf.automation.util.PropertyUtil] clear system property ignored:org.uncommons.reportng.xml-dialect
[main] 13:46:33,968 DEBUG [com.qmetry.qaf.automation.util.PropertyUtil] clear system property ignored:org.uncommons.reportng.escape-output
[main] 13:46:33,969 DEBUG [com.qmetry.qaf.automation.util.PropertyUtil] clear system property ignored:json.report.dir
[main] 13:46:33,969 DEBUG [com.qmetry.qaf.automation.util.PropertyUtil] clear system property ignored:json.report.root.dir
[main] 13:46:33,969 DEBUG [com.qmetry.qaf.automation.util.PropertyUtil] clear system property ignored:test.results.dir
[main] 13:46:33,969 DEBUG [com.qmetry.qaf.automation.util.PropertyUtil] clear system property ignored:awt.toolkit
[main] 13:46:33,969 DEBUG [com.qmetry.qaf.automation.util.PropertyUtil] clear system property ignored:outputDir
[main] 13:46:34,118 DEBUG [com.qmetry.qaf.automation.testng.pro.QAFInvokedMethodListener2] beforeInvocation: setupSuit
[main] 13:46:34,122 DEBUG [com.qmetry.qaf.automation.testng.pro.QAFInvokedMethodListener2] afterInvocation: setupSuit - com.qmetry.qaf.automation.testng is test:false
[main] 13:46:34,122 DEBUG [com.qmetry.qaf.automation.testng.pro.QAFInvokedMethodListener2] afterInvocation: Done
[main] 13:46:34,124 DEBUG [com.qmetry.qaf.automation.testng.pro.QAFInvokedMethodListener2] beforeInvocation: setupTest
[main] 13:46:34,125 DEBUG [com.qmetry.qaf.automation.testng.pro.QAFInvokedMethodListener2] afterInvocation: setupTest - com.qmetry.qaf.automation.testng is test:false
[main] 13:46:34,126 DEBUG [com.qmetry.qaf.automation.testng.pro.QAFInvokedMethodListener2] afterInvocation: Done
[main] 13:46:34,127 DEBUG [com.qmetry.qaf.automation.testng.pro.QAFMethodInterceptor] Method Order interceptor called
[main] 13:46:34,130 DEBUG [com.qmetry.qaf.automation.testng.pro.QAFInvokedMethodListener2] beforeInvocation: setup
[main] 13:46:34,131 DEBUG [com.qmetry.qaf.automation.testng.pro.QAFInvokedMethodListener2] afterInvocation: setup - com.qmetry.qaf.automation.testng is test:false
[main] 13:46:34,131 DEBUG [com.qmetry.qaf.automation.testng.pro.QAFInvokedMethodListener2] afterInvocation: Done
[main] 13:46:34,139 DEBUG [com.qmetry.qaf.automation.testng.pro.QAFInvokedMethodListener2] beforeInvocation: setupMethod
[main] 13:46:34,139 DEBUG [com.qmetry.qaf.automation.testng.pro.QAFInvokedMethodListener2] afterInvocation: setupMethod - com.qmetry.qaf.automation.testng is test:false
[main] 13:46:34,139 DEBUG [com.qmetry.qaf.automation.testng.pro.QAFInvokedMethodListener2] afterInvocation: Done
[main] 13:46:34,143 DEBUG [com.qmetry.qaf.automation.testng.pro.QAFResultListener] onTestStart: start
[main] 13:46:34,143 DEBUG [com.qmetry.qaf.automation.testng.pro.QAFInvokedMethodListener2] beforeInvocation: validatePost
[main] 13:46:34,408 INFO  [com.qmetry.qaf.automation.ws.rest.RequestLogger] 1 * Client out-bound request
1 >> POST https://jsonplaceholder.typicode.com/posts
1 >> Content-type: application/json; charset=UTF-8
1 >> {"title":"QMETRYTester","body":"QmetryExample","userId":"1001"}
[main] 13:46:34,490 INFO  [com.qmetry.qaf.automation.ws.rest.RequestLogger] 1 * Sent: delta: 63 bytes: 63

[main] 13:47:34,365 INFO  [com.qmetry.qaf.automation.ws.rest.RequestLogger] 1 * Receive Start: -1

[main] 13:47:34,367 INFO  [com.qmetry.qaf.automation.ws.rest.RequestLogger] 1 * Received: delta: 28 bytes: 28

[main] 13:47:34,368 INFO  [com.qmetry.qaf.automation.ws.rest.RequestLogger] 1 * Received: delta: 144 bytes: 172

[main] 13:47:34,372 INFO  [com.qmetry.qaf.automation.ws.rest.RequestLogger] Finished
[main] 13:47:34,373 INFO  [com.qmetry.qaf.automation.ws.rest.RequestLogger] 1 * Finished

[main] 13:47:34,373 INFO  [com.qmetry.qaf.automation.ws.rest.RequestLogger] 1 * Client in-bound response
1 << 520
1 << Transfer-Encoding: chunked
1 << CF-RAY: 59503049ef749641-SJC
1 << Server: cloudflare
1 << Cache-Control: no-store, no-cache
1 << Connection: keep-alive
1 << Set-Cookie: __cfduid=d6e233022913d1f2e99e267f7c76ee1af1589748394; expires=Tue, 16-Jun-20 20:46:34 GMT; path=/; domain=.typicode.com; HttpOnly; SameSite=Lax
1 << Date: Sun, 17 May 2020 20:47:34 GMT
1 << cf-request-id: 02c5fc822f0000964190a72200000001
1 << Expect-CT: max-age=604800, report-uri="https://report-uri.cloudflare.com/cdn-cgi/beacon/expect-ct"
1 << Content-Type: text/html
1 << 
<html>
<head><title>520 Origin Error</title></head>
<body bgcolor="white">
<center><h1>520 Origin Error</h1></center>
<hr><center>cloudflare-nginx</center>
</body>
</html>


[main] 13:47:34,375 DEBUG [com.qmetry.qaf.automation.testng.pro.QAFInvokedMethodListener2] afterInvocation: validatePost - com.qmetry.qaf.example.test is test:true
[main] 13:47:34,376 ERROR [com.qmetry.qaf.automation.testng.pro.QAFInvokedMethodListener2] com.sun.jersey.api.client.UniformInterfaceException: POST https://jsonplaceholder.typicode.com/posts returned a response status of 520 null
[main] 13:47:34,378 DEBUG [com.qmetry.qaf.automation.testng.pro.QAFInvokedMethodListener2] afterInvocation: Done
[main] 13:47:34,406 DEBUG [com.qmetry.qaf.automation.testng.report.ReporterUtil] method:  result: fail groups: {description=Validate Post, groups=[Ljava.lang.String;@11d8ae8b, name=validatePost, resultFileName=ValidatePost, sign=WebServiceTesting.validatePost()[pri:0, instance:com.qmetry.qaf.example.test.WebServiceTesting@3754a4bf]}
[main] 13:47:34,413 DEBUG [com.qmetry.qaf.automation.testng.pro.QAFInvokedMethodListener2] beforeInvocation: setupMethod
[main] 13:47:34,414 DEBUG [com.qmetry.qaf.automation.testng.pro.QAFInvokedMethodListener2] afterInvocation: setupMethod - com.qmetry.qaf.automation.testng is test:false
[main] 13:47:34,414 DEBUG [com.qmetry.qaf.automation.testng.pro.QAFInvokedMethodListener2] afterInvocation: Done
[main] 13:47:34,415 DEBUG [com.qmetry.qaf.automation.testng.pro.QAFResultListener] onTestStart: start
[main] 13:47:34,415 DEBUG [com.qmetry.qaf.automation.testng.pro.QAFInvokedMethodListener2] beforeInvocation: validateJsonPath
[main] 13:47:34,416 INFO  [com.qmetry.qaf.automation.ws.rest.RequestLogger] 2 * Client out-bound request
2 >> GET https://jsonplaceholder.typicode.com/todos/1
2 >> accept: text/html,application/xhtml+xml,application/xml;q=0.9,image/webp,image/apng,*/*;q=0.8,application/signed-exchange;v=b3;q=0.9

[main] 13:47:34,440 INFO  [com.qmetry.qaf.automation.ws.rest.RequestLogger] 2 * Receive Start: 83

[main] 13:47:34,441 INFO  [com.qmetry.qaf.automation.ws.rest.RequestLogger] 2 * Received: delta: 83 bytes: 83

[main] 13:47:34,441 INFO  [com.qmetry.qaf.automation.ws.rest.RequestLogger] Finished
[main] 13:47:34,442 INFO  [com.qmetry.qaf.automation.ws.rest.RequestLogger] 2 * Finished

[main] 13:47:34,442 INFO  [com.qmetry.qaf.automation.ws.rest.RequestLogger] 2 * Client in-bound response
2 << 200
2 << CF-RAY: 595031c07a6f9641-SJC
2 << Server: cloudflare
2 << X-Content-Type-Options: nosniff
2 << Connection: keep-alive
2 << Pragma: no-cache
2 << Date: Sun, 17 May 2020 20:47:34 GMT
2 << Via: 1.1 vegur
2 << Accept-Ranges: bytes
2 << CF-Cache-Status: HIT
2 << Etag: W/"53-hfEnumeNh6YirfjyjaujcOPPT+s"
2 << Cache-Control: max-age=14400
2 << Access-Control-Allow-Credentials: true
2 << Vary: Origin, Accept-Encoding
2 << Set-Cookie: __cfduid=de06aea2028924ebd5d2597b0af0e136f1589748454; expires=Tue, 16-Jun-20 20:47:34 GMT; path=/; domain=.typicode.com; HttpOnly; SameSite=Lax
2 << Expires: -1
2 << Content-Length: 83
2 << Age: 3915
2 << cf-request-id: 02c5fd6c470000964190bdf200000001
2 << Expect-CT: max-age=604800, report-uri="https://report-uri.cloudflare.com/cdn-cgi/beacon/expect-ct"
2 << X-Powered-By: Express
2 << Content-Type: application/json; charset=utf-8
2 << 
{
  "userId": 1,
  "id": 1,
  "title": "delectus aut autem",
  "completed": false
}

[main] 13:47:34,602 DEBUG [com.qmetry.qaf.automation.testng.pro.QAFInvokedMethodListener2] afterInvocation: validateJsonPath - com.qmetry.qaf.example.test is test:true
[main] 13:47:34,602 DEBUG [com.qmetry.qaf.automation.testng.pro.QAFInvokedMethodListener2] afterInvocation: Done
[main] 13:47:34,630 DEBUG [com.qmetry.qaf.automation.testng.report.ReporterUtil] method:  result: pass groups: {description=Validate Json Path, groups=[Ljava.lang.String;@1b7c473a, name=validateJsonPath, resultFileName=ValidateJsonPath, sign=WebServiceTesting.validateJsonPath()[pri:0, instance:com.qmetry.qaf.example.test.WebServiceTesting@3754a4bf]}
[main] 13:47:34,638 DEBUG [com.qmetry.qaf.automation.testng.pro.QAFInvokedMethodListener2] beforeInvocation: setupMethod
[main] 13:47:34,639 DEBUG [com.qmetry.qaf.automation.testng.pro.QAFInvokedMethodListener2] afterInvocation: setupMethod - com.qmetry.qaf.automation.testng is test:false
[main] 13:47:34,639 DEBUG [com.qmetry.qaf.automation.testng.pro.QAFInvokedMethodListener2] afterInvocation: Done
[main] 13:47:34,642 DEBUG [com.qmetry.qaf.automation.testng.pro.QAFResultListener] onTestStart: start
[main] 13:47:34,643 DEBUG [com.qmetry.qaf.automation.testng.pro.QAFInvokedMethodListener2] beforeInvocation: getCallTest
[main] 13:47:34,644 INFO  [com.qmetry.qaf.automation.ws.rest.RequestLogger] 3 * Client out-bound request
3 >> GET https://jsonplaceholder.typicode.com/todos/1
3 >> accept: text/html,application/xhtml+xml,application/xml;q=0.9,image/webp,image/apng,*/*;q=0.8,application/signed-exchange;v=b3;q=0.9

[main] 13:47:34,668 INFO  [com.qmetry.qaf.automation.ws.rest.RequestLogger] 3 * Receive Start: 83

[main] 13:47:34,669 INFO  [com.qmetry.qaf.automation.ws.rest.RequestLogger] 3 * Received: delta: 83 bytes: 83

[main] 13:47:34,669 INFO  [com.qmetry.qaf.automation.ws.rest.RequestLogger] Finished
[main] 13:47:34,670 INFO  [com.qmetry.qaf.automation.ws.rest.RequestLogger] 3 * Finished

[main] 13:47:34,670 INFO  [com.qmetry.qaf.automation.ws.rest.RequestLogger] 3 * Client in-bound response
3 << 200
3 << CF-RAY: 595031c1db3d9641-SJC
3 << Server: cloudflare
3 << X-Content-Type-Options: nosniff
3 << Connection: keep-alive
3 << Pragma: no-cache
3 << Date: Sun, 17 May 2020 20:47:34 GMT
3 << Via: 1.1 vegur
3 << Accept-Ranges: bytes
3 << CF-Cache-Status: HIT
3 << Etag: W/"53-hfEnumeNh6YirfjyjaujcOPPT+s"
3 << Cache-Control: max-age=14400
3 << Access-Control-Allow-Credentials: true
3 << Vary: Origin, Accept-Encoding
3 << Set-Cookie: __cfduid=de06aea2028924ebd5d2597b0af0e136f1589748454; expires=Tue, 16-Jun-20 20:47:34 GMT; path=/; domain=.typicode.com; HttpOnly; SameSite=Lax
3 << Expires: -1
3 << Content-Length: 83
3 << Age: 3915
3 << cf-request-id: 02c5fd6d280000964190be8200000001
3 << Expect-CT: max-age=604800, report-uri="https://report-uri.cloudflare.com/cdn-cgi/beacon/expect-ct"
3 << X-Powered-By: Express
3 << Content-Type: application/json; charset=utf-8
3 << 
{
  "userId": 1,
  "id": 1,
  "title": "delectus aut autem",
  "completed": false
}

[main] 13:47:34,672 DEBUG [com.qmetry.qaf.automation.testng.pro.QAFInvokedMethodListener2] afterInvocation: getCallTest - com.qmetry.qaf.example.test is test:true
[main] 13:47:34,672 DEBUG [com.qmetry.qaf.automation.testng.pro.QAFInvokedMethodListener2] afterInvocation: Done
[main] 13:47:34,693 DEBUG [com.qmetry.qaf.automation.testng.report.ReporterUtil] method:  result: pass groups: {description=Validate Get Result, groups=[Ljava.lang.String;@7ca20101, name=getCallTest, resultFileName=GetCallTest, sign=WebServiceTesting.getCallTest()[pri:0, instance:com.qmetry.qaf.example.test.WebServiceTesting@3754a4bf]}
[main] 13:47:34,730 DEBUG [com.qmetry.qaf.automation.testng.pro.QAFResultListener] onfinish testcntext: start
[main] 13:47:34,744 DEBUG [com.qmetry.qaf.automation.testng.pro.QAFInvokedMethodListener2] beforeInvocation: afterSuit
[main] 13:47:34,745 DEBUG [com.qmetry.qaf.automation.testng.pro.QAFInvokedMethodListener2] afterInvocation: afterSuit - com.qmetry.qaf.automation.testng is test:false
[main] 13:47:34,745 DEBUG [com.qmetry.qaf.automation.testng.pro.QAFInvokedMethodListener2] afterInvocation: Done
[main] 13:47:34,745 DEBUG [com.qmetry.qaf.automation.testng.pro.QAFSuiteListener] onFinish: start
[main] 13:47:34,761 DEBUG [com.qmetry.qaf.automation.testng.pro.QAFSuiteListener] onFinish: done
[main] 13:48:27,886 DEBUG [com.qmetry.qaf.automation.testng.pro.QAFAnnotationTransformer2] QAFTestNGListener registered!...
[main] 13:48:27,891 DEBUG [com.qmetry.qaf.automation.testng.pro.QAFInvokedMethodListener2] QAFTestNGListener registered!...
[main] 13:48:27,892 DEBUG [com.qmetry.qaf.automation.testng.pro.QAFMethodInterceptor] QAFTestNGListener registered!...
[main] 13:48:27,892 DEBUG [com.qmetry.qaf.automation.testng.pro.QAFResultListener] QAFTestNGListener registered!...
[main] 13:48:27,893 DEBUG [com.qmetry.qaf.automation.testng.pro.QAFSuiteListener] QAFTestNGListener registered!...
[main] 13:48:28,054 INFO  [com.qmetry.qaf.automation.core.ConfigurationManager] ISFW build info: {qaf-Type=core, qaf-Revision=14, qaf-Version=2.1, qaf-Build-Time=01-Jan-2019 19:18:14}
[main] 13:48:28,066 INFO  [com.qmetry.qaf.automation.core.ConfigurationManager] Resource dir: C:\Users\vaidh\eclipse-workspace\foodautomationadv\resources. Found property files to load: 8
[main] 13:48:28,089 DEBUG [com.qmetry.qaf.automation.util.PropertyUtil] clear system property ignored:file.encoding.pkg
[main] 13:48:28,089 DEBUG [com.qmetry.qaf.automation.util.PropertyUtil] clear system property ignored:file.encoding
[main] 13:48:28,090 DEBUG [com.qmetry.qaf.automation.util.PropertyUtil] clear system property ignored:file.separator
[main] 13:48:28,090 DEBUG [com.qmetry.qaf.automation.util.PropertyUtil] clear system property ignored:user.country
[main] 13:48:28,090 DEBUG [com.qmetry.qaf.automation.util.PropertyUtil] clear system property ignored:user.script
[main] 13:48:28,090 DEBUG [com.qmetry.qaf.automation.util.PropertyUtil] clear system property ignored:user.dir
[main] 13:48:28,090 DEBUG [com.qmetry.qaf.automation.util.PropertyUtil] clear system property ignored:user.variant
[main] 13:48:28,090 DEBUG [com.qmetry.qaf.automation.util.PropertyUtil] clear system property ignored:user.home
[main] 13:48:28,090 DEBUG [com.qmetry.qaf.automation.util.PropertyUtil] clear system property ignored:user.timezone
[main] 13:48:28,090 DEBUG [com.qmetry.qaf.automation.util.PropertyUtil] clear system property ignored:user.name
[main] 13:48:28,090 DEBUG [com.qmetry.qaf.automation.util.PropertyUtil] clear system property ignored:user.language
[main] 13:48:28,091 DEBUG [com.qmetry.qaf.automation.util.PropertyUtil] clear system property ignored:selenium.screenshots.relative.path
[main] 13:48:28,091 DEBUG [com.qmetry.qaf.automation.util.PropertyUtil] clear system property ignored:selenium.screenshots.dir
[main] 13:48:28,091 DEBUG [com.qmetry.qaf.automation.util.PropertyUtil] clear system property ignored:os.arch
[main] 13:48:28,091 DEBUG [com.qmetry.qaf.automation.util.PropertyUtil] clear system property ignored:os.name
[main] 13:48:28,091 DEBUG [com.qmetry.qaf.automation.util.PropertyUtil] clear system property ignored:os.version
[main] 13:48:28,091 DEBUG [com.qmetry.qaf.automation.util.PropertyUtil] clear system property ignored:line.separator
[main] 13:48:28,091 DEBUG [com.qmetry.qaf.automation.util.PropertyUtil] clear system property ignored:log4j.configuration
[main] 13:48:28,093 DEBUG [com.qmetry.qaf.automation.util.PropertyUtil] clear system property ignored:org.uncommons.reportng.xml-dialect
[main] 13:48:28,093 DEBUG [com.qmetry.qaf.automation.util.PropertyUtil] clear system property ignored:org.uncommons.reportng.escape-output
[main] 13:48:28,094 DEBUG [com.qmetry.qaf.automation.util.PropertyUtil] clear system property ignored:json.report.dir
[main] 13:48:28,094 DEBUG [com.qmetry.qaf.automation.util.PropertyUtil] clear system property ignored:json.report.root.dir
[main] 13:48:28,094 DEBUG [com.qmetry.qaf.automation.util.PropertyUtil] clear system property ignored:test.results.dir
[main] 13:48:28,094 DEBUG [com.qmetry.qaf.automation.util.PropertyUtil] clear system property ignored:awt.toolkit
[main] 13:48:28,094 DEBUG [com.qmetry.qaf.automation.util.PropertyUtil] clear system property ignored:outputDir
[main] 13:48:28,099 INFO  [com.qmetry.qaf.automation.core.ConfigurationManager] Resource dir: C:\Users\vaidh\eclipse-workspace\foodautomationadv\resources. Found property files to load: 0
[main] 13:48:28,101 DEBUG [com.qmetry.qaf.automation.util.PropertyUtil] clear system property ignored:file.encoding.pkg
[main] 13:48:28,101 DEBUG [com.qmetry.qaf.automation.util.PropertyUtil] clear system property ignored:file.encoding
[main] 13:48:28,101 DEBUG [com.qmetry.qaf.automation.util.PropertyUtil] clear system property ignored:file.separator
[main] 13:48:28,101 DEBUG [com.qmetry.qaf.automation.util.PropertyUtil] clear system property ignored:user.country
[main] 13:48:28,101 DEBUG [com.qmetry.qaf.automation.util.PropertyUtil] clear system property ignored:user.script
[main] 13:48:28,102 DEBUG [com.qmetry.qaf.automation.util.PropertyUtil] clear system property ignored:user.dir
[main] 13:48:28,102 DEBUG [com.qmetry.qaf.automation.util.PropertyUtil] clear system property ignored:user.variant
[main] 13:48:28,102 DEBUG [com.qmetry.qaf.automation.util.PropertyUtil] clear system property ignored:user.home
[main] 13:48:28,102 DEBUG [com.qmetry.qaf.automation.util.PropertyUtil] clear system property ignored:user.timezone
[main] 13:48:28,102 DEBUG [com.qmetry.qaf.automation.util.PropertyUtil] clear system property ignored:user.name
[main] 13:48:28,102 DEBUG [com.qmetry.qaf.automation.util.PropertyUtil] clear system property ignored:user.language
[main] 13:48:28,102 DEBUG [com.qmetry.qaf.automation.util.PropertyUtil] clear system property ignored:selenium.screenshots.relative.path
[main] 13:48:28,102 DEBUG [com.qmetry.qaf.automation.util.PropertyUtil] clear system property ignored:selenium.screenshots.dir
[main] 13:48:28,103 DEBUG [com.qmetry.qaf.automation.util.PropertyUtil] clear system property ignored:os.arch
[main] 13:48:28,103 DEBUG [com.qmetry.qaf.automation.util.PropertyUtil] clear system property ignored:os.name
[main] 13:48:28,103 DEBUG [com.qmetry.qaf.automation.util.PropertyUtil] clear system property ignored:os.version
[main] 13:48:28,103 DEBUG [com.qmetry.qaf.automation.util.PropertyUtil] clear system property ignored:line.separator
[main] 13:48:28,103 DEBUG [com.qmetry.qaf.automation.util.PropertyUtil] clear system property ignored:log4j.configuration
[main] 13:48:28,103 DEBUG [com.qmetry.qaf.automation.util.PropertyUtil] clear system property ignored:org.uncommons.reportng.xml-dialect
[main] 13:48:28,103 DEBUG [com.qmetry.qaf.automation.util.PropertyUtil] clear system property ignored:org.uncommons.reportng.escape-output
[main] 13:48:28,103 DEBUG [com.qmetry.qaf.automation.util.PropertyUtil] clear system property ignored:json.report.dir
[main] 13:48:28,103 DEBUG [com.qmetry.qaf.automation.util.PropertyUtil] clear system property ignored:json.report.root.dir
[main] 13:48:28,103 DEBUG [com.qmetry.qaf.automation.util.PropertyUtil] clear system property ignored:test.results.dir
[main] 13:48:28,103 DEBUG [com.qmetry.qaf.automation.util.PropertyUtil] clear system property ignored:awt.toolkit
[main] 13:48:28,103 DEBUG [com.qmetry.qaf.automation.util.PropertyUtil] clear system property ignored:outputDir
[main] 13:48:28,264 DEBUG [com.qmetry.qaf.automation.testng.pro.QAFInvokedMethodListener2] beforeInvocation: setupSuit
[main] 13:48:28,268 DEBUG [com.qmetry.qaf.automation.testng.pro.QAFInvokedMethodListener2] afterInvocation: setupSuit - com.qmetry.qaf.automation.testng is test:false
[main] 13:48:28,268 DEBUG [com.qmetry.qaf.automation.testng.pro.QAFInvokedMethodListener2] afterInvocation: Done
[main] 13:48:28,271 DEBUG [com.qmetry.qaf.automation.testng.pro.QAFInvokedMethodListener2] beforeInvocation: setupTest
[main] 13:48:28,273 DEBUG [com.qmetry.qaf.automation.testng.pro.QAFInvokedMethodListener2] afterInvocation: setupTest - com.qmetry.qaf.automation.testng is test:false
[main] 13:48:28,278 DEBUG [com.qmetry.qaf.automation.testng.pro.QAFInvokedMethodListener2] afterInvocation: Done
[main] 13:48:28,279 DEBUG [com.qmetry.qaf.automation.testng.pro.QAFMethodInterceptor] Method Order interceptor called
[main] 13:48:28,284 DEBUG [com.qmetry.qaf.automation.testng.pro.QAFInvokedMethodListener2] beforeInvocation: setup
[main] 13:48:28,285 DEBUG [com.qmetry.qaf.automation.testng.pro.QAFInvokedMethodListener2] afterInvocation: setup - com.qmetry.qaf.automation.testng is test:false
[main] 13:48:28,285 DEBUG [com.qmetry.qaf.automation.testng.pro.QAFInvokedMethodListener2] afterInvocation: Done
[main] 13:48:28,297 DEBUG [com.qmetry.qaf.automation.testng.pro.QAFInvokedMethodListener2] beforeInvocation: setupMethod
[main] 13:48:28,298 DEBUG [com.qmetry.qaf.automation.testng.pro.QAFInvokedMethodListener2] afterInvocation: setupMethod - com.qmetry.qaf.automation.testng is test:false
[main] 13:48:28,298 DEBUG [com.qmetry.qaf.automation.testng.pro.QAFInvokedMethodListener2] afterInvocation: Done
[main] 13:48:28,303 DEBUG [com.qmetry.qaf.automation.testng.pro.QAFResultListener] onTestStart: start
[main] 13:48:28,303 DEBUG [com.qmetry.qaf.automation.testng.pro.QAFInvokedMethodListener2] beforeInvocation: validatePost
[main] 13:48:28,573 INFO  [com.qmetry.qaf.automation.ws.rest.RequestLogger] 1 * Client out-bound request
1 >> POST https://jsonplaceholder.typicode.com/posts
1 >> Content-type: application/json; charset=UTF-8
1 >> {"title":"QMETRYTester","body":"QmetryExample","userId":"1001"}
[main] 13:48:29,208 INFO  [com.qmetry.qaf.automation.ws.rest.RequestLogger] 1 * Sent: delta: 63 bytes: 63

[main] 13:49:29,025 INFO  [com.qmetry.qaf.automation.ws.rest.RequestLogger] 1 * Receive Start: -1

[main] 13:49:29,027 INFO  [com.qmetry.qaf.automation.ws.rest.RequestLogger] 1 * Received: delta: 28 bytes: 28

[main] 13:49:29,027 INFO  [com.qmetry.qaf.automation.ws.rest.RequestLogger] 1 * Received: delta: 144 bytes: 172

[main] 13:49:29,034 INFO  [com.qmetry.qaf.automation.ws.rest.RequestLogger] Finished
[main] 13:49:29,035 INFO  [com.qmetry.qaf.automation.ws.rest.RequestLogger] 1 * Finished

[main] 13:49:29,035 INFO  [com.qmetry.qaf.automation.ws.rest.RequestLogger] 1 * Client in-bound response
1 << 520
1 << Transfer-Encoding: chunked
1 << CF-RAY: 59503316ebd1ed4f-SJC
1 << Server: cloudflare
1 << Cache-Control: no-store, no-cache
1 << Connection: keep-alive
1 << Set-Cookie: __cfduid=de59be4dd36aad76661f2a3eb961041df1589748509; expires=Tue, 16-Jun-20 20:48:29 GMT; path=/; domain=.typicode.com; HttpOnly; SameSite=Lax
1 << Date: Sun, 17 May 2020 20:49:29 GMT
1 << cf-request-id: 02c5fe42500000ed4f71a05200000001
1 << Expect-CT: max-age=604800, report-uri="https://report-uri.cloudflare.com/cdn-cgi/beacon/expect-ct"
1 << Content-Type: text/html
1 << 
<html>
<head><title>520 Origin Error</title></head>
<body bgcolor="white">
<center><h1>520 Origin Error</h1></center>
<hr><center>cloudflare-nginx</center>
</body>
</html>


[main] 13:49:29,038 DEBUG [com.qmetry.qaf.automation.testng.pro.QAFInvokedMethodListener2] afterInvocation: validatePost - com.qmetry.qaf.example.test is test:true
[main] 13:49:29,038 ERROR [com.qmetry.qaf.automation.testng.pro.QAFInvokedMethodListener2] com.sun.jersey.api.client.UniformInterfaceException: POST https://jsonplaceholder.typicode.com/posts returned a response status of 520 null
[main] 13:49:29,041 DEBUG [com.qmetry.qaf.automation.testng.pro.QAFInvokedMethodListener2] afterInvocation: Done
[main] 13:49:29,070 DEBUG [com.qmetry.qaf.automation.testng.report.ReporterUtil] method:  result: fail groups: {description=Validate Post, groups=[Ljava.lang.String;@20d7d6fb, name=validatePost, resultFileName=ValidatePost, sign=WebServiceTesting.validatePost()[pri:0, instance:com.qmetry.qaf.example.test.WebServiceTesting@1ee807c6]}
[main] 13:49:29,076 DEBUG [com.qmetry.qaf.automation.testng.pro.QAFInvokedMethodListener2] beforeInvocation: setupMethod
[main] 13:49:29,076 DEBUG [com.qmetry.qaf.automation.testng.pro.QAFInvokedMethodListener2] afterInvocation: setupMethod - com.qmetry.qaf.automation.testng is test:false
[main] 13:49:29,076 DEBUG [com.qmetry.qaf.automation.testng.pro.QAFInvokedMethodListener2] afterInvocation: Done
[main] 13:49:29,079 DEBUG [com.qmetry.qaf.automation.testng.pro.QAFResultListener] onTestStart: start
[main] 13:49:29,079 DEBUG [com.qmetry.qaf.automation.testng.pro.QAFInvokedMethodListener2] beforeInvocation: validateJsonPath
[main] 13:49:29,080 INFO  [com.qmetry.qaf.automation.ws.rest.RequestLogger] 2 * Client out-bound request
2 >> GET https://jsonplaceholder.typicode.com/todos/1
2 >> accept: text/html,application/xhtml+xml,application/xml;q=0.9,image/webp,image/apng,*/*;q=0.8,application/signed-exchange;v=b3;q=0.9

[main] 13:49:29,108 INFO  [com.qmetry.qaf.automation.ws.rest.RequestLogger] 2 * Receive Start: 83

[main] 13:49:29,108 INFO  [com.qmetry.qaf.automation.ws.rest.RequestLogger] 2 * Received: delta: 83 bytes: 83

[main] 13:49:29,109 INFO  [com.qmetry.qaf.automation.ws.rest.RequestLogger] Finished
[main] 13:49:29,109 INFO  [com.qmetry.qaf.automation.ws.rest.RequestLogger] 2 * Finished

[main] 13:49:29,109 INFO  [com.qmetry.qaf.automation.ws.rest.RequestLogger] 2 * Client in-bound response
2 << 200
2 << CF-RAY: 5950348d1a17ed4f-SJC
2 << Server: cloudflare
2 << X-Content-Type-Options: nosniff
2 << Connection: keep-alive
2 << Pragma: no-cache
2 << Date: Sun, 17 May 2020 20:49:29 GMT
2 << Via: 1.1 vegur
2 << Accept-Ranges: bytes
2 << CF-Cache-Status: HIT
2 << Etag: W/"53-hfEnumeNh6YirfjyjaujcOPPT+s"
2 << Cache-Control: max-age=14400
2 << Access-Control-Allow-Credentials: true
2 << Vary: Origin, Accept-Encoding
2 << Set-Cookie: __cfduid=d1bb7f630be9dbd5024afc7f1d8e4c39d1589748569; expires=Tue, 16-Jun-20 20:49:29 GMT; path=/; domain=.typicode.com; HttpOnly; SameSite=Lax
2 << Expires: -1
2 << Content-Length: 83
2 << Age: 4030
2 << cf-request-id: 02c5ff2c330000ed4f71ba4200000001
2 << Expect-CT: max-age=604800, report-uri="https://report-uri.cloudflare.com/cdn-cgi/beacon/expect-ct"
2 << X-Powered-By: Express
2 << Content-Type: application/json; charset=utf-8
2 << 
{
  "userId": 1,
  "id": 1,
  "title": "delectus aut autem",
  "completed": false
}

[main] 13:49:29,259 DEBUG [com.qmetry.qaf.automation.testng.pro.QAFInvokedMethodListener2] afterInvocation: validateJsonPath - com.qmetry.qaf.example.test is test:true
[main] 13:49:29,260 DEBUG [com.qmetry.qaf.automation.testng.pro.QAFInvokedMethodListener2] afterInvocation: Done
[main] 13:49:29,441 DEBUG [com.qmetry.qaf.automation.testng.report.ReporterUtil] method:  result: pass groups: {description=Validate Json Path, groups=[Ljava.lang.String;@4b6e2263, name=validateJsonPath, resultFileName=ValidateJsonPath, sign=WebServiceTesting.validateJsonPath()[pri:0, instance:com.qmetry.qaf.example.test.WebServiceTesting@1ee807c6]}
[main] 13:49:29,447 DEBUG [com.qmetry.qaf.automation.testng.pro.QAFInvokedMethodListener2] beforeInvocation: setupMethod
[main] 13:49:29,447 DEBUG [com.qmetry.qaf.automation.testng.pro.QAFInvokedMethodListener2] afterInvocation: setupMethod - com.qmetry.qaf.automation.testng is test:false
[main] 13:49:29,447 DEBUG [com.qmetry.qaf.automation.testng.pro.QAFInvokedMethodListener2] afterInvocation: Done
[main] 13:49:29,448 DEBUG [com.qmetry.qaf.automation.testng.pro.QAFResultListener] onTestStart: start
[main] 13:49:29,448 DEBUG [com.qmetry.qaf.automation.testng.pro.QAFInvokedMethodListener2] beforeInvocation: getCallTest
[main] 13:49:29,449 INFO  [com.qmetry.qaf.automation.ws.rest.RequestLogger] 3 * Client out-bound request
3 >> GET https://jsonplaceholder.typicode.com/todos/1
3 >> accept: text/html,application/xhtml+xml,application/xml;q=0.9,image/webp,image/apng,*/*;q=0.8,application/signed-exchange;v=b3;q=0.9

[main] 13:49:29,482 INFO  [com.qmetry.qaf.automation.ws.rest.RequestLogger] 3 * Receive Start: 83

[main] 13:49:29,483 INFO  [com.qmetry.qaf.automation.ws.rest.RequestLogger] 3 * Received: delta: 83 bytes: 83

[main] 13:49:29,483 INFO  [com.qmetry.qaf.automation.ws.rest.RequestLogger] Finished
[main] 13:49:29,483 INFO  [com.qmetry.qaf.automation.ws.rest.RequestLogger] 3 * Finished

[main] 13:49:29,483 INFO  [com.qmetry.qaf.automation.ws.rest.RequestLogger] 3 * Client in-bound response
3 << 200
3 << CF-RAY: 5950348f7e1ced4f-SJC
3 << Server: cloudflare
3 << X-Content-Type-Options: nosniff
3 << Connection: keep-alive
3 << Pragma: no-cache
3 << Date: Sun, 17 May 2020 20:49:29 GMT
3 << Via: 1.1 vegur
3 << Accept-Ranges: bytes
3 << CF-Cache-Status: HIT
3 << Etag: W/"53-hfEnumeNh6YirfjyjaujcOPPT+s"
3 << Cache-Control: max-age=14400
3 << Access-Control-Allow-Credentials: true
3 << Vary: Origin, Accept-Encoding
3 << Set-Cookie: __cfduid=d1bb7f630be9dbd5024afc7f1d8e4c39d1589748569; expires=Tue, 16-Jun-20 20:49:29 GMT; path=/; domain=.typicode.com; HttpOnly; SameSite=Lax
3 << Expires: -1
3 << Content-Length: 83
3 << Age: 4030
3 << cf-request-id: 02c5ff2dac0000ed4f71bb7200000001
3 << Expect-CT: max-age=604800, report-uri="https://report-uri.cloudflare.com/cdn-cgi/beacon/expect-ct"
3 << X-Powered-By: Express
3 << Content-Type: application/json; charset=utf-8
3 << 
{
  "userId": 1,
  "id": 1,
  "title": "delectus aut autem",
  "completed": false
}

[main] 13:49:29,484 DEBUG [com.qmetry.qaf.automation.testng.pro.QAFInvokedMethodListener2] afterInvocation: getCallTest - com.qmetry.qaf.example.test is test:true
[main] 13:49:29,484 DEBUG [com.qmetry.qaf.automation.testng.pro.QAFInvokedMethodListener2] afterInvocation: Done
[main] 13:49:29,500 DEBUG [com.qmetry.qaf.automation.testng.report.ReporterUtil] method:  result: pass groups: {description=Validate Get Result, groups=[Ljava.lang.String;@16ce702d, name=getCallTest, resultFileName=GetCallTest, sign=WebServiceTesting.getCallTest()[pri:0, instance:com.qmetry.qaf.example.test.WebServiceTesting@1ee807c6]}
[main] 13:49:29,524 DEBUG [com.qmetry.qaf.automation.testng.pro.QAFResultListener] onfinish testcntext: start
[main] 13:49:29,534 DEBUG [com.qmetry.qaf.automation.testng.pro.QAFInvokedMethodListener2] beforeInvocation: afterSuit
[main] 13:49:29,534 DEBUG [com.qmetry.qaf.automation.testng.pro.QAFInvokedMethodListener2] afterInvocation: afterSuit - com.qmetry.qaf.automation.testng is test:false
[main] 13:49:29,535 DEBUG [com.qmetry.qaf.automation.testng.pro.QAFInvokedMethodListener2] afterInvocation: Done
[main] 13:49:29,535 DEBUG [com.qmetry.qaf.automation.testng.pro.QAFSuiteListener] onFinish: start
[main] 13:49:29,548 DEBUG [com.qmetry.qaf.automation.testng.pro.QAFSuiteListener] onFinish: done
